{
    "artifact_root": "C:\\x_runner_x\\x_make_github_visitor_x\\x_make_github_visitor_x\\reports\\artifacts\\visitor_failures_20251213_145323",
    "failures": [
        {
            "captured_at": "2025-12-13T14:51:07.145564+00:00",
            "command": "c:\\x_runner_x\\.venv\\Scripts\\python.exe -m black . --line-length 88 --target-version py311 --check --diff",
            "detail": {
                "cached": false,
                "cmd": [
                    "c:\\x_runner_x\\.venv\\Scripts\\python.exe",
                    "-m",
                    "black",
                    ".",
                    "--line-length",
                    "88",
                    "--target-version",
                    "py311",
                    "--check",
                    "--diff"
                ],
                "cmd_display": "c:\\x_runner_x\\.venv\\Scripts\\python.exe -m black . --line-length 88 --target-version py311 --check --diff",
                "cwd": "c:\\x_runner_x\\x_legatus_scriba_machina_x",
                "duration_seconds": 4.362713000009535,
                "ended_at": "2025-12-13T14:51:07.145564+00:00",
                "exit": 1,
                "failed_files": [],
                "files_checked": [
                    "__init__.py",
                    "crud/__init__.py",
                    "crud/processor.py",
                    "factory/__init__.py",
                    "factory/catalog_loader.py",
                    "factory/cli.py",
                    "factory/config/__init__.py",
                    "factory/config/scribe_run_loader.py",
                    "factory/core/__init__.py",
                    "factory/core/factory.py",
                    "factory/core/specs.py",
                    "factory/headers.py",
                    "factory/hooks/__init__.py",
                    "factory/hooks/default_hooks.py",
                    "factory/hooks/diagram_renderer.py",
                    "factory/hooks/models.py",
                    "factory/hooks/parser.py",
                    "factory/hooks/registry.py",
                    "factory/markdown_policy.py",
                    "factory/renderers/__init__.py",
                    "factory/renderers/markdown_renderer.py",
                    "factory/renderers/pdf_renderer.py",
                    "factory/scribe_factory.py",
                    "factory/scribe_plan_cli.py",
                    "factory/utils/__init__.py",
                    "factory/utils/backup_paths.py",
                    "factory/utils/checksum.py",
                    "factory/utils/wkhtmltopdf_locator.py",
                    "json_types.py",
                    "scripts/__init__.py",
                    "scripts/bootstrap_change_control_catch_up.py",
                    "scripts/collect_open_issues.py",
                    "scripts/doc_guard.py",
                    "scripts/enforce_markdown_pdf_compliance.py",
                    "scripts/find_wkhtmltopdf.py",
                    "scripts/generate_markdown_inventory.py",
                    "scripts/generate_markdown_manifest.py",
                    "scripts/render_selected_documents.py",
                    "scripts/render_subset.py",
                    "scripts/run_catch_up_batch.py",
                    "scripts/run_instruction_crud.py",
                    "scripts/verify_factory_outputs.py",
                    "tests/__init__.py",
                    "tests/crud/__init__.py",
                    "tests/crud/test_processor.py",
                    "tests/factory/__init__.py",
                    "tests/factory/test_catalog_loader.py",
                    "tests/factory/test_factory.py",
                    "tests/hooks/__init__.py",
                    "tests/hooks/test_graphviz_renderer.py",
                    "tools/__init__.py",
                    "tools/generate_markdown_manifest.py",
                    "typings/pytest/__init__.pyi"
                ],
                "repo": "x_legatus_scriba_machina_x",
                "repo_hash": "c38a52b12862452bdfae5b5f291ae0a72f3058bf37183d1d05ccedc009ae3924",
                "repo_path": "c:\\x_runner_x\\x_legatus_scriba_machina_x",
                "started_at": "2025-12-13T14:51:02.788119+00:00",
                "tool": "black",
                "tool_module": "black",
                "tool_version": "python -m black, 25.12.0 (compiled: yes)\nPython (CPython) 3.12.6"
            },
            "exit": "exit 1",
            "message": "black failed for x_legatus_scriba_machina_x (exit 1)\ncwd: c:\\x_runner_x\\x_legatus_scriba_machina_x\ncommand: c:\\x_runner_x\\.venv\\Scripts\\python.exe -m black . --line-length 88 --target-version py311 --check --diff\nstarted_at: 2025-12-13T14:51:02.788119+00:00\nduration: 4.363s\ntool_version: python -m black, 25.12.0 (compiled: yes)\nPython (CPython) 3.12.6\nstdout:\n--- C:\\x_runner_x\\x_legatus_scriba_machina_x\\scripts\\verify_factory_outputs.py\t2025-12-13 05:49:24.797845+00:00\n+++ C:\\x_runner_x\\x_legatus_scriba_machina_x\\scripts\\verify_factory_outputs.py\t2025-12-13 14:51:06.801631+00:00\n@@ -56,13 +56,11 @@\n     if isinstance(value, Mapping):\n         return cast(\"JsonMapping\", value)\n\u2026\nstderr:\nwould reformat C:\\x_runner_x\\x_legatus_scriba_machina_x\\scripts\\verify_factory_outputs.py\n\nOh no! \\U0001f4a5 \\U0001f494 \\U0001f4a5\n1 file would be reformatted, 52 files would be left unchanged.",
            "repo": "x_legatus_scriba_machina_x",
            "repo_path": "c:\\x_runner_x\\x_legatus_scriba_machina_x",
            "stderr_artifact": {
                "bytes": 194,
                "path": "C:\\x_runner_x\\x_make_github_visitor_x\\x_make_github_visitor_x\\reports\\artifacts\\visitor_failures_20251213_145323\\0002_x-legatus-scriba-machina-x_black_stderr.log",
                "sha256": "7614426a5f44e20586fbcfece43ce47eb87c74e14b1cf1356f2629c94d6c47a9"
            },
            "stderr_preview": "would reformat C:\\x_runner_x\\x_legatus_scriba_machina_x\\scripts\\verify_factory_outputs.py\n\nOh no! \\U0001f4a5 \\U0001f494 \\U0001f4a5\n1 file would be reformatted, 52 files would be left unchanged.",
            "stdout_artifact": {
                "bytes": 777,
                "path": "C:\\x_runner_x\\x_make_github_visitor_x\\x_make_github_visitor_x\\reports\\artifacts\\visitor_failures_20251213_145323\\0002_x-legatus-scriba-machina-x_black_stdout.log",
                "sha256": "b2e7c20dffe7a1f8cc6c6d74a3736bf1f5782a64391fdad55ff9a5e557d29c68"
            },
            "stdout_preview": "--- C:\\x_runner_x\\x_legatus_scriba_machina_x\\scripts\\verify_factory_outputs.py\t2025-12-13 05:49:24.797845+00:00\n+++ C:\\x_runner_x\\x_legatus_scriba_machina_x\\scripts\\verify_factory_outputs.py\t2025-12-13 14:51:06.801631+00:00\n@@ -56,13 +56,11 @@\n     if isinstance(value, Mapping):\n         return cast(\"JsonMapping\", value)\n\u2026",
            "suggested_action": "Investigate",
            "summary": "black failed for x_legatus_scriba_machina_x (exit 1) cwd: c:\\x_runner_x\\x_legatus_scriba_machina_x command: c:\\x_runner_x\\.venv\\Scripts\\python.exe -m black . --line-length 88 --target-version py311 --check --diff started_at: 2025-12-13T14:\u2026",
            "tool": "black",
            "tool_version": "python -m black, 25.12.0 (compiled: yes)\nPython (CPython) 3.12.6"
        },
        {
            "captured_at": "2025-12-13T14:51:12.391428+00:00",
            "command": "c:\\x_runner_x\\.venv\\Scripts\\python.exe -m mypy --package x_legatus_scriba_machina_x --strict --no-warn-unused-configs --show-error-codes --warn-return-any --warn-unreachable --disallow-any-unimported --disallow-any-expr --disallow-any-decorated --disallow-any-explicit",
            "detail": {
                "cached": false,
                "cmd": [
                    "c:\\x_runner_x\\.venv\\Scripts\\python.exe",
                    "-m",
                    "mypy",
                    "--package",
                    "x_legatus_scriba_machina_x",
                    "--strict",
                    "--no-warn-unused-configs",
                    "--show-error-codes",
                    "--warn-return-any",
                    "--warn-unreachable",
                    "--disallow-any-unimported",
                    "--disallow-any-expr",
                    "--disallow-any-decorated",
                    "--disallow-any-explicit"
                ],
                "cmd_display": "c:\\x_runner_x\\.venv\\Scripts\\python.exe -m mypy --package x_legatus_scriba_machina_x --strict --no-warn-unused-configs --show-error-codes --warn-return-any --warn-unreachable --disallow-any-unimported --disallow-any-expr --disallow-any-decorated --disallow-any-explicit",
                "cwd": "c:\\x_runner_x\\x_legatus_scriba_machina_x",
                "duration_seconds": 4.986938999994891,
                "ended_at": "2025-12-13T14:51:12.391428+00:00",
                "exit": 1,
                "failed_files": [],
                "files_checked": [
                    "__init__.py",
                    "crud/__init__.py",
                    "crud/processor.py",
                    "factory/__init__.py",
                    "factory/catalog_loader.py",
                    "factory/cli.py",
                    "factory/config/__init__.py",
                    "factory/config/scribe_run_loader.py",
                    "factory/core/__init__.py",
                    "factory/core/factory.py",
                    "factory/core/specs.py",
                    "factory/headers.py",
                    "factory/hooks/__init__.py",
                    "factory/hooks/default_hooks.py",
                    "factory/hooks/diagram_renderer.py",
                    "factory/hooks/models.py",
                    "factory/hooks/parser.py",
                    "factory/hooks/registry.py",
                    "factory/markdown_policy.py",
                    "factory/renderers/__init__.py",
                    "factory/renderers/markdown_renderer.py",
                    "factory/renderers/pdf_renderer.py",
                    "factory/scribe_factory.py",
                    "factory/scribe_plan_cli.py",
                    "factory/utils/__init__.py",
                    "factory/utils/backup_paths.py",
                    "factory/utils/checksum.py",
                    "factory/utils/wkhtmltopdf_locator.py",
                    "json_types.py",
                    "scripts/__init__.py",
                    "scripts/bootstrap_change_control_catch_up.py",
                    "scripts/collect_open_issues.py",
                    "scripts/doc_guard.py",
                    "scripts/enforce_markdown_pdf_compliance.py",
                    "scripts/find_wkhtmltopdf.py",
                    "scripts/generate_markdown_inventory.py",
                    "scripts/generate_markdown_manifest.py",
                    "scripts/render_selected_documents.py",
                    "scripts/render_subset.py",
                    "scripts/run_catch_up_batch.py",
                    "scripts/run_instruction_crud.py",
                    "scripts/verify_factory_outputs.py",
                    "tests/__init__.py",
                    "tests/crud/__init__.py",
                    "tests/crud/test_processor.py",
                    "tests/factory/__init__.py",
                    "tests/factory/test_catalog_loader.py",
                    "tests/factory/test_factory.py",
                    "tests/hooks/__init__.py",
                    "tests/hooks/test_graphviz_renderer.py",
                    "tools/__init__.py",
                    "tools/generate_markdown_manifest.py",
                    "typings/pytest/__init__.pyi"
                ],
                "repo": "x_legatus_scriba_machina_x",
                "repo_hash": "c38a52b12862452bdfae5b5f291ae0a72f3058bf37183d1d05ccedc009ae3924",
                "repo_path": "c:\\x_runner_x\\x_legatus_scriba_machina_x",
                "started_at": "2025-12-13T14:51:07.404255+00:00",
                "tool": "mypy",
                "tool_module": "mypy",
                "tool_version": "mypy 1.19.0 (compiled: yes)"
            },
            "exit": "exit 1",
            "message": "mypy failed for x_legatus_scriba_machina_x (exit 1)\ncwd: c:\\x_runner_x\\x_legatus_scriba_machina_x\ncommand: c:\\x_runner_x\\.venv\\Scripts\\python.exe -m mypy --package x_legatus_scriba_machina_x --strict --no-warn-unused-configs --show-error-codes --warn-return-any --warn-unreachable --disallow-any-unimported --disallow-any-expr --disallow-any-decorated --disallow-any-explicit\nstarted_at: 2025-12-13T14:51:07.404255+00:00\nduration: 4.987s\ntool_version: mypy 1.19.0 (compiled: yes)\nstdout:\nfactory\\config\\scribe_run_loader.py:133: error: Expression type contains \"Any\" (has type \"type[type]\")  [misc]\nscripts\\run_catch_up_batch.py:141: error: Expression has type \"Any\"  [misc]\nscripts\\run_catch_up_batch.py:144: error: Expression has type \"Any\"  [misc]\nfactory\\scribe_plan_cli.py:67: error: Expression has type \"Any\"  [misc]\nfactory\\scribe_plan_cli.py:68: error: Expression has type \"Any\"  [misc]\n\u2026\nstderr:\n<empty>",
            "repo": "x_legatus_scriba_machina_x",
            "repo_path": "c:\\x_runner_x\\x_legatus_scriba_machina_x",
            "stderr_artifact": null,
            "stderr_preview": null,
            "stdout_artifact": {
                "bytes": 20688,
                "path": "C:\\x_runner_x\\x_make_github_visitor_x\\x_make_github_visitor_x\\reports\\artifacts\\visitor_failures_20251213_145323\\0004_x-legatus-scriba-machina-x_mypy_stdout.log",
                "sha256": "67fe82903908855c6bcd8d26684a8d8f7e1375465d1ccccf78cfac67323eb49a"
            },
            "stdout_preview": "factory\\config\\scribe_run_loader.py:133: error: Expression type contains \"Any\" (has type \"type[type]\")  [misc]\nscripts\\run_catch_up_batch.py:141: error: Expression has type \"Any\"  [misc]\nscripts\\run_catch_up_batch.py:144: error: Expression has type \"Any\"  [misc]\nfactory\\scribe_plan_cli.py:67: error: Expression has type \"Any\"  [misc]\nfactory\\scribe_plan_cli.py:68: error: Expression has type \"Any\"  [misc]\n\u2026",
            "suggested_action": "Investigate",
            "summary": "mypy failed for x_legatus_scriba_machina_x (exit 1) cwd: c:\\x_runner_x\\x_legatus_scriba_machina_x command: c:\\x_runner_x\\.venv\\Scripts\\python.exe -m mypy --package x_legatus_scriba_machina_x --strict --no-warn-unused-configs --show-error-c\u2026",
            "tool": "mypy",
            "tool_version": "mypy 1.19.0 (compiled: yes)"
        },
        {
            "captured_at": "2025-12-13T14:51:07.392747+00:00",
            "command": "c:\\x_runner_x\\.venv\\Scripts\\python.exe -m ruff check . --select ALL --ignore D,COM812,ISC001,T20 --line-length 88 --target-version py311",
            "detail": {
                "cached": false,
                "cmd": [
                    "c:\\x_runner_x\\.venv\\Scripts\\python.exe",
                    "-m",
                    "ruff",
                    "check",
                    ".",
                    "--select",
                    "ALL",
                    "--ignore",
                    "D,COM812,ISC001,T20",
                    "--line-length",
                    "88",
                    "--target-version",
                    "py311"
                ],
                "cmd_display": "c:\\x_runner_x\\.venv\\Scripts\\python.exe -m ruff check . --select ALL --ignore D,COM812,ISC001,T20 --line-length 88 --target-version py311",
                "cwd": "c:\\x_runner_x\\x_legatus_scriba_machina_x",
                "duration_seconds": 0.24243340000975877,
                "ended_at": "2025-12-13T14:51:07.392747+00:00",
                "exit": 1,
                "failed_files": [],
                "files_checked": [
                    "__init__.py",
                    "crud/__init__.py",
                    "crud/processor.py",
                    "factory/__init__.py",
                    "factory/catalog_loader.py",
                    "factory/cli.py",
                    "factory/config/__init__.py",
                    "factory/config/scribe_run_loader.py",
                    "factory/core/__init__.py",
                    "factory/core/factory.py",
                    "factory/core/specs.py",
                    "factory/headers.py",
                    "factory/hooks/__init__.py",
                    "factory/hooks/default_hooks.py",
                    "factory/hooks/diagram_renderer.py",
                    "factory/hooks/models.py",
                    "factory/hooks/parser.py",
                    "factory/hooks/registry.py",
                    "factory/markdown_policy.py",
                    "factory/renderers/__init__.py",
                    "factory/renderers/markdown_renderer.py",
                    "factory/renderers/pdf_renderer.py",
                    "factory/scribe_factory.py",
                    "factory/scribe_plan_cli.py",
                    "factory/utils/__init__.py",
                    "factory/utils/backup_paths.py",
                    "factory/utils/checksum.py",
                    "factory/utils/wkhtmltopdf_locator.py",
                    "json_types.py",
                    "scripts/__init__.py",
                    "scripts/bootstrap_change_control_catch_up.py",
                    "scripts/collect_open_issues.py",
                    "scripts/doc_guard.py",
                    "scripts/enforce_markdown_pdf_compliance.py",
                    "scripts/find_wkhtmltopdf.py",
                    "scripts/generate_markdown_inventory.py",
                    "scripts/generate_markdown_manifest.py",
                    "scripts/render_selected_documents.py",
                    "scripts/render_subset.py",
                    "scripts/run_catch_up_batch.py",
                    "scripts/run_instruction_crud.py",
                    "scripts/verify_factory_outputs.py",
                    "tests/__init__.py",
                    "tests/crud/__init__.py",
                    "tests/crud/test_processor.py",
                    "tests/factory/__init__.py",
                    "tests/factory/test_catalog_loader.py",
                    "tests/factory/test_factory.py",
                    "tests/hooks/__init__.py",
                    "tests/hooks/test_graphviz_renderer.py",
                    "tools/__init__.py",
                    "tools/generate_markdown_manifest.py",
                    "typings/pytest/__init__.pyi"
                ],
                "repo": "x_legatus_scriba_machina_x",
                "repo_hash": "c38a52b12862452bdfae5b5f291ae0a72f3058bf37183d1d05ccedc009ae3924",
                "repo_path": "c:\\x_runner_x\\x_legatus_scriba_machina_x",
                "started_at": "2025-12-13T14:51:07.153866+00:00",
                "tool": "ruff_check",
                "tool_module": "ruff",
                "tool_version": "ruff 0.14.9"
            },
            "exit": "exit 1",
            "message": "ruff_check failed for x_legatus_scriba_machina_x (exit 1)\ncwd: c:\\x_runner_x\\x_legatus_scriba_machina_x\ncommand: c:\\x_runner_x\\.venv\\Scripts\\python.exe -m ruff check . --select ALL --ignore D,COM812,ISC001,T20 --line-length 88 --target-version py311\nstarted_at: 2025-12-13T14:51:07.153866+00:00\nduration: 0.242s\ntool_version: ruff 0.14.9\nstdout:\nTRY300 Consider moving this statement to an `else` block\n   --> factory\\config\\scribe_run_loader.py:109:9\n    |\n107 |     try:\n108 |         data_obj: object = json.loads(path.read_text(encoding=\"utf-8\"))\n\u2026\nstderr:\n<empty>",
            "repo": "x_legatus_scriba_machina_x",
            "repo_path": "c:\\x_runner_x\\x_legatus_scriba_machina_x",
            "stderr_artifact": null,
            "stderr_preview": null,
            "stdout_artifact": {
                "bytes": 6287,
                "path": "C:\\x_runner_x\\x_make_github_visitor_x\\x_make_github_visitor_x\\reports\\artifacts\\visitor_failures_20251213_145323\\0003_x-legatus-scriba-machina-x_ruff-check_stdout.log",
                "sha256": "45d98d84332acf3ed0fa274ab7ab013a0df244ef6d2ed30e360ddcbdf22f467b"
            },
            "stdout_preview": "TRY300 Consider moving this statement to an `else` block\n   --> factory\\config\\scribe_run_loader.py:109:9\n    |\n107 |     try:\n108 |         data_obj: object = json.loads(path.read_text(encoding=\"utf-8\"))\n\u2026",
            "suggested_action": "Investigate",
            "summary": "ruff_check failed for x_legatus_scriba_machina_x (exit 1) cwd: c:\\x_runner_x\\x_legatus_scriba_machina_x command: c:\\x_runner_x\\.venv\\Scripts\\python.exe -m ruff check . --select ALL --ignore D,COM812,ISC001,T20 --line-length 88 --target-ver\u2026",
            "tool": "ruff_check",
            "tool_version": "ruff 0.14.9"
        },
        {
            "captured_at": "2025-12-13T14:51:02.779802+00:00",
            "command": "c:\\x_runner_x\\.venv\\Scripts\\python.exe -m ruff check . --fix --select ALL --ignore D,COM812,ISC001,T20 --line-length 88 --target-version py311",
            "detail": {
                "cached": false,
                "cmd": [
                    "c:\\x_runner_x\\.venv\\Scripts\\python.exe",
                    "-m",
                    "ruff",
                    "check",
                    ".",
                    "--fix",
                    "--select",
                    "ALL",
                    "--ignore",
                    "D,COM812,ISC001,T20",
                    "--line-length",
                    "88",
                    "--target-version",
                    "py311"
                ],
                "cmd_display": "c:\\x_runner_x\\.venv\\Scripts\\python.exe -m ruff check . --fix --select ALL --ignore D,COM812,ISC001,T20 --line-length 88 --target-version py311",
                "cwd": "c:\\x_runner_x\\x_legatus_scriba_machina_x",
                "duration_seconds": 0.26736969998455606,
                "ended_at": "2025-12-13T14:51:02.779802+00:00",
                "exit": 1,
                "failed_files": [],
                "files_checked": [
                    "__init__.py",
                    "crud/__init__.py",
                    "crud/processor.py",
                    "factory/__init__.py",
                    "factory/catalog_loader.py",
                    "factory/cli.py",
                    "factory/config/__init__.py",
                    "factory/config/scribe_run_loader.py",
                    "factory/core/__init__.py",
                    "factory/core/factory.py",
                    "factory/core/specs.py",
                    "factory/headers.py",
                    "factory/hooks/__init__.py",
                    "factory/hooks/default_hooks.py",
                    "factory/hooks/diagram_renderer.py",
                    "factory/hooks/models.py",
                    "factory/hooks/parser.py",
                    "factory/hooks/registry.py",
                    "factory/markdown_policy.py",
                    "factory/renderers/__init__.py",
                    "factory/renderers/markdown_renderer.py",
                    "factory/renderers/pdf_renderer.py",
                    "factory/scribe_factory.py",
                    "factory/scribe_plan_cli.py",
                    "factory/utils/__init__.py",
                    "factory/utils/backup_paths.py",
                    "factory/utils/checksum.py",
                    "factory/utils/wkhtmltopdf_locator.py",
                    "json_types.py",
                    "scripts/__init__.py",
                    "scripts/bootstrap_change_control_catch_up.py",
                    "scripts/collect_open_issues.py",
                    "scripts/doc_guard.py",
                    "scripts/enforce_markdown_pdf_compliance.py",
                    "scripts/find_wkhtmltopdf.py",
                    "scripts/generate_markdown_inventory.py",
                    "scripts/generate_markdown_manifest.py",
                    "scripts/render_selected_documents.py",
                    "scripts/render_subset.py",
                    "scripts/run_catch_up_batch.py",
                    "scripts/run_instruction_crud.py",
                    "scripts/verify_factory_outputs.py",
                    "tests/__init__.py",
                    "tests/crud/__init__.py",
                    "tests/crud/test_processor.py",
                    "tests/factory/__init__.py",
                    "tests/factory/test_catalog_loader.py",
                    "tests/factory/test_factory.py",
                    "tests/hooks/__init__.py",
                    "tests/hooks/test_graphviz_renderer.py",
                    "tools/__init__.py",
                    "tools/generate_markdown_manifest.py",
                    "typings/pytest/__init__.pyi"
                ],
                "repo": "x_legatus_scriba_machina_x",
                "repo_hash": "c38a52b12862452bdfae5b5f291ae0a72f3058bf37183d1d05ccedc009ae3924",
                "repo_path": "c:\\x_runner_x\\x_legatus_scriba_machina_x",
                "started_at": "2025-12-13T14:51:02.511557+00:00",
                "tool": "ruff_fix",
                "tool_module": "ruff",
                "tool_version": "ruff 0.14.9"
            },
            "exit": "exit 1",
            "message": "ruff_fix failed for x_legatus_scriba_machina_x (exit 1)\ncwd: c:\\x_runner_x\\x_legatus_scriba_machina_x\ncommand: c:\\x_runner_x\\.venv\\Scripts\\python.exe -m ruff check . --fix --select ALL --ignore D,COM812,ISC001,T20 --line-length 88 --target-version py311\nstarted_at: 2025-12-13T14:51:02.511557+00:00\nduration: 0.267s\ntool_version: ruff 0.14.9\nstdout:\nTRY300 Consider moving this statement to an `else` block\n   --> factory\\config\\scribe_run_loader.py:109:9\n    |\n107 |     try:\n108 |         data_obj: object = json.loads(path.read_text(encoding=\"utf-8\"))\n\u2026\nstderr:\n<empty>",
            "repo": "x_legatus_scriba_machina_x",
            "repo_path": "c:\\x_runner_x\\x_legatus_scriba_machina_x",
            "stderr_artifact": null,
            "stderr_preview": null,
            "stdout_artifact": {
                "bytes": 6287,
                "path": "C:\\x_runner_x\\x_make_github_visitor_x\\x_make_github_visitor_x\\reports\\artifacts\\visitor_failures_20251213_145323\\0001_x-legatus-scriba-machina-x_ruff-fix_stdout.log",
                "sha256": "45d98d84332acf3ed0fa274ab7ab013a0df244ef6d2ed30e360ddcbdf22f467b"
            },
            "stdout_preview": "TRY300 Consider moving this statement to an `else` block\n   --> factory\\config\\scribe_run_loader.py:109:9\n    |\n107 |     try:\n108 |         data_obj: object = json.loads(path.read_text(encoding=\"utf-8\"))\n\u2026",
            "suggested_action": "Investigate",
            "summary": "ruff_fix failed for x_legatus_scriba_machina_x (exit 1) cwd: c:\\x_runner_x\\x_legatus_scriba_machina_x command: c:\\x_runner_x\\.venv\\Scripts\\python.exe -m ruff check . --fix --select ALL --ignore D,COM812,ISC001,T20 --line-length 88 --target\u2026",
            "tool": "ruff_fix",
            "tool_version": "ruff 0.14.9"
        },
        {
            "captured_at": "2025-12-13T14:51:31.488141+00:00",
            "command": "c:\\x_runner_x\\.venv\\Scripts\\python.exe -m mypy --package x_legatus_segmentum_judicium_x --strict --no-warn-unused-configs --show-error-codes --warn-return-any --warn-unreachable --disallow-any-unimported --disallow-any-expr --disallow-any-decorated --disallow-any-explicit",
            "detail": {
                "cached": false,
                "cmd": [
                    "c:\\x_runner_x\\.venv\\Scripts\\python.exe",
                    "-m",
                    "mypy",
                    "--package",
                    "x_legatus_segmentum_judicium_x",
                    "--strict",
                    "--no-warn-unused-configs",
                    "--show-error-codes",
                    "--warn-return-any",
                    "--warn-unreachable",
                    "--disallow-any-unimported",
                    "--disallow-any-expr",
                    "--disallow-any-decorated",
                    "--disallow-any-explicit"
                ],
                "cmd_display": "c:\\x_runner_x\\.venv\\Scripts\\python.exe -m mypy --package x_legatus_segmentum_judicium_x --strict --no-warn-unused-configs --show-error-codes --warn-return-any --warn-unreachable --disallow-any-unimported --disallow-any-expr --disallow-any-decorated --disallow-any-explicit",
                "cwd": "c:\\x_runner_x\\x_legatus_segmentum_judicium_x",
                "duration_seconds": 4.032246799994027,
                "ended_at": "2025-12-13T14:51:31.488141+00:00",
                "exit": 1,
                "failed_files": [],
                "files_checked": [
                    "__init__.py",
                    "paging_the_judge.py",
                    "run_segmentum_review.py",
                    "src/__init__.py",
                    "src/segmentum_judicium/__init__.py",
                    "src/segmentum_judicium/cli.py",
                    "src/segmentum_judicium/launch_config.py",
                    "src/segmentum_judicium/metadata.py",
                    "src/segmentum_judicium/project.py",
                    "src/segmentum_judicium/segmenter.py",
                    "src/segmentum_judicium/session.py",
                    "src/segmentum_judicium/ui/__init__.py",
                    "src/segmentum_judicium/ui/app.py",
                    "src/segmentum_judicium/ui/launchpad.py",
                    "src/segmentum_judicium/ui/vlc_player.py",
                    "tests/__init__.py",
                    "tests/test_cli.py",
                    "tests/test_project.py",
                    "tests/test_session.py",
                    "tools/bootstrap_chocolatey.py",
                    "tools/install_ffmpeg_prebuilt.py",
                    "tools/install_vlc_backend.py",
                    "tools/install_vlc_desktop.py",
                    "tools/midnight_firefight.py",
                    "typings/PySide6/QtCore.pyi",
                    "typings/PySide6/QtGui.pyi",
                    "typings/PySide6/QtWidgets.pyi",
                    "typings/PySide6/__init__.pyi"
                ],
                "repo": "x_legatus_segmentum_judicium_x",
                "repo_hash": "51aa8f9d98f5c9ae071f6c5e5741c43c56144eeb7ac1a74d7b33f2bb4bf2cb75",
                "repo_path": "c:\\x_runner_x\\x_legatus_segmentum_judicium_x",
                "started_at": "2025-12-13T14:51:27.455437+00:00",
                "tool": "mypy",
                "tool_module": "mypy",
                "tool_version": "mypy 1.19.0 (compiled: yes)"
            },
            "exit": "exit 1",
            "message": "mypy failed for x_legatus_segmentum_judicium_x (exit 1)\ncwd: c:\\x_runner_x\\x_legatus_segmentum_judicium_x\ncommand: c:\\x_runner_x\\.venv\\Scripts\\python.exe -m mypy --package x_legatus_segmentum_judicium_x --strict --no-warn-unused-configs --show-error-codes --warn-return-any --warn-unreachable --disallow-any-unimported --disallow-any-expr --disallow-any-decorated --disallow-any-explicit\nstarted_at: 2025-12-13T14:51:27.455437+00:00\nduration: 4.032s\ntool_version: mypy 1.19.0 (compiled: yes)\nstdout:\nsrc\\segmentum_judicium\\ui\\launchpad.py:147: error: Statement is unreachable  [unreachable]\nsrc\\segmentum_judicium\\ui\\launchpad.py:149: error: Statement is unreachable  [unreachable]\nsrc\\segmentum_judicium\\cli.py:102: error: Expression has type \"Any\"  [misc]\nsrc\\segmentum_judicium\\cli.py:108: error: Expression has type \"Any\"  [misc]\nsrc\\segmentum_judicium\\cli.py:179: error: Expression type contains \"Any\" (has type \"Any | int\")  [misc]\n\u2026\nstderr:\n<empty>",
            "repo": "x_legatus_segmentum_judicium_x",
            "repo_path": "c:\\x_runner_x\\x_legatus_segmentum_judicium_x",
            "stderr_artifact": null,
            "stderr_preview": null,
            "stdout_artifact": {
                "bytes": 1603,
                "path": "C:\\x_runner_x\\x_make_github_visitor_x\\x_make_github_visitor_x\\reports\\artifacts\\visitor_failures_20251213_145323\\0005_x-legatus-segmentum-judicium-x_mypy_stdout.log",
                "sha256": "3c218a6de2e7d31022000ed9b1e011011bdab3ea846cba5db8f55a8c9b33fad0"
            },
            "stdout_preview": "src\\segmentum_judicium\\ui\\launchpad.py:147: error: Statement is unreachable  [unreachable]\nsrc\\segmentum_judicium\\ui\\launchpad.py:149: error: Statement is unreachable  [unreachable]\nsrc\\segmentum_judicium\\cli.py:102: error: Expression has type \"Any\"  [misc]\nsrc\\segmentum_judicium\\cli.py:108: error: Expression has type \"Any\"  [misc]\nsrc\\segmentum_judicium\\cli.py:179: error: Expression type contains \"Any\" (has type \"Any | int\")  [misc]\n\u2026",
            "suggested_action": "Investigate",
            "summary": "mypy failed for x_legatus_segmentum_judicium_x (exit 1) cwd: c:\\x_runner_x\\x_legatus_segmentum_judicium_x command: c:\\x_runner_x\\.venv\\Scripts\\python.exe -m mypy --package x_legatus_segmentum_judicium_x --strict --no-warn-unused-configs --\u2026",
            "tool": "mypy",
            "tool_version": "mypy 1.19.0 (compiled: yes)"
        },
        {
            "captured_at": "2025-12-13T14:51:39.588810+00:00",
            "command": "c:\\x_runner_x\\.venv\\Scripts\\python.exe -m pyright . --level error",
            "detail": {
                "cached": false,
                "cmd": [
                    "c:\\x_runner_x\\.venv\\Scripts\\python.exe",
                    "-m",
                    "pyright",
                    ".",
                    "--level",
                    "error"
                ],
                "cmd_display": "c:\\x_runner_x\\.venv\\Scripts\\python.exe -m pyright . --level error",
                "cwd": "c:\\x_runner_x\\x_legatus_segmentum_judicium_x",
                "duration_seconds": 8.097420100006275,
                "ended_at": "2025-12-13T14:51:39.588810+00:00",
                "exit": 1,
                "failed_files": [],
                "files_checked": [
                    "__init__.py",
                    "paging_the_judge.py",
                    "run_segmentum_review.py",
                    "src/__init__.py",
                    "src/segmentum_judicium/__init__.py",
                    "src/segmentum_judicium/cli.py",
                    "src/segmentum_judicium/launch_config.py",
                    "src/segmentum_judicium/metadata.py",
                    "src/segmentum_judicium/project.py",
                    "src/segmentum_judicium/segmenter.py",
                    "src/segmentum_judicium/session.py",
                    "src/segmentum_judicium/ui/__init__.py",
                    "src/segmentum_judicium/ui/app.py",
                    "src/segmentum_judicium/ui/launchpad.py",
                    "src/segmentum_judicium/ui/vlc_player.py",
                    "tests/__init__.py",
                    "tests/test_cli.py",
                    "tests/test_project.py",
                    "tests/test_session.py",
                    "tools/bootstrap_chocolatey.py",
                    "tools/install_ffmpeg_prebuilt.py",
                    "tools/install_vlc_backend.py",
                    "tools/install_vlc_desktop.py",
                    "tools/midnight_firefight.py",
                    "typings/PySide6/QtCore.pyi",
                    "typings/PySide6/QtGui.pyi",
                    "typings/PySide6/QtWidgets.pyi",
                    "typings/PySide6/__init__.pyi"
                ],
                "repo": "x_legatus_segmentum_judicium_x",
                "repo_hash": "51aa8f9d98f5c9ae071f6c5e5741c43c56144eeb7ac1a74d7b33f2bb4bf2cb75",
                "repo_path": "c:\\x_runner_x\\x_legatus_segmentum_judicium_x",
                "started_at": "2025-12-13T14:51:31.490947+00:00",
                "tool": "pyright",
                "tool_module": "pyright",
                "tool_version": "pyright 1.1.407"
            },
            "exit": "exit 1",
            "message": "pyright failed for x_legatus_segmentum_judicium_x (exit 1)\ncwd: c:\\x_runner_x\\x_legatus_segmentum_judicium_x\ncommand: c:\\x_runner_x\\.venv\\Scripts\\python.exe -m pyright . --level error\nstarted_at: 2025-12-13T14:51:31.490947+00:00\nduration: 8.097s\ntool_version: pyright 1.1.407\nstdout:\nc:\\x_runner_x\\x_legatus_segmentum_judicium_x\\src\\segmentum_judicium\\ui\\app.py\n  c:\\x_runner_x\\x_legatus_segmentum_judicium_x\\src\\segmentum_judicium\\ui\\app.py:39:31 - error: \"QCloseEvent\" is unknown import symbol (reportAttributeAccessIssue)\n  c:\\x_runner_x\\x_legatus_segmentum_judicium_x\\src\\segmentum_judicium\\ui\\app.py:39:44 - error: \"QResizeEvent\" is unknown import symbol (reportAttributeAccessIssue)\n2 errors, 0 warnings, 0 informations\nstderr:\n<empty>",
            "repo": "x_legatus_segmentum_judicium_x",
            "repo_path": "c:\\x_runner_x\\x_legatus_segmentum_judicium_x",
            "stderr_artifact": null,
            "stderr_preview": null,
            "stdout_artifact": {
                "bytes": 442,
                "path": "C:\\x_runner_x\\x_make_github_visitor_x\\x_make_github_visitor_x\\reports\\artifacts\\visitor_failures_20251213_145323\\0006_x-legatus-segmentum-judicium-x_pyright_stdout.log",
                "sha256": "b4a837da860ed6cf126b65519a3256b923517c6042e672b24b69150a0095ff05"
            },
            "stdout_preview": "c:\\x_runner_x\\x_legatus_segmentum_judicium_x\\src\\segmentum_judicium\\ui\\app.py\n  c:\\x_runner_x\\x_legatus_segmentum_judicium_x\\src\\segmentum_judicium\\ui\\app.py:39:31 - error: \"QCloseEvent\" is unknown import symbol (reportAttributeAccessIssue)\n  c:\\x_runner_x\\x_legatus_segmentum_judicium_x\\src\\segmentum_judicium\\ui\\app.py:39:44 - error: \"QResizeEvent\" is unknown import symbol (reportAttributeAccessIssue)\n2 errors, 0 warnings, 0 informations",
            "suggested_action": "Investigate",
            "summary": "pyright failed for x_legatus_segmentum_judicium_x (exit 1) cwd: c:\\x_runner_x\\x_legatus_segmentum_judicium_x command: c:\\x_runner_x\\.venv\\Scripts\\python.exe -m pyright . --level error started_at: 2025-12-13T14:51:31.490947+00:00 duration: \u2026",
            "tool": "pyright",
            "tool_version": "pyright 1.1.407"
        },
        {
            "captured_at": "2025-12-13T14:51:49.887202+00:00",
            "command": "c:\\x_runner_x\\.venv\\Scripts\\python.exe -m mypy --package x_legatus_senatus_machina_x --strict --no-warn-unused-configs --show-error-codes --warn-return-any --warn-unreachable --disallow-any-unimported --disallow-any-expr --disallow-any-decorated --disallow-any-explicit",
            "detail": {
                "cached": false,
                "cmd": [
                    "c:\\x_runner_x\\.venv\\Scripts\\python.exe",
                    "-m",
                    "mypy",
                    "--package",
                    "x_legatus_senatus_machina_x",
                    "--strict",
                    "--no-warn-unused-configs",
                    "--show-error-codes",
                    "--warn-return-any",
                    "--warn-unreachable",
                    "--disallow-any-unimported",
                    "--disallow-any-expr",
                    "--disallow-any-decorated",
                    "--disallow-any-explicit"
                ],
                "cmd_display": "c:\\x_runner_x\\.venv\\Scripts\\python.exe -m mypy --package x_legatus_senatus_machina_x --strict --no-warn-unused-configs --show-error-codes --warn-return-any --warn-unreachable --disallow-any-unimported --disallow-any-expr --disallow-any-decorated --disallow-any-explicit",
                "cwd": "c:\\x_runner_x\\x_legatus_senatus_machina_x",
                "duration_seconds": 1.5061530000239145,
                "ended_at": "2025-12-13T14:51:49.887202+00:00",
                "exit": 1,
                "failed_files": [],
                "files_checked": [
                    "__init__.py",
                    "_fallback_models.py",
                    "models.py",
                    "tests/test_persona_vetting.py",
                    "tools/__init__.py",
                    "tools/bootstrap_virtual_senate_env.py",
                    "tools/generate_layout_preview.py",
                    "tools/graphviz_layout_service.py",
                    "tools/hello_senate.py",
                    "tools/hello_world_path_runner.py",
                    "tools/run_unity_release.py",
                    "x_legatus_senatus_machina_x/__init__.py",
                    "x_legatus_senatus_machina_x/copilot_support.py",
                    "x_legatus_senatus_machina_x/models.py",
                    "x_legatus_senatus_machina_x/persona_vetting.py",
                    "x_legatus_senatus_machina_x/plan_runner.py",
                    "x_legatus_senatus_machina_x/reporting.py",
                    "x_legatus_senatus_machina_x/robot_senate.py",
                    "x_legatus_senatus_machina_x/robot_senate_core.py",
                    "x_legatus_senatus_machina_x/session_plan.py",
                    "x_legatus_senatus_machina_x/session_runner.py",
                    "x_legatus_senatus_machina_x/x_cls_make_robot_senate_x.py"
                ],
                "repo": "x_legatus_senatus_machina_x",
                "repo_hash": "76b7aae45e1bbb257ae75868af58e5a65df480fb18231795c7ea158ca9c7c8a5",
                "repo_path": "c:\\x_runner_x\\x_legatus_senatus_machina_x",
                "started_at": "2025-12-13T14:51:48.381116+00:00",
                "tool": "mypy",
                "tool_module": "mypy",
                "tool_version": "mypy 1.19.0 (compiled: yes)"
            },
            "exit": "exit 1",
            "message": "mypy failed for x_legatus_senatus_machina_x (exit 1)\ncwd: c:\\x_runner_x\\x_legatus_senatus_machina_x\ncommand: c:\\x_runner_x\\.venv\\Scripts\\python.exe -m mypy --package x_legatus_senatus_machina_x --strict --no-warn-unused-configs --show-error-codes --warn-return-any --warn-unreachable --disallow-any-unimported --disallow-any-expr --disallow-any-decorated --disallow-any-explicit\nstarted_at: 2025-12-13T14:51:48.381116+00:00\nduration: 1.506s\ntool_version: mypy 1.19.0 (compiled: yes)\nstdout:\nx_legatus_senatus_machina_x\\models.py:88: error: Expression type contains \"Any\" (has type \"Mapping[Any, Any] | dict[str | Any, object | Any]\")  [misc]\nx_legatus_senatus_machina_x\\models.py:88: error: Expression type contains \"Any\" (has type \"dict[str | Any, object | Any]\")  [misc]\nx_legatus_senatus_machina_x\\models.py:186: error: Explicit \"Any\" is not allowed  [explicit-any]\nx_legatus_senatus_machina_x\\models.py:211: error: Expression type contains \"Any\" (has type \"tuple[str, list[dict[str, Any]]]\")  [misc]\nx_legatus_senatus_machina_x\\models.py:211: error: Expression type contains \"Any\" (has type \"list[dict[str, Any]]\")  [misc]\n\u2026\nstderr:\n<empty>",
            "repo": "x_legatus_senatus_machina_x",
            "repo_path": "c:\\x_runner_x\\x_legatus_senatus_machina_x",
            "stderr_artifact": null,
            "stderr_preview": null,
            "stdout_artifact": {
                "bytes": 58453,
                "path": "C:\\x_runner_x\\x_make_github_visitor_x\\x_make_github_visitor_x\\reports\\artifacts\\visitor_failures_20251213_145323\\0009_x-legatus-senatus-machina-x_mypy_stdout.log",
                "sha256": "78582e36b9897029864fd7fbaa0ac44a47f4e92549c98fb87f62750d0a47de98"
            },
            "stdout_preview": "x_legatus_senatus_machina_x\\models.py:88: error: Expression type contains \"Any\" (has type \"Mapping[Any, Any] | dict[str | Any, object | Any]\")  [misc]\nx_legatus_senatus_machina_x\\models.py:88: error: Expression type contains \"Any\" (has type \"dict[str | Any, object | Any]\")  [misc]\nx_legatus_senatus_machina_x\\models.py:186: error: Explicit \"Any\" is not allowed  [explicit-any]\nx_legatus_senatus_machina_x\\models.py:211: error: Expression type contains \"Any\" (has type \"tuple[str, list[dict[str, Any]]]\")  [misc]\nx_legatus_senatus_machina_x\\models.py:211: error: Expression type contains \"Any\" (has type \"list[dict[str, Any]]\")  [misc]\n\u2026",
            "suggested_action": "Investigate",
            "summary": "mypy failed for x_legatus_senatus_machina_x (exit 1) cwd: c:\\x_runner_x\\x_legatus_senatus_machina_x command: c:\\x_runner_x\\.venv\\Scripts\\python.exe -m mypy --package x_legatus_senatus_machina_x --strict --no-warn-unused-configs --show-erro\u2026",
            "tool": "mypy",
            "tool_version": "mypy 1.19.0 (compiled: yes)"
        },
        {
            "captured_at": "2025-12-13T14:51:48.360450+00:00",
            "command": "c:\\x_runner_x\\.venv\\Scripts\\python.exe -m ruff check . --select ALL --ignore D,COM812,ISC001,T20 --line-length 88 --target-version py311",
            "detail": {
                "cached": false,
                "cmd": [
                    "c:\\x_runner_x\\.venv\\Scripts\\python.exe",
                    "-m",
                    "ruff",
                    "check",
                    ".",
                    "--select",
                    "ALL",
                    "--ignore",
                    "D,COM812,ISC001,T20",
                    "--line-length",
                    "88",
                    "--target-version",
                    "py311"
                ],
                "cmd_display": "c:\\x_runner_x\\.venv\\Scripts\\python.exe -m ruff check . --select ALL --ignore D,COM812,ISC001,T20 --line-length 88 --target-version py311",
                "cwd": "c:\\x_runner_x\\x_legatus_senatus_machina_x",
                "duration_seconds": 0.392398800002411,
                "ended_at": "2025-12-13T14:51:48.360450+00:00",
                "exit": 1,
                "failed_files": [],
                "files_checked": [
                    "__init__.py",
                    "_fallback_models.py",
                    "models.py",
                    "tests/test_persona_vetting.py",
                    "tools/__init__.py",
                    "tools/bootstrap_virtual_senate_env.py",
                    "tools/generate_layout_preview.py",
                    "tools/graphviz_layout_service.py",
                    "tools/hello_senate.py",
                    "tools/hello_world_path_runner.py",
                    "tools/run_unity_release.py",
                    "x_legatus_senatus_machina_x/__init__.py",
                    "x_legatus_senatus_machina_x/copilot_support.py",
                    "x_legatus_senatus_machina_x/models.py",
                    "x_legatus_senatus_machina_x/persona_vetting.py",
                    "x_legatus_senatus_machina_x/plan_runner.py",
                    "x_legatus_senatus_machina_x/reporting.py",
                    "x_legatus_senatus_machina_x/robot_senate.py",
                    "x_legatus_senatus_machina_x/robot_senate_core.py",
                    "x_legatus_senatus_machina_x/session_plan.py",
                    "x_legatus_senatus_machina_x/session_runner.py",
                    "x_legatus_senatus_machina_x/x_cls_make_robot_senate_x.py"
                ],
                "repo": "x_legatus_senatus_machina_x",
                "repo_hash": "76b7aae45e1bbb257ae75868af58e5a65df480fb18231795c7ea158ca9c7c8a5",
                "repo_path": "c:\\x_runner_x\\x_legatus_senatus_machina_x",
                "started_at": "2025-12-13T14:51:47.968524+00:00",
                "tool": "ruff_check",
                "tool_module": "ruff",
                "tool_version": "ruff 0.14.9"
            },
            "exit": "exit 1",
            "message": "ruff_check failed for x_legatus_senatus_machina_x (exit 1)\ncwd: c:\\x_runner_x\\x_legatus_senatus_machina_x\ncommand: c:\\x_runner_x\\.venv\\Scripts\\python.exe -m ruff check . --select ALL --ignore D,COM812,ISC001,T20 --line-length 88 --target-version py311\nstarted_at: 2025-12-13T14:51:47.968524+00:00\nduration: 0.392s\ntool_version: ruff 0.14.9\nstdout:\nE501 Line too long (100 > 88)\n   --> _fallback_models.py:110:89\n    |\n108 |         identifier=\"melchior\",\n109 |         display_name=\"MELCHIOR\",\n\u2026\nstderr:\n<empty>",
            "repo": "x_legatus_senatus_machina_x",
            "repo_path": "c:\\x_runner_x\\x_legatus_senatus_machina_x",
            "stderr_artifact": null,
            "stderr_preview": null,
            "stdout_artifact": {
                "bytes": 53523,
                "path": "C:\\x_runner_x\\x_make_github_visitor_x\\x_make_github_visitor_x\\reports\\artifacts\\visitor_failures_20251213_145323\\0008_x-legatus-senatus-machina-x_ruff-check_stdout.log",
                "sha256": "63aaa501e98e01584abd73ff42ee42a1707393e31b62fe4cf67a9a8a5833339b"
            },
            "stdout_preview": "E501 Line too long (100 > 88)\n   --> _fallback_models.py:110:89\n    |\n108 |         identifier=\"melchior\",\n109 |         display_name=\"MELCHIOR\",\n\u2026",
            "suggested_action": "Investigate",
            "summary": "ruff_check failed for x_legatus_senatus_machina_x (exit 1) cwd: c:\\x_runner_x\\x_legatus_senatus_machina_x command: c:\\x_runner_x\\.venv\\Scripts\\python.exe -m ruff check . --select ALL --ignore D,COM812,ISC001,T20 --line-length 88 --target-v\u2026",
            "tool": "ruff_check",
            "tool_version": "ruff 0.14.9"
        },
        {
            "captured_at": "2025-12-13T14:51:42.657029+00:00",
            "command": "c:\\x_runner_x\\.venv\\Scripts\\python.exe -m ruff check . --fix --select ALL --ignore D,COM812,ISC001,T20 --line-length 88 --target-version py311",
            "detail": {
                "cached": false,
                "cmd": [
                    "c:\\x_runner_x\\.venv\\Scripts\\python.exe",
                    "-m",
                    "ruff",
                    "check",
                    ".",
                    "--fix",
                    "--select",
                    "ALL",
                    "--ignore",
                    "D,COM812,ISC001,T20",
                    "--line-length",
                    "88",
                    "--target-version",
                    "py311"
                ],
                "cmd_display": "c:\\x_runner_x\\.venv\\Scripts\\python.exe -m ruff check . --fix --select ALL --ignore D,COM812,ISC001,T20 --line-length 88 --target-version py311",
                "cwd": "c:\\x_runner_x\\x_legatus_senatus_machina_x",
                "duration_seconds": 0.7818864000146277,
                "ended_at": "2025-12-13T14:51:42.657029+00:00",
                "exit": 1,
                "failed_files": [],
                "files_checked": [
                    "__init__.py",
                    "_fallback_models.py",
                    "models.py",
                    "tests/test_persona_vetting.py",
                    "tools/__init__.py",
                    "tools/bootstrap_virtual_senate_env.py",
                    "tools/generate_layout_preview.py",
                    "tools/graphviz_layout_service.py",
                    "tools/hello_senate.py",
                    "tools/hello_world_path_runner.py",
                    "tools/run_unity_release.py",
                    "x_legatus_senatus_machina_x/__init__.py",
                    "x_legatus_senatus_machina_x/copilot_support.py",
                    "x_legatus_senatus_machina_x/models.py",
                    "x_legatus_senatus_machina_x/persona_vetting.py",
                    "x_legatus_senatus_machina_x/plan_runner.py",
                    "x_legatus_senatus_machina_x/reporting.py",
                    "x_legatus_senatus_machina_x/robot_senate.py",
                    "x_legatus_senatus_machina_x/robot_senate_core.py",
                    "x_legatus_senatus_machina_x/session_plan.py",
                    "x_legatus_senatus_machina_x/session_runner.py",
                    "x_legatus_senatus_machina_x/x_cls_make_robot_senate_x.py"
                ],
                "repo": "x_legatus_senatus_machina_x",
                "repo_hash": "76b7aae45e1bbb257ae75868af58e5a65df480fb18231795c7ea158ca9c7c8a5",
                "repo_path": "c:\\x_runner_x\\x_legatus_senatus_machina_x",
                "started_at": "2025-12-13T14:51:41.875850+00:00",
                "tool": "ruff_fix",
                "tool_module": "ruff",
                "tool_version": "ruff 0.14.9"
            },
            "exit": "exit 1",
            "message": "ruff_fix failed for x_legatus_senatus_machina_x (exit 1)\ncwd: c:\\x_runner_x\\x_legatus_senatus_machina_x\ncommand: c:\\x_runner_x\\.venv\\Scripts\\python.exe -m ruff check . --fix --select ALL --ignore D,COM812,ISC001,T20 --line-length 88 --target-version py311\nstarted_at: 2025-12-13T14:51:41.875850+00:00\nduration: 0.782s\ntool_version: ruff 0.14.9\nstdout:\nE501 Line too long (100 > 88)\n   --> _fallback_models.py:110:89\n    |\n108 |         identifier=\"melchior\",\n109 |         display_name=\"MELCHIOR\",\n\u2026\nstderr:\n<empty>",
            "repo": "x_legatus_senatus_machina_x",
            "repo_path": "c:\\x_runner_x\\x_legatus_senatus_machina_x",
            "stderr_artifact": null,
            "stderr_preview": null,
            "stdout_artifact": {
                "bytes": 53523,
                "path": "C:\\x_runner_x\\x_make_github_visitor_x\\x_make_github_visitor_x\\reports\\artifacts\\visitor_failures_20251213_145323\\0007_x-legatus-senatus-machina-x_ruff-fix_stdout.log",
                "sha256": "63aaa501e98e01584abd73ff42ee42a1707393e31b62fe4cf67a9a8a5833339b"
            },
            "stdout_preview": "E501 Line too long (100 > 88)\n   --> _fallback_models.py:110:89\n    |\n108 |         identifier=\"melchior\",\n109 |         display_name=\"MELCHIOR\",\n\u2026",
            "suggested_action": "Investigate",
            "summary": "ruff_fix failed for x_legatus_senatus_machina_x (exit 1) cwd: c:\\x_runner_x\\x_legatus_senatus_machina_x command: c:\\x_runner_x\\.venv\\Scripts\\python.exe -m ruff check . --fix --select ALL --ignore D,COM812,ISC001,T20 --line-length 88 --targ\u2026",
            "tool": "ruff_fix",
            "tool_version": "ruff 0.14.9"
        },
        {
            "captured_at": "2025-12-13T14:52:24.814038+00:00",
            "command": "c:\\x_runner_x\\.venv\\Scripts\\python.exe -m black . --line-length 88 --target-version py311 --check --diff",
            "detail": {
                "cached": false,
                "cmd": [
                    "c:\\x_runner_x\\.venv\\Scripts\\python.exe",
                    "-m",
                    "black",
                    ".",
                    "--line-length",
                    "88",
                    "--target-version",
                    "py311",
                    "--check",
                    "--diff"
                ],
                "cmd_display": "c:\\x_runner_x\\.venv\\Scripts\\python.exe -m black . --line-length 88 --target-version py311 --check --diff",
                "cwd": "c:\\x_runner_x\\x_legatus_vigil_nexus_x",
                "duration_seconds": 2.591629100003047,
                "ended_at": "2025-12-13T14:52:24.814038+00:00",
                "exit": 1,
                "failed_files": [],
                "files_checked": [
                    "__init__.py",
                    "clients/__init__.py",
                    "clients/session_client.py",
                    "clients/windows/__init__.py",
                    "clients/windows/main.py",
                    "control_plane/__init__.py",
                    "control_plane/config.py",
                    "control_plane/models.py",
                    "control_plane/security.py",
                    "control_plane/session_manager.py",
                    "control_plane/video_router.py",
                    "firmware/__init__.py",
                    "firmware/boot.py",
                    "firmware/config_store.py",
                    "firmware/hid_relay.py",
                    "firmware/main.py",
                    "firmware/video_pipeline.py",
                    "firmware/websocket_router.py",
                    "firmware/wifi_manager.py",
                    "typings/httpx/__init__.pyi",
                    "typings/pydantic/__init__.pyi",
                    "typings/websockets/__init__.pyi"
                ],
                "repo": "x_legatus_vigil_nexus_x",
                "repo_hash": "ea23fdeb3a0117a33fbee955bc5dfc96a8c7088752227cbe8d7ef0cb4c003ee2",
                "repo_path": "c:\\x_runner_x\\x_legatus_vigil_nexus_x",
                "started_at": "2025-12-13T14:52:22.223696+00:00",
                "tool": "black",
                "tool_module": "black",
                "tool_version": "python -m black, 25.12.0 (compiled: yes)\nPython (CPython) 3.12.6"
            },
            "exit": "exit 1",
            "message": "black failed for x_legatus_vigil_nexus_x (exit 1)\ncwd: c:\\x_runner_x\\x_legatus_vigil_nexus_x\ncommand: c:\\x_runner_x\\.venv\\Scripts\\python.exe -m black . --line-length 88 --target-version py311 --check --diff\nstarted_at: 2025-12-13T14:52:22.223696+00:00\nduration: 2.592s\ntool_version: python -m black, 25.12.0 (compiled: yes)\nPython (CPython) 3.12.6\nstdout:\n--- C:\\x_runner_x\\x_legatus_vigil_nexus_x\\typings\\httpx\\__init__.pyi\t2025-12-12 22:39:40.080806+00:00\n+++ C:\\x_runner_x\\x_legatus_vigil_nexus_x\\typings\\httpx\\__init__.pyi\t2025-12-13 14:52:24.479016+00:00\n@@ -1,14 +1,15 @@\n-\n from collections.abc import Mapping\n\u2026\nstderr:\nwould reformat C:\\x_runner_x\\x_legatus_vigil_nexus_x\\typings\\httpx\\__init__.pyi\nwould reformat C:\\x_runner_x\\x_legatus_vigil_nexus_x\\clients\\session_client.py\nwould reformat C:\\x_runner_x\\x_legatus_vigil_nexus_x\\typings\\websockets\\__init__.pyi\nwould reformat C:\\x_runner_x\\x_legatus_vigil_nexus_x\\control_plane\\models.py\n\n\u2026",
            "repo": "x_legatus_vigil_nexus_x",
            "repo_path": "c:\\x_runner_x\\x_legatus_vigil_nexus_x",
            "stderr_artifact": {
                "bytes": 426,
                "path": "C:\\x_runner_x\\x_make_github_visitor_x\\x_make_github_visitor_x\\reports\\artifacts\\visitor_failures_20251213_145323\\0011_x-legatus-vigil-nexus-x_black_stderr.log",
                "sha256": "452ae7c2a56c7c7db6de71c1eba2a8e63db0ec3da90fed3cd50178c16caa458f"
            },
            "stderr_preview": "would reformat C:\\x_runner_x\\x_legatus_vigil_nexus_x\\typings\\httpx\\__init__.pyi\nwould reformat C:\\x_runner_x\\x_legatus_vigil_nexus_x\\clients\\session_client.py\nwould reformat C:\\x_runner_x\\x_legatus_vigil_nexus_x\\typings\\websockets\\__init__.pyi\nwould reformat C:\\x_runner_x\\x_legatus_vigil_nexus_x\\control_plane\\models.py\n\n\u2026",
            "stdout_artifact": {
                "bytes": 3629,
                "path": "C:\\x_runner_x\\x_make_github_visitor_x\\x_make_github_visitor_x\\reports\\artifacts\\visitor_failures_20251213_145323\\0011_x-legatus-vigil-nexus-x_black_stdout.log",
                "sha256": "cac5ba657a5b33f00bb5dc32a8cdb676634fa354f4883a594a9e956e01c878f0"
            },
            "stdout_preview": "--- C:\\x_runner_x\\x_legatus_vigil_nexus_x\\typings\\httpx\\__init__.pyi\t2025-12-12 22:39:40.080806+00:00\n+++ C:\\x_runner_x\\x_legatus_vigil_nexus_x\\typings\\httpx\\__init__.pyi\t2025-12-13 14:52:24.479016+00:00\n@@ -1,14 +1,15 @@\n-\n from collections.abc import Mapping\n\u2026",
            "suggested_action": "Investigate",
            "summary": "black failed for x_legatus_vigil_nexus_x (exit 1) cwd: c:\\x_runner_x\\x_legatus_vigil_nexus_x command: c:\\x_runner_x\\.venv\\Scripts\\python.exe -m black . --line-length 88 --target-version py311 --check --diff started_at: 2025-12-13T14:52:22.\u2026",
            "tool": "black",
            "tool_version": "python -m black, 25.12.0 (compiled: yes)\nPython (CPython) 3.12.6"
        },
        {
            "captured_at": "2025-12-13T14:52:25.074676+00:00",
            "command": "c:\\x_runner_x\\.venv\\Scripts\\python.exe -m ruff check . --select ALL --ignore D,COM812,ISC001,T20 --line-length 88 --target-version py311",
            "detail": {
                "cached": false,
                "cmd": [
                    "c:\\x_runner_x\\.venv\\Scripts\\python.exe",
                    "-m",
                    "ruff",
                    "check",
                    ".",
                    "--select",
                    "ALL",
                    "--ignore",
                    "D,COM812,ISC001,T20",
                    "--line-length",
                    "88",
                    "--target-version",
                    "py311"
                ],
                "cmd_display": "c:\\x_runner_x\\.venv\\Scripts\\python.exe -m ruff check . --select ALL --ignore D,COM812,ISC001,T20 --line-length 88 --target-version py311",
                "cwd": "c:\\x_runner_x\\x_legatus_vigil_nexus_x",
                "duration_seconds": 0.25552730000345036,
                "ended_at": "2025-12-13T14:52:25.074676+00:00",
                "exit": 1,
                "failed_files": [],
                "files_checked": [
                    "__init__.py",
                    "clients/__init__.py",
                    "clients/session_client.py",
                    "clients/windows/__init__.py",
                    "clients/windows/main.py",
                    "control_plane/__init__.py",
                    "control_plane/config.py",
                    "control_plane/models.py",
                    "control_plane/security.py",
                    "control_plane/session_manager.py",
                    "control_plane/video_router.py",
                    "firmware/__init__.py",
                    "firmware/boot.py",
                    "firmware/config_store.py",
                    "firmware/hid_relay.py",
                    "firmware/main.py",
                    "firmware/video_pipeline.py",
                    "firmware/websocket_router.py",
                    "firmware/wifi_manager.py",
                    "typings/httpx/__init__.pyi",
                    "typings/pydantic/__init__.pyi",
                    "typings/websockets/__init__.pyi"
                ],
                "repo": "x_legatus_vigil_nexus_x",
                "repo_hash": "ea23fdeb3a0117a33fbee955bc5dfc96a8c7088752227cbe8d7ef0cb4c003ee2",
                "repo_path": "c:\\x_runner_x\\x_legatus_vigil_nexus_x",
                "started_at": "2025-12-13T14:52:24.819234+00:00",
                "tool": "ruff_check",
                "tool_module": "ruff",
                "tool_version": "ruff 0.14.9"
            },
            "exit": "exit 1",
            "message": "ruff_check failed for x_legatus_vigil_nexus_x (exit 1)\ncwd: c:\\x_runner_x\\x_legatus_vigil_nexus_x\ncommand: c:\\x_runner_x\\.venv\\Scripts\\python.exe -m ruff check . --select ALL --ignore D,COM812,ISC001,T20 --line-length 88 --target-version py311\nstarted_at: 2025-12-13T14:52:24.819234+00:00\nduration: 0.256s\ntool_version: ruff 0.14.9\nstdout:\nTC003 Move standard library import `collections.abc.AsyncIterator` into a type-checking block\n --> clients\\session_client.py:7:29\n  |\n5 | import asyncio\n6 | import json\n\u2026\nstderr:\n<empty>",
            "repo": "x_legatus_vigil_nexus_x",
            "repo_path": "c:\\x_runner_x\\x_legatus_vigil_nexus_x",
            "stderr_artifact": null,
            "stderr_preview": null,
            "stdout_artifact": {
                "bytes": 4395,
                "path": "C:\\x_runner_x\\x_make_github_visitor_x\\x_make_github_visitor_x\\reports\\artifacts\\visitor_failures_20251213_145323\\0012_x-legatus-vigil-nexus-x_ruff-check_stdout.log",
                "sha256": "cf9cba624eaa38514282f7eea71698a4f39868f3f093a6cdc6d1ce693c0a97f5"
            },
            "stdout_preview": "TC003 Move standard library import `collections.abc.AsyncIterator` into a type-checking block\n --> clients\\session_client.py:7:29\n  |\n5 | import asyncio\n6 | import json\n\u2026",
            "suggested_action": "Investigate",
            "summary": "ruff_check failed for x_legatus_vigil_nexus_x (exit 1) cwd: c:\\x_runner_x\\x_legatus_vigil_nexus_x command: c:\\x_runner_x\\.venv\\Scripts\\python.exe -m ruff check . --select ALL --ignore D,COM812,ISC001,T20 --line-length 88 --target-version p\u2026",
            "tool": "ruff_check",
            "tool_version": "ruff 0.14.9"
        },
        {
            "captured_at": "2025-12-13T14:52:22.215980+00:00",
            "command": "c:\\x_runner_x\\.venv\\Scripts\\python.exe -m ruff check . --fix --select ALL --ignore D,COM812,ISC001,T20 --line-length 88 --target-version py311",
            "detail": {
                "cached": false,
                "cmd": [
                    "c:\\x_runner_x\\.venv\\Scripts\\python.exe",
                    "-m",
                    "ruff",
                    "check",
                    ".",
                    "--fix",
                    "--select",
                    "ALL",
                    "--ignore",
                    "D,COM812,ISC001,T20",
                    "--line-length",
                    "88",
                    "--target-version",
                    "py311"
                ],
                "cmd_display": "c:\\x_runner_x\\.venv\\Scripts\\python.exe -m ruff check . --fix --select ALL --ignore D,COM812,ISC001,T20 --line-length 88 --target-version py311",
                "cwd": "c:\\x_runner_x\\x_legatus_vigil_nexus_x",
                "duration_seconds": 0.3005344000121113,
                "ended_at": "2025-12-13T14:52:22.215980+00:00",
                "exit": 1,
                "failed_files": [],
                "files_checked": [
                    "__init__.py",
                    "clients/__init__.py",
                    "clients/session_client.py",
                    "clients/windows/__init__.py",
                    "clients/windows/main.py",
                    "control_plane/__init__.py",
                    "control_plane/config.py",
                    "control_plane/models.py",
                    "control_plane/security.py",
                    "control_plane/session_manager.py",
                    "control_plane/video_router.py",
                    "firmware/__init__.py",
                    "firmware/boot.py",
                    "firmware/config_store.py",
                    "firmware/hid_relay.py",
                    "firmware/main.py",
                    "firmware/video_pipeline.py",
                    "firmware/websocket_router.py",
                    "firmware/wifi_manager.py",
                    "typings/httpx/__init__.pyi",
                    "typings/pydantic/__init__.pyi",
                    "typings/websockets/__init__.pyi"
                ],
                "repo": "x_legatus_vigil_nexus_x",
                "repo_hash": "ea23fdeb3a0117a33fbee955bc5dfc96a8c7088752227cbe8d7ef0cb4c003ee2",
                "repo_path": "c:\\x_runner_x\\x_legatus_vigil_nexus_x",
                "started_at": "2025-12-13T14:52:21.918087+00:00",
                "tool": "ruff_fix",
                "tool_module": "ruff",
                "tool_version": "ruff 0.14.9"
            },
            "exit": "exit 1",
            "message": "ruff_fix failed for x_legatus_vigil_nexus_x (exit 1)\ncwd: c:\\x_runner_x\\x_legatus_vigil_nexus_x\ncommand: c:\\x_runner_x\\.venv\\Scripts\\python.exe -m ruff check . --fix --select ALL --ignore D,COM812,ISC001,T20 --line-length 88 --target-version py311\nstarted_at: 2025-12-13T14:52:21.918087+00:00\nduration: 0.301s\ntool_version: ruff 0.14.9\nstdout:\nTC003 Move standard library import `collections.abc.AsyncIterator` into a type-checking block\n --> clients\\session_client.py:7:29\n  |\n5 | import asyncio\n6 | import json\n\u2026\nstderr:\n<empty>",
            "repo": "x_legatus_vigil_nexus_x",
            "repo_path": "c:\\x_runner_x\\x_legatus_vigil_nexus_x",
            "stderr_artifact": null,
            "stderr_preview": null,
            "stdout_artifact": {
                "bytes": 4395,
                "path": "C:\\x_runner_x\\x_make_github_visitor_x\\x_make_github_visitor_x\\reports\\artifacts\\visitor_failures_20251213_145323\\0010_x-legatus-vigil-nexus-x_ruff-fix_stdout.log",
                "sha256": "cf9cba624eaa38514282f7eea71698a4f39868f3f093a6cdc6d1ce693c0a97f5"
            },
            "stdout_preview": "TC003 Move standard library import `collections.abc.AsyncIterator` into a type-checking block\n --> clients\\session_client.py:7:29\n  |\n5 | import asyncio\n6 | import json\n\u2026",
            "suggested_action": "Investigate",
            "summary": "ruff_fix failed for x_legatus_vigil_nexus_x (exit 1) cwd: c:\\x_runner_x\\x_legatus_vigil_nexus_x command: c:\\x_runner_x\\.venv\\Scripts\\python.exe -m ruff check . --fix --select ALL --ignore D,COM812,ISC001,T20 --line-length 88 --target-versi\u2026",
            "tool": "ruff_fix",
            "tool_version": "ruff 0.14.9"
        },
        {
            "captured_at": "2025-12-13T14:53:19.454273+00:00",
            "command": "c:\\x_runner_x\\.venv\\Scripts\\python.exe -m mypy --package x_make_graphviz_x --strict --no-warn-unused-configs --show-error-codes --warn-return-any --warn-unreachable --disallow-any-unimported --disallow-any-expr --disallow-any-decorated --disallow-any-explicit",
            "detail": {
                "cached": false,
                "cmd": [
                    "c:\\x_runner_x\\.venv\\Scripts\\python.exe",
                    "-m",
                    "mypy",
                    "--package",
                    "x_make_graphviz_x",
                    "--strict",
                    "--no-warn-unused-configs",
                    "--show-error-codes",
                    "--warn-return-any",
                    "--warn-unreachable",
                    "--disallow-any-unimported",
                    "--disallow-any-expr",
                    "--disallow-any-decorated",
                    "--disallow-any-explicit"
                ],
                "cmd_display": "c:\\x_runner_x\\.venv\\Scripts\\python.exe -m mypy --package x_make_graphviz_x --strict --no-warn-unused-configs --show-error-codes --warn-return-any --warn-unreachable --disallow-any-unimported --disallow-any-expr --disallow-any-decorated --disallow-any-explicit",
                "cwd": "c:\\x_runner_x\\x_make_graphviz_x",
                "duration_seconds": 1.4890950999979395,
                "ended_at": "2025-12-13T14:53:19.454273+00:00",
                "exit": 1,
                "failed_files": [],
                "files_checked": [
                    "__init__.py",
                    "examples/rca_tool.py",
                    "examples/switcharoo_ishikawa_factory.py",
                    "json_contracts/__init__.py",
                    "tests/__init__.py",
                    "tests/conftest.py",
                    "tests/test_graphviz_builder.py",
                    "tests/test_json_contracts.py",
                    "tests/test_rca_tool.py",
                    "x_cls_make_graphviz_x.py"
                ],
                "repo": "x_make_graphviz_x",
                "repo_hash": "18f98d6f5899bda407e0df25cf34551e7633eef520af8f50770b3cd64a847f6a",
                "repo_path": "c:\\x_runner_x\\x_make_graphviz_x",
                "started_at": "2025-12-13T14:53:17.964469+00:00",
                "tool": "mypy",
                "tool_module": "mypy",
                "tool_version": "mypy 1.19.0 (compiled: yes)"
            },
            "exit": "exit 1",
            "message": "mypy failed for x_make_graphviz_x (exit 1)\ncwd: c:\\x_runner_x\\x_make_graphviz_x\ncommand: c:\\x_runner_x\\.venv\\Scripts\\python.exe -m mypy --package x_make_graphviz_x --strict --no-warn-unused-configs --show-error-codes --warn-return-any --warn-unreachable --disallow-any-unimported --disallow-any-expr --disallow-any-decorated --disallow-any-explicit\nstarted_at: 2025-12-13T14:53:17.964469+00:00\nduration: 1.489s\ntool_version: mypy 1.19.0 (compiled: yes)\nstdout:\nexamples\\switcharoo_ishikawa_factory.py:254: error: Expression has type \"Any\"  [misc]\nexamples\\switcharoo_ishikawa_factory.py:256: error: Expression has type \"Any\"  [misc]\nexamples\\switcharoo_ishikawa_factory.py:257: error: Expression has type \"Any\"  [misc]\nexamples\\switcharoo_ishikawa_factory.py:258: error: Expression has type \"Any\"  [misc]\nexamples\\switcharoo_ishikawa_factory.py:259: error: Expression has type \"Any\"  [misc]\n\u2026\nstderr:\n<empty>",
            "repo": "x_make_graphviz_x",
            "repo_path": "c:\\x_runner_x\\x_make_graphviz_x",
            "stderr_artifact": null,
            "stderr_preview": null,
            "stdout_artifact": {
                "bytes": 12391,
                "path": "C:\\x_runner_x\\x_make_github_visitor_x\\x_make_github_visitor_x\\reports\\artifacts\\visitor_failures_20251213_145323\\0015_x-make-graphviz-x_mypy_stdout.log",
                "sha256": "e0c1395f7c1d9d6237ffdfd18ddd228c1785c1f9c02d25539991c5746366c920"
            },
            "stdout_preview": "examples\\switcharoo_ishikawa_factory.py:254: error: Expression has type \"Any\"  [misc]\nexamples\\switcharoo_ishikawa_factory.py:256: error: Expression has type \"Any\"  [misc]\nexamples\\switcharoo_ishikawa_factory.py:257: error: Expression has type \"Any\"  [misc]\nexamples\\switcharoo_ishikawa_factory.py:258: error: Expression has type \"Any\"  [misc]\nexamples\\switcharoo_ishikawa_factory.py:259: error: Expression has type \"Any\"  [misc]\n\u2026",
            "suggested_action": "Investigate",
            "summary": "mypy failed for x_make_graphviz_x (exit 1) cwd: c:\\x_runner_x\\x_make_graphviz_x command: c:\\x_runner_x\\.venv\\Scripts\\python.exe -m mypy --package x_make_graphviz_x --strict --no-warn-unused-configs --show-error-codes --warn-return-any --wa\u2026",
            "tool": "mypy",
            "tool_version": "mypy 1.19.0 (compiled: yes)"
        },
        {
            "captured_at": "2025-12-13T14:53:17.958661+00:00",
            "command": "c:\\x_runner_x\\.venv\\Scripts\\python.exe -m ruff check . --select ALL --ignore D,COM812,ISC001,T20 --line-length 88 --target-version py311",
            "detail": {
                "cached": false,
                "cmd": [
                    "c:\\x_runner_x\\.venv\\Scripts\\python.exe",
                    "-m",
                    "ruff",
                    "check",
                    ".",
                    "--select",
                    "ALL",
                    "--ignore",
                    "D,COM812,ISC001,T20",
                    "--line-length",
                    "88",
                    "--target-version",
                    "py311"
                ],
                "cmd_display": "c:\\x_runner_x\\.venv\\Scripts\\python.exe -m ruff check . --select ALL --ignore D,COM812,ISC001,T20 --line-length 88 --target-version py311",
                "cwd": "c:\\x_runner_x\\x_make_graphviz_x",
                "duration_seconds": 0.3755158999993,
                "ended_at": "2025-12-13T14:53:17.958661+00:00",
                "exit": 1,
                "failed_files": [],
                "files_checked": [
                    "__init__.py",
                    "examples/rca_tool.py",
                    "examples/switcharoo_ishikawa_factory.py",
                    "json_contracts/__init__.py",
                    "tests/__init__.py",
                    "tests/conftest.py",
                    "tests/test_graphviz_builder.py",
                    "tests/test_json_contracts.py",
                    "tests/test_rca_tool.py",
                    "x_cls_make_graphviz_x.py"
                ],
                "repo": "x_make_graphviz_x",
                "repo_hash": "18f98d6f5899bda407e0df25cf34551e7633eef520af8f50770b3cd64a847f6a",
                "repo_path": "c:\\x_runner_x\\x_make_graphviz_x",
                "started_at": "2025-12-13T14:53:17.583133+00:00",
                "tool": "ruff_check",
                "tool_module": "ruff",
                "tool_version": "ruff 0.14.9"
            },
            "exit": "exit 1",
            "message": "ruff_check failed for x_make_graphviz_x (exit 1)\ncwd: c:\\x_runner_x\\x_make_graphviz_x\ncommand: c:\\x_runner_x\\.venv\\Scripts\\python.exe -m ruff check . --select ALL --ignore D,COM812,ISC001,T20 --line-length 88 --target-version py311\nstarted_at: 2025-12-13T14:53:17.583133+00:00\nduration: 0.376s\ntool_version: ruff 0.14.9\nstdout:\nINP001 File `examples\\rca_tool.py` is part of an implicit namespace package. Add an `__init__.py`.\n--> examples\\rca_tool.py:1:1\n\nTC003 Move standard library import `collections.abc.Iterable` into a type-checking block\n  --> examples\\rca_tool.py:8:29\n\u2026\nstderr:\n<empty>",
            "repo": "x_make_graphviz_x",
            "repo_path": "c:\\x_runner_x\\x_make_graphviz_x",
            "stderr_artifact": null,
            "stderr_preview": null,
            "stdout_artifact": {
                "bytes": 11078,
                "path": "C:\\x_runner_x\\x_make_github_visitor_x\\x_make_github_visitor_x\\reports\\artifacts\\visitor_failures_20251213_145323\\0014_x-make-graphviz-x_ruff-check_stdout.log",
                "sha256": "be98992f8ff09cff8d14cb84c48a49727bd180cb199853519010226519d1294c"
            },
            "stdout_preview": "INP001 File `examples\\rca_tool.py` is part of an implicit namespace package. Add an `__init__.py`.\n--> examples\\rca_tool.py:1:1\n\nTC003 Move standard library import `collections.abc.Iterable` into a type-checking block\n  --> examples\\rca_tool.py:8:29\n\u2026",
            "suggested_action": "Investigate",
            "summary": "ruff_check failed for x_make_graphviz_x (exit 1) cwd: c:\\x_runner_x\\x_make_graphviz_x command: c:\\x_runner_x\\.venv\\Scripts\\python.exe -m ruff check . --select ALL --ignore D,COM812,ISC001,T20 --line-length 88 --target-version py311 started\u2026",
            "tool": "ruff_check",
            "tool_version": "ruff 0.14.9"
        },
        {
            "captured_at": "2025-12-13T14:53:13.259544+00:00",
            "command": "c:\\x_runner_x\\.venv\\Scripts\\python.exe -m ruff check . --fix --select ALL --ignore D,COM812,ISC001,T20 --line-length 88 --target-version py311",
            "detail": {
                "cached": false,
                "cmd": [
                    "c:\\x_runner_x\\.venv\\Scripts\\python.exe",
                    "-m",
                    "ruff",
                    "check",
                    ".",
                    "--fix",
                    "--select",
                    "ALL",
                    "--ignore",
                    "D,COM812,ISC001,T20",
                    "--line-length",
                    "88",
                    "--target-version",
                    "py311"
                ],
                "cmd_display": "c:\\x_runner_x\\.venv\\Scripts\\python.exe -m ruff check . --fix --select ALL --ignore D,COM812,ISC001,T20 --line-length 88 --target-version py311",
                "cwd": "c:\\x_runner_x\\x_make_graphviz_x",
                "duration_seconds": 0.23770220001460984,
                "ended_at": "2025-12-13T14:53:13.259544+00:00",
                "exit": 1,
                "failed_files": [],
                "files_checked": [
                    "__init__.py",
                    "examples/rca_tool.py",
                    "examples/switcharoo_ishikawa_factory.py",
                    "json_contracts/__init__.py",
                    "tests/__init__.py",
                    "tests/conftest.py",
                    "tests/test_graphviz_builder.py",
                    "tests/test_json_contracts.py",
                    "tests/test_rca_tool.py",
                    "x_cls_make_graphviz_x.py"
                ],
                "repo": "x_make_graphviz_x",
                "repo_hash": "18f98d6f5899bda407e0df25cf34551e7633eef520af8f50770b3cd64a847f6a",
                "repo_path": "c:\\x_runner_x\\x_make_graphviz_x",
                "started_at": "2025-12-13T14:53:13.022364+00:00",
                "tool": "ruff_fix",
                "tool_module": "ruff",
                "tool_version": "ruff 0.14.9"
            },
            "exit": "exit 1",
            "message": "ruff_fix failed for x_make_graphviz_x (exit 1)\ncwd: c:\\x_runner_x\\x_make_graphviz_x\ncommand: c:\\x_runner_x\\.venv\\Scripts\\python.exe -m ruff check . --fix --select ALL --ignore D,COM812,ISC001,T20 --line-length 88 --target-version py311\nstarted_at: 2025-12-13T14:53:13.022364+00:00\nduration: 0.238s\ntool_version: ruff 0.14.9\nstdout:\nINP001 File `examples\\rca_tool.py` is part of an implicit namespace package. Add an `__init__.py`.\n--> examples\\rca_tool.py:1:1\n\nTC003 Move standard library import `collections.abc.Iterable` into a type-checking block\n  --> examples\\rca_tool.py:8:29\n\u2026\nstderr:\n<empty>",
            "repo": "x_make_graphviz_x",
            "repo_path": "c:\\x_runner_x\\x_make_graphviz_x",
            "stderr_artifact": null,
            "stderr_preview": null,
            "stdout_artifact": {
                "bytes": 11078,
                "path": "C:\\x_runner_x\\x_make_github_visitor_x\\x_make_github_visitor_x\\reports\\artifacts\\visitor_failures_20251213_145323\\0013_x-make-graphviz-x_ruff-fix_stdout.log",
                "sha256": "be98992f8ff09cff8d14cb84c48a49727bd180cb199853519010226519d1294c"
            },
            "stdout_preview": "INP001 File `examples\\rca_tool.py` is part of an implicit namespace package. Add an `__init__.py`.\n--> examples\\rca_tool.py:1:1\n\nTC003 Move standard library import `collections.abc.Iterable` into a type-checking block\n  --> examples\\rca_tool.py:8:29\n\u2026",
            "suggested_action": "Investigate",
            "summary": "ruff_fix failed for x_make_graphviz_x (exit 1) cwd: c:\\x_runner_x\\x_make_graphviz_x command: c:\\x_runner_x\\.venv\\Scripts\\python.exe -m ruff check . --fix --select ALL --ignore D,COM812,ISC001,T20 --line-length 88 --target-version py311 sta\u2026",
            "tool": "ruff_fix",
            "tool_version": "ruff 0.14.9"
        }
    ],
    "generated_at": "2025-12-13T14:53:23.489111+00:00",
    "payload_checksum": "7aeb9a01c3bc0cd7469deb3fb77e00ea29b8dcd26c37921a26be3c4edc455dbe",
    "runtime": {
        "environment": {
            "PATH": "C:\\windows\\system32;C:\\windows;C:\\windows\\System32\\Wbem;C:\\windows\\System32\\WindowsPowerShell\\v1.0\\;C:\\windows\\System32\\OpenSSH\\;C:\\Program Files\\HP\\HP One Agent;C:\\Program Files\\Git\\cmd;C:\\Program Files\\GitHub CLI\\;C:\\Users\\eye43\\AppData\\Local\\Programs\\Python\\Launcher\\;C:\\Users\\eye43\\AppData\\Local\\Programs\\Microsoft VS Code\\bin;C:\\x_runner_x\\tools\\node-v20.11.1-win-x64\\node-v20.11.1-win-x64;C:\\x_runner_x\\tools\\node-v20.11.1-win-x64\\node-v20.11.1-win-x64\\node_modules\\npm\\bin;C:\\Users\\eye43\\AppData\\Local\\Programs\\Python\\Python314\\Scripts;C:\\ProgramData\\chocolatey\\bin;C:\\Users\\eye43\\AppData\\Local\\Programs\\Python\\Launcher\\;C:\\Users\\eye43\\AppData\\Local\\Programs\\Microsoft VS Code\\bin;C:\\x_runner_x\\tools\\node-v20.11.1-win-x64\\node-v20.11.1-win-x64;C:\\x_runner_x\\tools\\node-v20.11.1-win-x64\\node-v20.11.1-win-x64\\node_modules\\npm\\bin;C:\\Users\\eye43\\AppData\\Local\\Programs\\Python\\Python314\\Scripts"
        },
        "fast_paths": {
            "quick_mode": false,
            "skip_content_hash": false,
            "skip_tools": false
        },
        "platform": "Windows-11-10.0.26100-SP0",
        "python_executable": "c:\\x_runner_x\\.venv\\Scripts\\python.exe",
        "python_version": "3.12.6 (main, Sep  9 2024, 20:50:27) [MSC v.1929 64 bit (AMD64)]",
        "run_completed_at": "2025-12-13T14:53:23.489111+00:00",
        "run_started_at": "2025-12-13T14:50:43.856418+00:00",
        "selected_tools": [
            "ruff_fix",
            "black",
            "ruff_check",
            "mypy",
            "pyright"
        ],
        "workspace_root": "c:\\x_runner_x"
    },
    "schema_version": "x_make_github_visitor_x.report/1.0",
    "summary": {
        "fast_paths": {
            "quick_mode": false,
            "skip_content_hash": false,
            "skip_tools": false
        },
        "fast_paths_active": [],
        "overall_stats": {
            "cache_hits": 0,
            "cache_misses": 30,
            "failed_tools": 15,
            "had_failures": true,
            "total_tools_run": 30
        },
        "repos": {
            "x_legatus_scriba_machina_x": {
                "cached": 0,
                "failed": 4,
                "repo_hash": "c38a52b12862452bdfae5b5f291ae0a72f3058bf37183d1d05ccedc009ae3924",
                "tools": {
                    "black": {
                        "cached": false,
                        "exit": 1,
                        "timed_out": false
                    },
                    "mypy": {
                        "cached": false,
                        "exit": 1,
                        "timed_out": false
                    },
                    "pyright": {
                        "cached": false,
                        "exit": 0,
                        "timed_out": false
                    },
                    "ruff_check": {
                        "cached": false,
                        "exit": 1,
                        "timed_out": false
                    },
                    "ruff_fix": {
                        "cached": false,
                        "exit": 1,
                        "timed_out": false
                    }
                }
            },
            "x_legatus_segmentum_judicium_x": {
                "cached": 0,
                "failed": 2,
                "repo_hash": "51aa8f9d98f5c9ae071f6c5e5741c43c56144eeb7ac1a74d7b33f2bb4bf2cb75",
                "tools": {
                    "black": {
                        "cached": false,
                        "exit": 0,
                        "timed_out": false
                    },
                    "mypy": {
                        "cached": false,
                        "exit": 1,
                        "timed_out": false
                    },
                    "pyright": {
                        "cached": false,
                        "exit": 1,
                        "timed_out": false
                    },
                    "ruff_check": {
                        "cached": false,
                        "exit": 0,
                        "timed_out": false
                    },
                    "ruff_fix": {
                        "cached": false,
                        "exit": 0,
                        "timed_out": false
                    }
                }
            },
            "x_legatus_senatus_machina_x": {
                "cached": 0,
                "failed": 3,
                "repo_hash": "76b7aae45e1bbb257ae75868af58e5a65df480fb18231795c7ea158ca9c7c8a5",
                "tools": {
                    "black": {
                        "cached": false,
                        "exit": 0,
                        "timed_out": false
                    },
                    "mypy": {
                        "cached": false,
                        "exit": 1,
                        "timed_out": false
                    },
                    "pyright": {
                        "cached": false,
                        "exit": 0,
                        "timed_out": false
                    },
                    "ruff_check": {
                        "cached": false,
                        "exit": 1,
                        "timed_out": false
                    },
                    "ruff_fix": {
                        "cached": false,
                        "exit": 1,
                        "timed_out": false
                    }
                }
            },
            "x_legatus_tactica_impetus_x": {
                "cached": 0,
                "failed": 0,
                "repo_hash": "62e8d3718dcd7a2acb8bbb29694c3cc666b6271a0cf75a937af3731b43a4676d",
                "tools": {
                    "black": {
                        "cached": false,
                        "exit": 0,
                        "timed_out": false
                    },
                    "mypy": {
                        "cached": false,
                        "exit": 0,
                        "timed_out": false
                    },
                    "pyright": {
                        "cached": false,
                        "exit": 0,
                        "timed_out": false
                    },
                    "ruff_check": {
                        "cached": false,
                        "exit": 0,
                        "timed_out": false
                    },
                    "ruff_fix": {
                        "cached": false,
                        "exit": 0,
                        "timed_out": false
                    }
                }
            },
            "x_legatus_vigil_nexus_x": {
                "cached": 0,
                "failed": 3,
                "repo_hash": "ea23fdeb3a0117a33fbee955bc5dfc96a8c7088752227cbe8d7ef0cb4c003ee2",
                "tools": {
                    "black": {
                        "cached": false,
                        "exit": 1,
                        "timed_out": false
                    },
                    "mypy": {
                        "cached": false,
                        "exit": 0,
                        "timed_out": false
                    },
                    "pyright": {
                        "cached": false,
                        "exit": 0,
                        "timed_out": false
                    },
                    "ruff_check": {
                        "cached": false,
                        "exit": 1,
                        "timed_out": false
                    },
                    "ruff_fix": {
                        "cached": false,
                        "exit": 1,
                        "timed_out": false
                    }
                }
            },
            "x_make_graphviz_x": {
                "cached": 0,
                "failed": 3,
                "repo_hash": "18f98d6f5899bda407e0df25cf34551e7633eef520af8f50770b3cd64a847f6a",
                "tools": {
                    "black": {
                        "cached": false,
                        "exit": 0,
                        "timed_out": false
                    },
                    "mypy": {
                        "cached": false,
                        "exit": 1,
                        "timed_out": false
                    },
                    "pyright": {
                        "cached": false,
                        "exit": 0,
                        "timed_out": false
                    },
                    "ruff_check": {
                        "cached": false,
                        "exit": 1,
                        "timed_out": false
                    },
                    "ruff_fix": {
                        "cached": false,
                        "exit": 1,
                        "timed_out": false
                    }
                }
            }
        },
        "timestamp": "2025-12-13T14:53:23.489111+00:00",
        "total_repos": 6
    },
    "tool_versions": {
        "black": "python -m black, 25.12.0 (compiled: yes)\nPython (CPython) 3.12.6",
        "mypy": "mypy 1.19.0 (compiled: yes)",
        "pyright": "pyright 1.1.407",
        "ruff": "ruff 0.14.9"
    },
    "workspace_root": "c:\\x_runner_x"
}