{
    "artifact_root": "C:\\x_runner_x\\x_make_github_visitor_x\\x_make_github_visitor_x\\reports\\artifacts\\visitor_failures_20251214_195501",
    "failures": [
        {
            "captured_at": "2025-12-14T19:41:44.372527+00:00",
            "command": "C:\\x_runner_x\\.venv\\Scripts\\python.exe -m black . --line-length 88 --target-version py311 --check --diff",
            "detail": {
                "cached": false,
                "cmd": [
                    "C:\\x_runner_x\\.venv\\Scripts\\python.exe",
                    "-m",
                    "black",
                    ".",
                    "--line-length",
                    "88",
                    "--target-version",
                    "py311",
                    "--check",
                    "--diff"
                ],
                "cmd_display": "C:\\x_runner_x\\.venv\\Scripts\\python.exe -m black . --line-length 88 --target-version py311 --check --diff",
                "cwd": "C:\\x_runner_x\\x_0_make_all_x",
                "duration_seconds": 8.253086999997322,
                "ended_at": "2025-12-14T19:41:44.372527+00:00",
                "exit": 1,
                "failed_files": [],
                "files_checked": [
                    "__init__.py",
                    "forceit.py",
                    "get_chocolatey_gviz_xmas_2025.py",
                    "inspection_stream_tailer.py",
                    "interface/__init__.py",
                    "interface/commit.py",
                    "interface/gui/__init__.py",
                    "interface/gui/app.py",
                    "interface/gui/commit.py",
                    "interface/gui/progress_board.py",
                    "interface/gui/prototypes/__init__.py",
                    "interface/gui/prototypes/form_schemas.py",
                    "interface/gui/prototypes/nicegui_control_center.py",
                    "interface/gui/prototypes/shared.py",
                    "interface/gui/prototypes/textual_control_center.py",
                    "interface/gui/tree.py",
                    "interface/tree.py",
                    "manifest.py",
                    "naked_entry.py",
                    "run_inspection_only.py",
                    "run_make_all_switcharoo.py",
                    "run_visitor_stage.py",
                    "tests/__init__.py",
                    "tests/test_environment_vault_disabled.py",
                    "tests/test_forceit.py",
                    "tests/test_gui_columns.py",
                    "tests/test_gui_commit.py",
                    "tests/test_gui_exit_code.py",
                    "tests/test_gui_tree.py",
                    "tests/test_ingestion_rotation.py",
                    "tests/test_ingestion_schema_validation.py",
                    "tests/test_inspection_stream_tailer.py",
                    "tests/test_make_all_commit_cli.py",
                    "tests/test_make_all_kanban.py",
                    "tests/test_make_all_pip_updates.py",
                    "tests/test_no_persistent_env_var_reference.py",
                    "tests/test_orchestrator_clones_stage.py",
                    "tests/test_orchestrator_visitor_stage.py",
                    "tests/test_progress_board_flags.py",
                    "tests/test_progress_board_streaming.py",
                    "tests/test_publish_manifest.py",
                    "tools/__init__.py",
                    "tools/batch_smoke_runner.py",
                    "tools/commit_all_repos.py",
                    "tools/list_missing_wrappers.py",
                    "tools/orchestrator_debug.py",
                    "tools/run_lint_sweep.py",
                    "tools/run_manual_lint_sweep.py",
                    "x_cls_make_all_x.py"
                ],
                "repo": "x_0_make_all_x",
                "repo_hash": "d6615898e7fdaa92961b7dd2e21b89e81152ec229beeda7dc254aec2bc46fd90",
                "repo_path": "C:\\x_runner_x\\x_0_make_all_x",
                "started_at": "2025-12-14T19:41:36.120568+00:00",
                "tool": "black",
                "tool_module": "black",
                "tool_version": "python -m black, 25.12.0 (compiled: yes)\nPython (CPython) 3.12.6"
            },
            "exit": "exit 1",
            "message": "black failed for x_0_make_all_x (exit 1)\ncwd: C:\\x_runner_x\\x_0_make_all_x\ncommand: C:\\x_runner_x\\.venv\\Scripts\\python.exe -m black . --line-length 88 --target-version py311 --check --diff\nstarted_at: 2025-12-14T19:41:36.120568+00:00\nduration: 8.253s\ntool_version: python -m black, 25.12.0 (compiled: yes)\nPython (CPython) 3.12.6\nstdout:\n--- C:\\x_runner_x\\x_0_make_all_x\\interface\\gui\\app.py\t2025-12-14 17:07:07.122385+00:00\n+++ C:\\x_runner_x\\x_0_make_all_x\\interface\\gui\\app.py\t2025-12-14 19:41:41.565079+00:00\n@@ -130,11 +130,13 @@\n \n     def scrollContentsBy(self, dx: int, dy: int) -> None:  # type: ignore[override]  # noqa: N802\n\u2026\nstderr:\nwould reformat C:\\x_runner_x\\x_0_make_all_x\\interface\\gui\\app.py\nwould reformat C:\\x_runner_x\\x_0_make_all_x\\x_cls_make_all_x.py\n\nOh no! \\U0001f4a5 \\U0001f494 \\U0001f4a5\n2 files would be reformatted, 47 files would be left unchanged.",
            "repo": "x_0_make_all_x",
            "repo_path": "C:\\x_runner_x\\x_0_make_all_x",
            "stderr_artifact": {
                "bytes": 234,
                "path": "C:\\x_runner_x\\x_make_github_visitor_x\\x_make_github_visitor_x\\reports\\artifacts\\visitor_failures_20251214_195501\\0002_x-0-make-all-x_black_stderr.log",
                "sha256": "b43562c9d390838de2f00373db51871076c85f63bf8e1e8395413d136c402013"
            },
            "stderr_preview": "would reformat C:\\x_runner_x\\x_0_make_all_x\\interface\\gui\\app.py\nwould reformat C:\\x_runner_x\\x_0_make_all_x\\x_cls_make_all_x.py\n\nOh no! \\U0001f4a5 \\U0001f494 \\U0001f4a5\n2 files would be reformatted, 47 files would be left unchanged.",
            "stdout_artifact": {
                "bytes": 1875,
                "path": "C:\\x_runner_x\\x_make_github_visitor_x\\x_make_github_visitor_x\\reports\\artifacts\\visitor_failures_20251214_195501\\0002_x-0-make-all-x_black_stdout.log",
                "sha256": "8ab4093eba738ed6d115800b9401b4c737ee8f0d3404cab9935a9676bac6197f"
            },
            "stdout_preview": "--- C:\\x_runner_x\\x_0_make_all_x\\interface\\gui\\app.py\t2025-12-14 17:07:07.122385+00:00\n+++ C:\\x_runner_x\\x_0_make_all_x\\interface\\gui\\app.py\t2025-12-14 19:41:41.565079+00:00\n@@ -130,11 +130,13 @@\n \n     def scrollContentsBy(self, dx: int, dy: int) -> None:  # type: ignore[override]  # noqa: N802\n\u2026",
            "suggested_action": "Investigate",
            "summary": "black failed for x_0_make_all_x (exit 1) cwd: C:\\x_runner_x\\x_0_make_all_x command: C:\\x_runner_x\\.venv\\Scripts\\python.exe -m black . --line-length 88 --target-version py311 --check --diff started_at: 2025-12-14T19:41:36.120568+00:00 durat\u2026",
            "tool": "black",
            "tool_version": "python -m black, 25.12.0 (compiled: yes)\nPython (CPython) 3.12.6"
        },
        {
            "captured_at": "2025-12-14T19:41:44.588687+00:00",
            "command": "C:\\x_runner_x\\.venv\\Scripts\\python.exe -m ruff check . --select ALL --ignore D,COM812,ISC001,T20 --line-length 88 --target-version py311",
            "detail": {
                "cached": false,
                "cmd": [
                    "C:\\x_runner_x\\.venv\\Scripts\\python.exe",
                    "-m",
                    "ruff",
                    "check",
                    ".",
                    "--select",
                    "ALL",
                    "--ignore",
                    "D,COM812,ISC001,T20",
                    "--line-length",
                    "88",
                    "--target-version",
                    "py311"
                ],
                "cmd_display": "C:\\x_runner_x\\.venv\\Scripts\\python.exe -m ruff check . --select ALL --ignore D,COM812,ISC001,T20 --line-length 88 --target-version py311",
                "cwd": "C:\\x_runner_x\\x_0_make_all_x",
                "duration_seconds": 0.21419040000182576,
                "ended_at": "2025-12-14T19:41:44.588687+00:00",
                "exit": 1,
                "failed_files": [],
                "files_checked": [
                    "__init__.py",
                    "forceit.py",
                    "get_chocolatey_gviz_xmas_2025.py",
                    "inspection_stream_tailer.py",
                    "interface/__init__.py",
                    "interface/commit.py",
                    "interface/gui/__init__.py",
                    "interface/gui/app.py",
                    "interface/gui/commit.py",
                    "interface/gui/progress_board.py",
                    "interface/gui/prototypes/__init__.py",
                    "interface/gui/prototypes/form_schemas.py",
                    "interface/gui/prototypes/nicegui_control_center.py",
                    "interface/gui/prototypes/shared.py",
                    "interface/gui/prototypes/textual_control_center.py",
                    "interface/gui/tree.py",
                    "interface/tree.py",
                    "manifest.py",
                    "naked_entry.py",
                    "run_inspection_only.py",
                    "run_make_all_switcharoo.py",
                    "run_visitor_stage.py",
                    "tests/__init__.py",
                    "tests/test_environment_vault_disabled.py",
                    "tests/test_forceit.py",
                    "tests/test_gui_columns.py",
                    "tests/test_gui_commit.py",
                    "tests/test_gui_exit_code.py",
                    "tests/test_gui_tree.py",
                    "tests/test_ingestion_rotation.py",
                    "tests/test_ingestion_schema_validation.py",
                    "tests/test_inspection_stream_tailer.py",
                    "tests/test_make_all_commit_cli.py",
                    "tests/test_make_all_kanban.py",
                    "tests/test_make_all_pip_updates.py",
                    "tests/test_no_persistent_env_var_reference.py",
                    "tests/test_orchestrator_clones_stage.py",
                    "tests/test_orchestrator_visitor_stage.py",
                    "tests/test_progress_board_flags.py",
                    "tests/test_progress_board_streaming.py",
                    "tests/test_publish_manifest.py",
                    "tools/__init__.py",
                    "tools/batch_smoke_runner.py",
                    "tools/commit_all_repos.py",
                    "tools/list_missing_wrappers.py",
                    "tools/orchestrator_debug.py",
                    "tools/run_lint_sweep.py",
                    "tools/run_manual_lint_sweep.py",
                    "x_cls_make_all_x.py"
                ],
                "repo": "x_0_make_all_x",
                "repo_hash": "d6615898e7fdaa92961b7dd2e21b89e81152ec229beeda7dc254aec2bc46fd90",
                "repo_path": "C:\\x_runner_x\\x_0_make_all_x",
                "started_at": "2025-12-14T19:41:44.380356+00:00",
                "tool": "ruff_check",
                "tool_module": "ruff",
                "tool_version": "ruff 0.14.9"
            },
            "exit": "exit 1",
            "message": "ruff_check failed for x_0_make_all_x (exit 1)\ncwd: C:\\x_runner_x\\x_0_make_all_x\ncommand: C:\\x_runner_x\\.venv\\Scripts\\python.exe -m ruff check . --select ALL --ignore D,COM812,ISC001,T20 --line-length 88 --target-version py311\nstarted_at: 2025-12-14T19:41:44.380356+00:00\nduration: 0.214s\ntool_version: ruff 0.14.9\nstdout:\nPLW0603 Using the global statement to update `_qt_previous_message_handler` is discouraged\n  --> interface\\gui\\app.py:72:12\n   |\n70 |     \"\"\"Silence known QFont warnings via the Qt kawaii ballgag protocol.\"\"\"\n71 |\n\u2026\nstderr:\n<empty>",
            "repo": "x_0_make_all_x",
            "repo_path": "C:\\x_runner_x\\x_0_make_all_x",
            "stderr_artifact": null,
            "stderr_preview": null,
            "stdout_artifact": {
                "bytes": 2215,
                "path": "C:\\x_runner_x\\x_make_github_visitor_x\\x_make_github_visitor_x\\reports\\artifacts\\visitor_failures_20251214_195501\\0003_x-0-make-all-x_ruff-check_stdout.log",
                "sha256": "6711875667d412619e9e80cb223e7a5c8127ba5d8a121fdcac6ba628b0144fde"
            },
            "stdout_preview": "PLW0603 Using the global statement to update `_qt_previous_message_handler` is discouraged\n  --> interface\\gui\\app.py:72:12\n   |\n70 |     \"\"\"Silence known QFont warnings via the Qt kawaii ballgag protocol.\"\"\"\n71 |\n\u2026",
            "suggested_action": "Investigate",
            "summary": "ruff_check failed for x_0_make_all_x (exit 1) cwd: C:\\x_runner_x\\x_0_make_all_x command: C:\\x_runner_x\\.venv\\Scripts\\python.exe -m ruff check . --select ALL --ignore D,COM812,ISC001,T20 --line-length 88 --target-version py311 started_at: 2\u2026",
            "tool": "ruff_check",
            "tool_version": "ruff 0.14.9"
        },
        {
            "captured_at": "2025-12-14T19:41:36.113441+00:00",
            "command": "C:\\x_runner_x\\.venv\\Scripts\\python.exe -m ruff check . --fix --select ALL --ignore D,COM812,ISC001,T20 --line-length 88 --target-version py311",
            "detail": {
                "cached": false,
                "cmd": [
                    "C:\\x_runner_x\\.venv\\Scripts\\python.exe",
                    "-m",
                    "ruff",
                    "check",
                    ".",
                    "--fix",
                    "--select",
                    "ALL",
                    "--ignore",
                    "D,COM812,ISC001,T20",
                    "--line-length",
                    "88",
                    "--target-version",
                    "py311"
                ],
                "cmd_display": "C:\\x_runner_x\\.venv\\Scripts\\python.exe -m ruff check . --fix --select ALL --ignore D,COM812,ISC001,T20 --line-length 88 --target-version py311",
                "cwd": "C:\\x_runner_x\\x_0_make_all_x",
                "duration_seconds": 0.6583317000040552,
                "ended_at": "2025-12-14T19:41:36.113441+00:00",
                "exit": 1,
                "failed_files": [],
                "files_checked": [
                    "__init__.py",
                    "forceit.py",
                    "get_chocolatey_gviz_xmas_2025.py",
                    "inspection_stream_tailer.py",
                    "interface/__init__.py",
                    "interface/commit.py",
                    "interface/gui/__init__.py",
                    "interface/gui/app.py",
                    "interface/gui/commit.py",
                    "interface/gui/progress_board.py",
                    "interface/gui/prototypes/__init__.py",
                    "interface/gui/prototypes/form_schemas.py",
                    "interface/gui/prototypes/nicegui_control_center.py",
                    "interface/gui/prototypes/shared.py",
                    "interface/gui/prototypes/textual_control_center.py",
                    "interface/gui/tree.py",
                    "interface/tree.py",
                    "manifest.py",
                    "naked_entry.py",
                    "run_inspection_only.py",
                    "run_make_all_switcharoo.py",
                    "run_visitor_stage.py",
                    "tests/__init__.py",
                    "tests/test_environment_vault_disabled.py",
                    "tests/test_forceit.py",
                    "tests/test_gui_columns.py",
                    "tests/test_gui_commit.py",
                    "tests/test_gui_exit_code.py",
                    "tests/test_gui_tree.py",
                    "tests/test_ingestion_rotation.py",
                    "tests/test_ingestion_schema_validation.py",
                    "tests/test_inspection_stream_tailer.py",
                    "tests/test_make_all_commit_cli.py",
                    "tests/test_make_all_kanban.py",
                    "tests/test_make_all_pip_updates.py",
                    "tests/test_no_persistent_env_var_reference.py",
                    "tests/test_orchestrator_clones_stage.py",
                    "tests/test_orchestrator_visitor_stage.py",
                    "tests/test_progress_board_flags.py",
                    "tests/test_progress_board_streaming.py",
                    "tests/test_publish_manifest.py",
                    "tools/__init__.py",
                    "tools/batch_smoke_runner.py",
                    "tools/commit_all_repos.py",
                    "tools/list_missing_wrappers.py",
                    "tools/orchestrator_debug.py",
                    "tools/run_lint_sweep.py",
                    "tools/run_manual_lint_sweep.py",
                    "x_cls_make_all_x.py"
                ],
                "repo": "x_0_make_all_x",
                "repo_hash": "d6615898e7fdaa92961b7dd2e21b89e81152ec229beeda7dc254aec2bc46fd90",
                "repo_path": "C:\\x_runner_x\\x_0_make_all_x",
                "started_at": "2025-12-14T19:41:35.452944+00:00",
                "tool": "ruff_fix",
                "tool_module": "ruff",
                "tool_version": "ruff 0.14.9"
            },
            "exit": "exit 1",
            "message": "ruff_fix failed for x_0_make_all_x (exit 1)\ncwd: C:\\x_runner_x\\x_0_make_all_x\ncommand: C:\\x_runner_x\\.venv\\Scripts\\python.exe -m ruff check . --fix --select ALL --ignore D,COM812,ISC001,T20 --line-length 88 --target-version py311\nstarted_at: 2025-12-14T19:41:35.452944+00:00\nduration: 0.658s\ntool_version: ruff 0.14.9\nstdout:\nPLW0603 Using the global statement to update `_qt_previous_message_handler` is discouraged\n  --> interface\\gui\\app.py:72:12\n   |\n70 |     \"\"\"Silence known QFont warnings via the Qt kawaii ballgag protocol.\"\"\"\n71 |\n\u2026\nstderr:\n<empty>",
            "repo": "x_0_make_all_x",
            "repo_path": "C:\\x_runner_x\\x_0_make_all_x",
            "stderr_artifact": null,
            "stderr_preview": null,
            "stdout_artifact": {
                "bytes": 2215,
                "path": "C:\\x_runner_x\\x_make_github_visitor_x\\x_make_github_visitor_x\\reports\\artifacts\\visitor_failures_20251214_195501\\0001_x-0-make-all-x_ruff-fix_stdout.log",
                "sha256": "6711875667d412619e9e80cb223e7a5c8127ba5d8a121fdcac6ba628b0144fde"
            },
            "stdout_preview": "PLW0603 Using the global statement to update `_qt_previous_message_handler` is discouraged\n  --> interface\\gui\\app.py:72:12\n   |\n70 |     \"\"\"Silence known QFont warnings via the Qt kawaii ballgag protocol.\"\"\"\n71 |\n\u2026",
            "suggested_action": "Investigate",
            "summary": "ruff_fix failed for x_0_make_all_x (exit 1) cwd: C:\\x_runner_x\\x_0_make_all_x command: C:\\x_runner_x\\.venv\\Scripts\\python.exe -m ruff check . --fix --select ALL --ignore D,COM812,ISC001,T20 --line-length 88 --target-version py311 started_a\u2026",
            "tool": "ruff_fix",
            "tool_version": "ruff 0.14.9"
        },
        {
            "captured_at": "2025-12-14T19:42:28.417109+00:00",
            "command": "C:\\x_runner_x\\.venv\\Scripts\\python.exe -m pyright . --level error",
            "detail": {
                "cached": false,
                "cmd": [
                    "C:\\x_runner_x\\.venv\\Scripts\\python.exe",
                    "-m",
                    "pyright",
                    ".",
                    "--level",
                    "error"
                ],
                "cmd_display": "C:\\x_runner_x\\.venv\\Scripts\\python.exe -m pyright . --level error",
                "cwd": "C:\\x_runner_x\\x_0_make_ppnw_dot_ai_hr_x",
                "duration_seconds": 1.60952510000061,
                "ended_at": "2025-12-14T19:42:28.417109+00:00",
                "exit": 3221225786,
                "failed_files": [],
                "files_checked": [
                    "__init__.py",
                    "app/__init__.py",
                    "app/generator_app.py",
                    "app/resources.py",
                    "app/template_utils.py",
                    "typings/reportlab/__init__.pyi",
                    "typings/reportlab/graphics/__init__.pyi",
                    "typings/reportlab/graphics/renderPM.pyi",
                    "typings/reportlab/graphics/renderPM/__init__.pyi",
                    "typings/svglib/__init__.pyi",
                    "typings/svglib/svglib.pyi"
                ],
                "repo": "x_0_make_ppnw_dot_ai_hr_x",
                "repo_hash": "44e68bb61b929df938401077d04920a9b87d06121d1d5416cbdc3196b9b4768b",
                "repo_path": "C:\\x_runner_x\\x_0_make_ppnw_dot_ai_hr_x",
                "started_at": "2025-12-14T19:42:26.807472+00:00",
                "tool": "pyright",
                "tool_module": "pyright",
                "tool_version": "pyright 1.1.407"
            },
            "exit": "exit 3221225786",
            "message": "pyright failed for x_0_make_ppnw_dot_ai_hr_x (exit 3221225786)\ncwd: C:\\x_runner_x\\x_0_make_ppnw_dot_ai_hr_x\ncommand: C:\\x_runner_x\\.venv\\Scripts\\python.exe -m pyright . --level error\nstarted_at: 2025-12-14T19:42:26.807472+00:00\nduration: 1.610s\ntool_version: pyright 1.1.407\nstdout:\n<empty>\nstderr:\nTraceback (most recent call last):\n  File \"<frozen runpy>\", line 198, in _run_module_as_main\n  File \"<frozen runpy>\", line 88, in _run_code\n  File \"C:\\x_runner_x\\.venv\\Lib\\site-packages\\pyright\\__main__.py\", line 4, in <module>\n    entrypoint()\n\u2026",
            "repo": "x_0_make_ppnw_dot_ai_hr_x",
            "repo_path": "C:\\x_runner_x\\x_0_make_ppnw_dot_ai_hr_x",
            "stderr_artifact": {
                "bytes": 1776,
                "path": "C:\\x_runner_x\\x_make_github_visitor_x\\x_make_github_visitor_x\\reports\\artifacts\\visitor_failures_20251214_195501\\0004_x-0-make-ppnw-dot-ai-hr-x_pyright_stderr.log",
                "sha256": "1dde6c7927fb21d048f274e79806b1ee4b27b72521969a5b4ef6ca0192d49b0b"
            },
            "stderr_preview": "Traceback (most recent call last):\n  File \"<frozen runpy>\", line 198, in _run_module_as_main\n  File \"<frozen runpy>\", line 88, in _run_code\n  File \"C:\\x_runner_x\\.venv\\Lib\\site-packages\\pyright\\__main__.py\", line 4, in <module>\n    entrypoint()\n\u2026",
            "stdout_artifact": null,
            "stdout_preview": null,
            "suggested_action": "Investigate",
            "summary": "pyright failed for x_0_make_ppnw_dot_ai_hr_x (exit 3221225786) cwd: C:\\x_runner_x\\x_0_make_ppnw_dot_ai_hr_x command: C:\\x_runner_x\\.venv\\Scripts\\python.exe -m pyright . --level error started_at: 2025-12-14T19:42:26.807472+00:00 duration: 1\u2026",
            "tool": "pyright",
            "tool_version": "pyright 1.1.407"
        },
        {
            "captured_at": "2025-12-14T19:46:59.950645+00:00",
            "command": "C:\\x_runner_x\\.venv\\Scripts\\python.exe -m black . --line-length 88 --target-version py311 --check --diff",
            "detail": {
                "cached": false,
                "cmd": [
                    "C:\\x_runner_x\\.venv\\Scripts\\python.exe",
                    "-m",
                    "black",
                    ".",
                    "--line-length",
                    "88",
                    "--target-version",
                    "py311",
                    "--check",
                    "--diff"
                ],
                "cmd_display": "C:\\x_runner_x\\.venv\\Scripts\\python.exe -m black . --line-length 88 --target-version py311 --check --diff",
                "cwd": "C:\\x_runner_x\\x_legatus_scriba_machina_x",
                "duration_seconds": 5.047496099999989,
                "ended_at": "2025-12-14T19:46:59.950645+00:00",
                "exit": 1,
                "failed_files": [],
                "files_checked": [
                    "__init__.py",
                    "crud/__init__.py",
                    "crud/processor.py",
                    "factory/__init__.py",
                    "factory/catalog_loader.py",
                    "factory/cli.py",
                    "factory/config/__init__.py",
                    "factory/config/scribe_run_loader.py",
                    "factory/core/__init__.py",
                    "factory/core/factory.py",
                    "factory/core/specs.py",
                    "factory/headers.py",
                    "factory/hooks/__init__.py",
                    "factory/hooks/default_hooks.py",
                    "factory/hooks/diagram_renderer.py",
                    "factory/hooks/models.py",
                    "factory/hooks/parser.py",
                    "factory/hooks/registry.py",
                    "factory/markdown_policy.py",
                    "factory/renderers/__init__.py",
                    "factory/renderers/markdown_renderer.py",
                    "factory/renderers/pdf_renderer.py",
                    "factory/scribe_factory.py",
                    "factory/scribe_plan_cli.py",
                    "factory/utils/__init__.py",
                    "factory/utils/backup_paths.py",
                    "factory/utils/checksum.py",
                    "factory/utils/wkhtmltopdf_locator.py",
                    "json_types.py",
                    "scripts/__init__.py",
                    "scripts/bootstrap_change_control_catch_up.py",
                    "scripts/collect_open_issues.py",
                    "scripts/doc_guard.py",
                    "scripts/enforce_markdown_pdf_compliance.py",
                    "scripts/find_wkhtmltopdf.py",
                    "scripts/generate_markdown_inventory.py",
                    "scripts/generate_markdown_manifest.py",
                    "scripts/render_selected_documents.py",
                    "scripts/render_subset.py",
                    "scripts/run_catch_up_batch.py",
                    "scripts/run_instruction_crud.py",
                    "scripts/verify_factory_outputs.py",
                    "tests/__init__.py",
                    "tests/crud/__init__.py",
                    "tests/crud/test_processor.py",
                    "tests/factory/__init__.py",
                    "tests/factory/test_catalog_loader.py",
                    "tests/factory/test_factory.py",
                    "tests/hooks/__init__.py",
                    "tests/hooks/test_graphviz_renderer.py",
                    "tools/__init__.py",
                    "tools/generate_markdown_manifest.py",
                    "typings/pytest/__init__.pyi"
                ],
                "repo": "x_legatus_scriba_machina_x",
                "repo_hash": "b9712d41e6da11427c85bb4547d5d1c87192e465d11a8d86f8394818e78f218e",
                "repo_path": "C:\\x_runner_x\\x_legatus_scriba_machina_x",
                "started_at": "2025-12-14T19:46:54.906046+00:00",
                "tool": "black",
                "tool_module": "black",
                "tool_version": "python -m black, 25.12.0 (compiled: yes)\nPython (CPython) 3.12.6"
            },
            "exit": "exit 1",
            "message": "black failed for x_legatus_scriba_machina_x (exit 1)\ncwd: C:\\x_runner_x\\x_legatus_scriba_machina_x\ncommand: C:\\x_runner_x\\.venv\\Scripts\\python.exe -m black . --line-length 88 --target-version py311 --check --diff\nstarted_at: 2025-12-14T19:46:54.906046+00:00\nduration: 5.047s\ntool_version: python -m black, 25.12.0 (compiled: yes)\nPython (CPython) 3.12.6\nstdout:\n--- C:\\x_runner_x\\x_legatus_scriba_machina_x\\scripts\\doc_guard.py\t2025-12-14 15:38:11.870781+00:00\n+++ C:\\x_runner_x\\x_legatus_scriba_machina_x\\scripts\\doc_guard.py\t2025-12-14 19:46:59.524079+00:00\n@@ -68,13 +68,11 @@\n     if override and override.strip():\n         return override.strip()\n\u2026\nstderr:\nwould reformat C:\\x_runner_x\\x_legatus_scriba_machina_x\\scripts\\doc_guard.py\n\nOh no! \\U0001f4a5 \\U0001f494 \\U0001f4a5\n1 file would be reformatted, 52 files would be left unchanged.",
            "repo": "x_legatus_scriba_machina_x",
            "repo_path": "C:\\x_runner_x\\x_legatus_scriba_machina_x",
            "stderr_artifact": {
                "bytes": 181,
                "path": "C:\\x_runner_x\\x_make_github_visitor_x\\x_make_github_visitor_x\\reports\\artifacts\\visitor_failures_20251214_195501\\0006_x-legatus-scriba-machina-x_black_stderr.log",
                "sha256": "6b4bd549397eb220eed964882f5ba36c3aed2555649693cba87bad32b7eafbfd"
            },
            "stderr_preview": "would reformat C:\\x_runner_x\\x_legatus_scriba_machina_x\\scripts\\doc_guard.py\n\nOh no! \\U0001f4a5 \\U0001f494 \\U0001f4a5\n1 file would be reformatted, 52 files would be left unchanged.",
            "stdout_artifact": {
                "bytes": 712,
                "path": "C:\\x_runner_x\\x_make_github_visitor_x\\x_make_github_visitor_x\\reports\\artifacts\\visitor_failures_20251214_195501\\0006_x-legatus-scriba-machina-x_black_stdout.log",
                "sha256": "8a0368e2da0f1136e9a70106b8061de6b3020487750c7dee8ad93275f58bdb0c"
            },
            "stdout_preview": "--- C:\\x_runner_x\\x_legatus_scriba_machina_x\\scripts\\doc_guard.py\t2025-12-14 15:38:11.870781+00:00\n+++ C:\\x_runner_x\\x_legatus_scriba_machina_x\\scripts\\doc_guard.py\t2025-12-14 19:46:59.524079+00:00\n@@ -68,13 +68,11 @@\n     if override and override.strip():\n         return override.strip()\n\u2026",
            "suggested_action": "Investigate",
            "summary": "black failed for x_legatus_scriba_machina_x (exit 1) cwd: C:\\x_runner_x\\x_legatus_scriba_machina_x command: C:\\x_runner_x\\.venv\\Scripts\\python.exe -m black . --line-length 88 --target-version py311 --check --diff started_at: 2025-12-14T19:\u2026",
            "tool": "black",
            "tool_version": "python -m black, 25.12.0 (compiled: yes)\nPython (CPython) 3.12.6"
        },
        {
            "captured_at": "2025-12-14T19:47:05.520609+00:00",
            "command": "C:\\x_runner_x\\.venv\\Scripts\\python.exe -m mypy --package x_legatus_scriba_machina_x --strict --no-warn-unused-configs --show-error-codes --warn-return-any --warn-unreachable --disallow-any-unimported --disallow-any-expr --disallow-any-decorated --disallow-any-explicit",
            "detail": {
                "cached": false,
                "cmd": [
                    "C:\\x_runner_x\\.venv\\Scripts\\python.exe",
                    "-m",
                    "mypy",
                    "--package",
                    "x_legatus_scriba_machina_x",
                    "--strict",
                    "--no-warn-unused-configs",
                    "--show-error-codes",
                    "--warn-return-any",
                    "--warn-unreachable",
                    "--disallow-any-unimported",
                    "--disallow-any-expr",
                    "--disallow-any-decorated",
                    "--disallow-any-explicit"
                ],
                "cmd_display": "C:\\x_runner_x\\.venv\\Scripts\\python.exe -m mypy --package x_legatus_scriba_machina_x --strict --no-warn-unused-configs --show-error-codes --warn-return-any --warn-unreachable --disallow-any-unimported --disallow-any-expr --disallow-any-decorated --disallow-any-explicit",
                "cwd": "C:\\x_runner_x\\x_legatus_scriba_machina_x",
                "duration_seconds": 5.304766799999925,
                "ended_at": "2025-12-14T19:47:05.520609+00:00",
                "exit": 1,
                "failed_files": [],
                "files_checked": [
                    "__init__.py",
                    "crud/__init__.py",
                    "crud/processor.py",
                    "factory/__init__.py",
                    "factory/catalog_loader.py",
                    "factory/cli.py",
                    "factory/config/__init__.py",
                    "factory/config/scribe_run_loader.py",
                    "factory/core/__init__.py",
                    "factory/core/factory.py",
                    "factory/core/specs.py",
                    "factory/headers.py",
                    "factory/hooks/__init__.py",
                    "factory/hooks/default_hooks.py",
                    "factory/hooks/diagram_renderer.py",
                    "factory/hooks/models.py",
                    "factory/hooks/parser.py",
                    "factory/hooks/registry.py",
                    "factory/markdown_policy.py",
                    "factory/renderers/__init__.py",
                    "factory/renderers/markdown_renderer.py",
                    "factory/renderers/pdf_renderer.py",
                    "factory/scribe_factory.py",
                    "factory/scribe_plan_cli.py",
                    "factory/utils/__init__.py",
                    "factory/utils/backup_paths.py",
                    "factory/utils/checksum.py",
                    "factory/utils/wkhtmltopdf_locator.py",
                    "json_types.py",
                    "scripts/__init__.py",
                    "scripts/bootstrap_change_control_catch_up.py",
                    "scripts/collect_open_issues.py",
                    "scripts/doc_guard.py",
                    "scripts/enforce_markdown_pdf_compliance.py",
                    "scripts/find_wkhtmltopdf.py",
                    "scripts/generate_markdown_inventory.py",
                    "scripts/generate_markdown_manifest.py",
                    "scripts/render_selected_documents.py",
                    "scripts/render_subset.py",
                    "scripts/run_catch_up_batch.py",
                    "scripts/run_instruction_crud.py",
                    "scripts/verify_factory_outputs.py",
                    "tests/__init__.py",
                    "tests/crud/__init__.py",
                    "tests/crud/test_processor.py",
                    "tests/factory/__init__.py",
                    "tests/factory/test_catalog_loader.py",
                    "tests/factory/test_factory.py",
                    "tests/hooks/__init__.py",
                    "tests/hooks/test_graphviz_renderer.py",
                    "tools/__init__.py",
                    "tools/generate_markdown_manifest.py",
                    "typings/pytest/__init__.pyi"
                ],
                "repo": "x_legatus_scriba_machina_x",
                "repo_hash": "b9712d41e6da11427c85bb4547d5d1c87192e465d11a8d86f8394818e78f218e",
                "repo_path": "C:\\x_runner_x\\x_legatus_scriba_machina_x",
                "started_at": "2025-12-14T19:47:00.222079+00:00",
                "tool": "mypy",
                "tool_module": "mypy",
                "tool_version": "mypy 1.19.0 (compiled: yes)"
            },
            "exit": "exit 1",
            "message": "mypy failed for x_legatus_scriba_machina_x (exit 1)\ncwd: C:\\x_runner_x\\x_legatus_scriba_machina_x\ncommand: C:\\x_runner_x\\.venv\\Scripts\\python.exe -m mypy --package x_legatus_scriba_machina_x --strict --no-warn-unused-configs --show-error-codes --warn-return-any --warn-unreachable --disallow-any-unimported --disallow-any-expr --disallow-any-decorated --disallow-any-explicit\nstarted_at: 2025-12-14T19:47:00.222079+00:00\nduration: 5.305s\ntool_version: mypy 1.19.0 (compiled: yes)\nstdout:\nscripts\\run_catch_up_batch.py:141: error: Expression has type \"Any\"  [misc]\nscripts\\run_catch_up_batch.py:144: error: Expression has type \"Any\"  [misc]\nfactory\\cli.py:137: error: Expression has type \"Any\"  [misc]\nfactory\\cli.py:138: error: Expression has type \"Any\"  [misc]\nfactory\\cli.py:139: error: Expression has type \"Any\"  [misc]\n\u2026\nstderr:\n<empty>",
            "repo": "x_legatus_scriba_machina_x",
            "repo_path": "C:\\x_runner_x\\x_legatus_scriba_machina_x",
            "stderr_artifact": null,
            "stderr_preview": null,
            "stdout_artifact": {
                "bytes": 1824,
                "path": "C:\\x_runner_x\\x_make_github_visitor_x\\x_make_github_visitor_x\\reports\\artifacts\\visitor_failures_20251214_195501\\0008_x-legatus-scriba-machina-x_mypy_stdout.log",
                "sha256": "13fe1bfe9b73b22883d2f6f0ce45ed4b5238d1c791443210bbce318812369ce7"
            },
            "stdout_preview": "scripts\\run_catch_up_batch.py:141: error: Expression has type \"Any\"  [misc]\nscripts\\run_catch_up_batch.py:144: error: Expression has type \"Any\"  [misc]\nfactory\\cli.py:137: error: Expression has type \"Any\"  [misc]\nfactory\\cli.py:138: error: Expression has type \"Any\"  [misc]\nfactory\\cli.py:139: error: Expression has type \"Any\"  [misc]\n\u2026",
            "suggested_action": "Investigate",
            "summary": "mypy failed for x_legatus_scriba_machina_x (exit 1) cwd: C:\\x_runner_x\\x_legatus_scriba_machina_x command: C:\\x_runner_x\\.venv\\Scripts\\python.exe -m mypy --package x_legatus_scriba_machina_x --strict --no-warn-unused-configs --show-error-c\u2026",
            "tool": "mypy",
            "tool_version": "mypy 1.19.0 (compiled: yes)"
        },
        {
            "captured_at": "2025-12-14T19:47:00.217600+00:00",
            "command": "C:\\x_runner_x\\.venv\\Scripts\\python.exe -m ruff check . --select ALL --ignore D,COM812,ISC001,T20 --line-length 88 --target-version py311",
            "detail": {
                "cached": false,
                "cmd": [
                    "C:\\x_runner_x\\.venv\\Scripts\\python.exe",
                    "-m",
                    "ruff",
                    "check",
                    ".",
                    "--select",
                    "ALL",
                    "--ignore",
                    "D,COM812,ISC001,T20",
                    "--line-length",
                    "88",
                    "--target-version",
                    "py311"
                ],
                "cmd_display": "C:\\x_runner_x\\.venv\\Scripts\\python.exe -m ruff check . --select ALL --ignore D,COM812,ISC001,T20 --line-length 88 --target-version py311",
                "cwd": "C:\\x_runner_x\\x_legatus_scriba_machina_x",
                "duration_seconds": 0.25744850000046426,
                "ended_at": "2025-12-14T19:47:00.217600+00:00",
                "exit": 1,
                "failed_files": [],
                "files_checked": [
                    "__init__.py",
                    "crud/__init__.py",
                    "crud/processor.py",
                    "factory/__init__.py",
                    "factory/catalog_loader.py",
                    "factory/cli.py",
                    "factory/config/__init__.py",
                    "factory/config/scribe_run_loader.py",
                    "factory/core/__init__.py",
                    "factory/core/factory.py",
                    "factory/core/specs.py",
                    "factory/headers.py",
                    "factory/hooks/__init__.py",
                    "factory/hooks/default_hooks.py",
                    "factory/hooks/diagram_renderer.py",
                    "factory/hooks/models.py",
                    "factory/hooks/parser.py",
                    "factory/hooks/registry.py",
                    "factory/markdown_policy.py",
                    "factory/renderers/__init__.py",
                    "factory/renderers/markdown_renderer.py",
                    "factory/renderers/pdf_renderer.py",
                    "factory/scribe_factory.py",
                    "factory/scribe_plan_cli.py",
                    "factory/utils/__init__.py",
                    "factory/utils/backup_paths.py",
                    "factory/utils/checksum.py",
                    "factory/utils/wkhtmltopdf_locator.py",
                    "json_types.py",
                    "scripts/__init__.py",
                    "scripts/bootstrap_change_control_catch_up.py",
                    "scripts/collect_open_issues.py",
                    "scripts/doc_guard.py",
                    "scripts/enforce_markdown_pdf_compliance.py",
                    "scripts/find_wkhtmltopdf.py",
                    "scripts/generate_markdown_inventory.py",
                    "scripts/generate_markdown_manifest.py",
                    "scripts/render_selected_documents.py",
                    "scripts/render_subset.py",
                    "scripts/run_catch_up_batch.py",
                    "scripts/run_instruction_crud.py",
                    "scripts/verify_factory_outputs.py",
                    "tests/__init__.py",
                    "tests/crud/__init__.py",
                    "tests/crud/test_processor.py",
                    "tests/factory/__init__.py",
                    "tests/factory/test_catalog_loader.py",
                    "tests/factory/test_factory.py",
                    "tests/hooks/__init__.py",
                    "tests/hooks/test_graphviz_renderer.py",
                    "tools/__init__.py",
                    "tools/generate_markdown_manifest.py",
                    "typings/pytest/__init__.pyi"
                ],
                "repo": "x_legatus_scriba_machina_x",
                "repo_hash": "b9712d41e6da11427c85bb4547d5d1c87192e465d11a8d86f8394818e78f218e",
                "repo_path": "C:\\x_runner_x\\x_legatus_scriba_machina_x",
                "started_at": "2025-12-14T19:46:59.960189+00:00",
                "tool": "ruff_check",
                "tool_module": "ruff",
                "tool_version": "ruff 0.14.9"
            },
            "exit": "exit 1",
            "message": "ruff_check failed for x_legatus_scriba_machina_x (exit 1)\ncwd: C:\\x_runner_x\\x_legatus_scriba_machina_x\ncommand: C:\\x_runner_x\\.venv\\Scripts\\python.exe -m ruff check . --select ALL --ignore D,COM812,ISC001,T20 --line-length 88 --target-version py311\nstarted_at: 2025-12-14T19:46:59.960189+00:00\nduration: 0.257s\ntool_version: ruff 0.14.9\nstdout:\nE501 Line too long (95 > 88)\n   --> scripts\\doc_guard.py:838:89\n    |\n836 |                     attempts += 1\n837 |                     print(\n\u2026\nstderr:\n<empty>",
            "repo": "x_legatus_scriba_machina_x",
            "repo_path": "C:\\x_runner_x\\x_legatus_scriba_machina_x",
            "stderr_artifact": null,
            "stderr_preview": null,
            "stdout_artifact": {
                "bytes": 454,
                "path": "C:\\x_runner_x\\x_make_github_visitor_x\\x_make_github_visitor_x\\reports\\artifacts\\visitor_failures_20251214_195501\\0007_x-legatus-scriba-machina-x_ruff-check_stdout.log",
                "sha256": "b7ff60a729963cbdf0673d4ac8683518d59211f377990b7b6c8e27be88d4ac4f"
            },
            "stdout_preview": "E501 Line too long (95 > 88)\n   --> scripts\\doc_guard.py:838:89\n    |\n836 |                     attempts += 1\n837 |                     print(\n\u2026",
            "suggested_action": "Investigate",
            "summary": "ruff_check failed for x_legatus_scriba_machina_x (exit 1) cwd: C:\\x_runner_x\\x_legatus_scriba_machina_x command: C:\\x_runner_x\\.venv\\Scripts\\python.exe -m ruff check . --select ALL --ignore D,COM812,ISC001,T20 --line-length 88 --target-ver\u2026",
            "tool": "ruff_check",
            "tool_version": "ruff 0.14.9"
        },
        {
            "captured_at": "2025-12-14T19:46:54.896706+00:00",
            "command": "C:\\x_runner_x\\.venv\\Scripts\\python.exe -m ruff check . --fix --select ALL --ignore D,COM812,ISC001,T20 --line-length 88 --target-version py311",
            "detail": {
                "cached": false,
                "cmd": [
                    "C:\\x_runner_x\\.venv\\Scripts\\python.exe",
                    "-m",
                    "ruff",
                    "check",
                    ".",
                    "--fix",
                    "--select",
                    "ALL",
                    "--ignore",
                    "D,COM812,ISC001,T20",
                    "--line-length",
                    "88",
                    "--target-version",
                    "py311"
                ],
                "cmd_display": "C:\\x_runner_x\\.venv\\Scripts\\python.exe -m ruff check . --fix --select ALL --ignore D,COM812,ISC001,T20 --line-length 88 --target-version py311",
                "cwd": "C:\\x_runner_x\\x_legatus_scriba_machina_x",
                "duration_seconds": 1.6271116999996593,
                "ended_at": "2025-12-14T19:46:54.896706+00:00",
                "exit": 1,
                "failed_files": [],
                "files_checked": [
                    "__init__.py",
                    "crud/__init__.py",
                    "crud/processor.py",
                    "factory/__init__.py",
                    "factory/catalog_loader.py",
                    "factory/cli.py",
                    "factory/config/__init__.py",
                    "factory/config/scribe_run_loader.py",
                    "factory/core/__init__.py",
                    "factory/core/factory.py",
                    "factory/core/specs.py",
                    "factory/headers.py",
                    "factory/hooks/__init__.py",
                    "factory/hooks/default_hooks.py",
                    "factory/hooks/diagram_renderer.py",
                    "factory/hooks/models.py",
                    "factory/hooks/parser.py",
                    "factory/hooks/registry.py",
                    "factory/markdown_policy.py",
                    "factory/renderers/__init__.py",
                    "factory/renderers/markdown_renderer.py",
                    "factory/renderers/pdf_renderer.py",
                    "factory/scribe_factory.py",
                    "factory/scribe_plan_cli.py",
                    "factory/utils/__init__.py",
                    "factory/utils/backup_paths.py",
                    "factory/utils/checksum.py",
                    "factory/utils/wkhtmltopdf_locator.py",
                    "json_types.py",
                    "scripts/__init__.py",
                    "scripts/bootstrap_change_control_catch_up.py",
                    "scripts/collect_open_issues.py",
                    "scripts/doc_guard.py",
                    "scripts/enforce_markdown_pdf_compliance.py",
                    "scripts/find_wkhtmltopdf.py",
                    "scripts/generate_markdown_inventory.py",
                    "scripts/generate_markdown_manifest.py",
                    "scripts/render_selected_documents.py",
                    "scripts/render_subset.py",
                    "scripts/run_catch_up_batch.py",
                    "scripts/run_instruction_crud.py",
                    "scripts/verify_factory_outputs.py",
                    "tests/__init__.py",
                    "tests/crud/__init__.py",
                    "tests/crud/test_processor.py",
                    "tests/factory/__init__.py",
                    "tests/factory/test_catalog_loader.py",
                    "tests/factory/test_factory.py",
                    "tests/hooks/__init__.py",
                    "tests/hooks/test_graphviz_renderer.py",
                    "tools/__init__.py",
                    "tools/generate_markdown_manifest.py",
                    "typings/pytest/__init__.pyi"
                ],
                "repo": "x_legatus_scriba_machina_x",
                "repo_hash": "b9712d41e6da11427c85bb4547d5d1c87192e465d11a8d86f8394818e78f218e",
                "repo_path": "C:\\x_runner_x\\x_legatus_scriba_machina_x",
                "started_at": "2025-12-14T19:46:53.272703+00:00",
                "tool": "ruff_fix",
                "tool_module": "ruff",
                "tool_version": "ruff 0.14.9"
            },
            "exit": "exit 1",
            "message": "ruff_fix failed for x_legatus_scriba_machina_x (exit 1)\ncwd: C:\\x_runner_x\\x_legatus_scriba_machina_x\ncommand: C:\\x_runner_x\\.venv\\Scripts\\python.exe -m ruff check . --fix --select ALL --ignore D,COM812,ISC001,T20 --line-length 88 --target-version py311\nstarted_at: 2025-12-14T19:46:53.272703+00:00\nduration: 1.627s\ntool_version: ruff 0.14.9\nstdout:\nE501 Line too long (95 > 88)\n   --> scripts\\doc_guard.py:838:89\n    |\n836 |                     attempts += 1\n837 |                     print(\n\u2026\nstderr:\n<empty>",
            "repo": "x_legatus_scriba_machina_x",
            "repo_path": "C:\\x_runner_x\\x_legatus_scriba_machina_x",
            "stderr_artifact": null,
            "stderr_preview": null,
            "stdout_artifact": {
                "bytes": 454,
                "path": "C:\\x_runner_x\\x_make_github_visitor_x\\x_make_github_visitor_x\\reports\\artifacts\\visitor_failures_20251214_195501\\0005_x-legatus-scriba-machina-x_ruff-fix_stdout.log",
                "sha256": "b7ff60a729963cbdf0673d4ac8683518d59211f377990b7b6c8e27be88d4ac4f"
            },
            "stdout_preview": "E501 Line too long (95 > 88)\n   --> scripts\\doc_guard.py:838:89\n    |\n836 |                     attempts += 1\n837 |                     print(\n\u2026",
            "suggested_action": "Investigate",
            "summary": "ruff_fix failed for x_legatus_scriba_machina_x (exit 1) cwd: C:\\x_runner_x\\x_legatus_scriba_machina_x command: C:\\x_runner_x\\.venv\\Scripts\\python.exe -m ruff check . --fix --select ALL --ignore D,COM812,ISC001,T20 --line-length 88 --target\u2026",
            "tool": "ruff_fix",
            "tool_version": "ruff 0.14.9"
        },
        {
            "captured_at": "2025-12-14T19:47:43.146869+00:00",
            "command": "C:\\x_runner_x\\.venv\\Scripts\\python.exe -m mypy --package x_legatus_segmentum_judicium_x --strict --no-warn-unused-configs --show-error-codes --warn-return-any --warn-unreachable --disallow-any-unimported --disallow-any-expr --disallow-any-decorated --disallow-any-explicit",
            "detail": {
                "cached": false,
                "cmd": [
                    "C:\\x_runner_x\\.venv\\Scripts\\python.exe",
                    "-m",
                    "mypy",
                    "--package",
                    "x_legatus_segmentum_judicium_x",
                    "--strict",
                    "--no-warn-unused-configs",
                    "--show-error-codes",
                    "--warn-return-any",
                    "--warn-unreachable",
                    "--disallow-any-unimported",
                    "--disallow-any-expr",
                    "--disallow-any-decorated",
                    "--disallow-any-explicit"
                ],
                "cmd_display": "C:\\x_runner_x\\.venv\\Scripts\\python.exe -m mypy --package x_legatus_segmentum_judicium_x --strict --no-warn-unused-configs --show-error-codes --warn-return-any --warn-unreachable --disallow-any-unimported --disallow-any-expr --disallow-any-decorated --disallow-any-explicit",
                "cwd": "C:\\x_runner_x\\x_legatus_segmentum_judicium_x",
                "duration_seconds": 1.3123412000059034,
                "ended_at": "2025-12-14T19:47:43.146869+00:00",
                "exit": 1,
                "failed_files": [],
                "files_checked": [
                    "__init__.py",
                    "paging_the_judge.py",
                    "run_segmentum_review.py",
                    "src/__init__.py",
                    "src/segmentum_judicium/__init__.py",
                    "src/segmentum_judicium/cli.py",
                    "src/segmentum_judicium/launch_config.py",
                    "src/segmentum_judicium/metadata.py",
                    "src/segmentum_judicium/project.py",
                    "src/segmentum_judicium/segmenter.py",
                    "src/segmentum_judicium/session.py",
                    "src/segmentum_judicium/ui/__init__.py",
                    "src/segmentum_judicium/ui/app.py",
                    "src/segmentum_judicium/ui/launchpad.py",
                    "src/segmentum_judicium/ui/vlc_player.py",
                    "tests/__init__.py",
                    "tests/test_cli.py",
                    "tests/test_project.py",
                    "tests/test_session.py",
                    "tools/bootstrap_chocolatey.py",
                    "tools/install_ffmpeg_prebuilt.py",
                    "tools/install_vlc_backend.py",
                    "tools/install_vlc_desktop.py",
                    "tools/midnight_firefight.py",
                    "typings/PySide6/QtCore.pyi",
                    "typings/PySide6/QtGui.pyi",
                    "typings/PySide6/QtWidgets.pyi",
                    "typings/PySide6/__init__.pyi"
                ],
                "repo": "x_legatus_segmentum_judicium_x",
                "repo_hash": "534a1c60d8531ec2f16d83d942c4c4f044ce4ee0182d11cfaad6a0f95bd0021d",
                "repo_path": "C:\\x_runner_x\\x_legatus_segmentum_judicium_x",
                "started_at": "2025-12-14T19:47:41.835028+00:00",
                "tool": "mypy",
                "tool_module": "mypy",
                "tool_version": "mypy 1.19.0 (compiled: yes)"
            },
            "exit": "exit 1",
            "message": "mypy failed for x_legatus_segmentum_judicium_x (exit 1)\ncwd: C:\\x_runner_x\\x_legatus_segmentum_judicium_x\ncommand: C:\\x_runner_x\\.venv\\Scripts\\python.exe -m mypy --package x_legatus_segmentum_judicium_x --strict --no-warn-unused-configs --show-error-codes --warn-return-any --warn-unreachable --disallow-any-unimported --disallow-any-expr --disallow-any-decorated --disallow-any-explicit\nstarted_at: 2025-12-14T19:47:41.835028+00:00\nduration: 1.312s\ntool_version: mypy 1.19.0 (compiled: yes)\nstdout:\nsrc\\segmentum_judicium\\ui\\launchpad.py:147: error: Statement is unreachable  [unreachable]\nsrc\\segmentum_judicium\\ui\\launchpad.py:149: error: Statement is unreachable  [unreachable]\nsrc\\segmentum_judicium\\cli.py:102: error: Expression has type \"Any\"  [misc]\nsrc\\segmentum_judicium\\cli.py:108: error: Expression has type \"Any\"  [misc]\nsrc\\segmentum_judicium\\cli.py:179: error: Expression type contains \"Any\" (has type \"Any | int\")  [misc]\n\u2026\nstderr:\n<empty>",
            "repo": "x_legatus_segmentum_judicium_x",
            "repo_path": "C:\\x_runner_x\\x_legatus_segmentum_judicium_x",
            "stderr_artifact": null,
            "stderr_preview": null,
            "stdout_artifact": {
                "bytes": 1603,
                "path": "C:\\x_runner_x\\x_make_github_visitor_x\\x_make_github_visitor_x\\reports\\artifacts\\visitor_failures_20251214_195501\\0009_x-legatus-segmentum-judicium-x_mypy_stdout.log",
                "sha256": "3c218a6de2e7d31022000ed9b1e011011bdab3ea846cba5db8f55a8c9b33fad0"
            },
            "stdout_preview": "src\\segmentum_judicium\\ui\\launchpad.py:147: error: Statement is unreachable  [unreachable]\nsrc\\segmentum_judicium\\ui\\launchpad.py:149: error: Statement is unreachable  [unreachable]\nsrc\\segmentum_judicium\\cli.py:102: error: Expression has type \"Any\"  [misc]\nsrc\\segmentum_judicium\\cli.py:108: error: Expression has type \"Any\"  [misc]\nsrc\\segmentum_judicium\\cli.py:179: error: Expression type contains \"Any\" (has type \"Any | int\")  [misc]\n\u2026",
            "suggested_action": "Investigate",
            "summary": "mypy failed for x_legatus_segmentum_judicium_x (exit 1) cwd: C:\\x_runner_x\\x_legatus_segmentum_judicium_x command: C:\\x_runner_x\\.venv\\Scripts\\python.exe -m mypy --package x_legatus_segmentum_judicium_x --strict --no-warn-unused-configs --\u2026",
            "tool": "mypy",
            "tool_version": "mypy 1.19.0 (compiled: yes)"
        },
        {
            "captured_at": "2025-12-14T19:47:46.648779+00:00",
            "command": "C:\\x_runner_x\\.venv\\Scripts\\python.exe -m pyright . --level error",
            "detail": {
                "cached": false,
                "cmd": [
                    "C:\\x_runner_x\\.venv\\Scripts\\python.exe",
                    "-m",
                    "pyright",
                    ".",
                    "--level",
                    "error"
                ],
                "cmd_display": "C:\\x_runner_x\\.venv\\Scripts\\python.exe -m pyright . --level error",
                "cwd": "C:\\x_runner_x\\x_legatus_segmentum_judicium_x",
                "duration_seconds": 3.501934500003699,
                "ended_at": "2025-12-14T19:47:46.648779+00:00",
                "exit": 1,
                "failed_files": [],
                "files_checked": [
                    "__init__.py",
                    "paging_the_judge.py",
                    "run_segmentum_review.py",
                    "src/__init__.py",
                    "src/segmentum_judicium/__init__.py",
                    "src/segmentum_judicium/cli.py",
                    "src/segmentum_judicium/launch_config.py",
                    "src/segmentum_judicium/metadata.py",
                    "src/segmentum_judicium/project.py",
                    "src/segmentum_judicium/segmenter.py",
                    "src/segmentum_judicium/session.py",
                    "src/segmentum_judicium/ui/__init__.py",
                    "src/segmentum_judicium/ui/app.py",
                    "src/segmentum_judicium/ui/launchpad.py",
                    "src/segmentum_judicium/ui/vlc_player.py",
                    "tests/__init__.py",
                    "tests/test_cli.py",
                    "tests/test_project.py",
                    "tests/test_session.py",
                    "tools/bootstrap_chocolatey.py",
                    "tools/install_ffmpeg_prebuilt.py",
                    "tools/install_vlc_backend.py",
                    "tools/install_vlc_desktop.py",
                    "tools/midnight_firefight.py",
                    "typings/PySide6/QtCore.pyi",
                    "typings/PySide6/QtGui.pyi",
                    "typings/PySide6/QtWidgets.pyi",
                    "typings/PySide6/__init__.pyi"
                ],
                "repo": "x_legatus_segmentum_judicium_x",
                "repo_hash": "534a1c60d8531ec2f16d83d942c4c4f044ce4ee0182d11cfaad6a0f95bd0021d",
                "repo_path": "C:\\x_runner_x\\x_legatus_segmentum_judicium_x",
                "started_at": "2025-12-14T19:47:43.151107+00:00",
                "tool": "pyright",
                "tool_module": "pyright",
                "tool_version": "pyright 1.1.407"
            },
            "exit": "exit 1",
            "message": "pyright failed for x_legatus_segmentum_judicium_x (exit 1)\ncwd: C:\\x_runner_x\\x_legatus_segmentum_judicium_x\ncommand: C:\\x_runner_x\\.venv\\Scripts\\python.exe -m pyright . --level error\nstarted_at: 2025-12-14T19:47:43.151107+00:00\nduration: 3.502s\ntool_version: pyright 1.1.407\nstdout:\nc:\\x_runner_x\\x_legatus_segmentum_judicium_x\\src\\segmentum_judicium\\ui\\app.py\n  c:\\x_runner_x\\x_legatus_segmentum_judicium_x\\src\\segmentum_judicium\\ui\\app.py:39:31 - error: \"QCloseEvent\" is unknown import symbol (reportAttributeAccessIssue)\n  c:\\x_runner_x\\x_legatus_segmentum_judicium_x\\src\\segmentum_judicium\\ui\\app.py:39:44 - error: \"QResizeEvent\" is unknown import symbol (reportAttributeAccessIssue)\n2 errors, 0 warnings, 0 informations\nstderr:\n<empty>",
            "repo": "x_legatus_segmentum_judicium_x",
            "repo_path": "C:\\x_runner_x\\x_legatus_segmentum_judicium_x",
            "stderr_artifact": null,
            "stderr_preview": null,
            "stdout_artifact": {
                "bytes": 442,
                "path": "C:\\x_runner_x\\x_make_github_visitor_x\\x_make_github_visitor_x\\reports\\artifacts\\visitor_failures_20251214_195501\\0010_x-legatus-segmentum-judicium-x_pyright_stdout.log",
                "sha256": "b4a837da860ed6cf126b65519a3256b923517c6042e672b24b69150a0095ff05"
            },
            "stdout_preview": "c:\\x_runner_x\\x_legatus_segmentum_judicium_x\\src\\segmentum_judicium\\ui\\app.py\n  c:\\x_runner_x\\x_legatus_segmentum_judicium_x\\src\\segmentum_judicium\\ui\\app.py:39:31 - error: \"QCloseEvent\" is unknown import symbol (reportAttributeAccessIssue)\n  c:\\x_runner_x\\x_legatus_segmentum_judicium_x\\src\\segmentum_judicium\\ui\\app.py:39:44 - error: \"QResizeEvent\" is unknown import symbol (reportAttributeAccessIssue)\n2 errors, 0 warnings, 0 informations",
            "suggested_action": "Investigate",
            "summary": "pyright failed for x_legatus_segmentum_judicium_x (exit 1) cwd: C:\\x_runner_x\\x_legatus_segmentum_judicium_x command: C:\\x_runner_x\\.venv\\Scripts\\python.exe -m pyright . --level error started_at: 2025-12-14T19:47:43.151107+00:00 duration: \u2026",
            "tool": "pyright",
            "tool_version": "pyright 1.1.407"
        },
        {
            "captured_at": "2025-12-14T19:47:59.422917+00:00",
            "command": "C:\\x_runner_x\\.venv\\Scripts\\python.exe -m mypy --package x_legatus_senatus_machina_x --strict --no-warn-unused-configs --show-error-codes --warn-return-any --warn-unreachable --disallow-any-unimported --disallow-any-expr --disallow-any-decorated --disallow-any-explicit",
            "detail": {
                "cached": false,
                "cmd": [
                    "C:\\x_runner_x\\.venv\\Scripts\\python.exe",
                    "-m",
                    "mypy",
                    "--package",
                    "x_legatus_senatus_machina_x",
                    "--strict",
                    "--no-warn-unused-configs",
                    "--show-error-codes",
                    "--warn-return-any",
                    "--warn-unreachable",
                    "--disallow-any-unimported",
                    "--disallow-any-expr",
                    "--disallow-any-decorated",
                    "--disallow-any-explicit"
                ],
                "cmd_display": "C:\\x_runner_x\\.venv\\Scripts\\python.exe -m mypy --package x_legatus_senatus_machina_x --strict --no-warn-unused-configs --show-error-codes --warn-return-any --warn-unreachable --disallow-any-unimported --disallow-any-expr --disallow-any-decorated --disallow-any-explicit",
                "cwd": "C:\\x_runner_x\\x_legatus_senatus_machina_x",
                "duration_seconds": 0.636229399999138,
                "ended_at": "2025-12-14T19:47:59.422917+00:00",
                "exit": 1,
                "failed_files": [],
                "files_checked": [
                    "__init__.py",
                    "_fallback_models.py",
                    "models.py",
                    "tests/test_persona_vetting.py",
                    "tools/__init__.py",
                    "tools/bootstrap_virtual_senate_env.py",
                    "tools/generate_layout_preview.py",
                    "tools/graphviz_layout_service.py",
                    "tools/hello_senate.py",
                    "tools/hello_world_path_runner.py",
                    "tools/run_unity_release.py",
                    "x_legatus_senatus_machina_x/__init__.py",
                    "x_legatus_senatus_machina_x/copilot_support.py",
                    "x_legatus_senatus_machina_x/models.py",
                    "x_legatus_senatus_machina_x/persona_vetting.py",
                    "x_legatus_senatus_machina_x/plan_runner.py",
                    "x_legatus_senatus_machina_x/reporting.py",
                    "x_legatus_senatus_machina_x/robot_senate.py",
                    "x_legatus_senatus_machina_x/robot_senate_core.py",
                    "x_legatus_senatus_machina_x/session_plan.py",
                    "x_legatus_senatus_machina_x/session_runner.py",
                    "x_legatus_senatus_machina_x/x_cls_make_robot_senate_x.py"
                ],
                "repo": "x_legatus_senatus_machina_x",
                "repo_hash": "51beb50a3dee9640d7ca4e037bf7fee7aa4e7b8a0459a5d4dd1ccf858a59e212",
                "repo_path": "C:\\x_runner_x\\x_legatus_senatus_machina_x",
                "started_at": "2025-12-14T19:47:58.786332+00:00",
                "tool": "mypy",
                "tool_module": "mypy",
                "tool_version": "mypy 1.19.0 (compiled: yes)"
            },
            "exit": "exit 1",
            "message": "mypy failed for x_legatus_senatus_machina_x (exit 1)\ncwd: C:\\x_runner_x\\x_legatus_senatus_machina_x\ncommand: C:\\x_runner_x\\.venv\\Scripts\\python.exe -m mypy --package x_legatus_senatus_machina_x --strict --no-warn-unused-configs --show-error-codes --warn-return-any --warn-unreachable --disallow-any-unimported --disallow-any-expr --disallow-any-decorated --disallow-any-explicit\nstarted_at: 2025-12-14T19:47:58.786332+00:00\nduration: 0.636s\ntool_version: mypy 1.19.0 (compiled: yes)\nstdout:\nx_legatus_senatus_machina_x\\models.py:88: error: Expression type contains \"Any\" (has type \"Mapping[Any, Any] | dict[str | Any, object | Any]\")  [misc]\nx_legatus_senatus_machina_x\\models.py:88: error: Expression type contains \"Any\" (has type \"dict[str | Any, object | Any]\")  [misc]\nx_legatus_senatus_machina_x\\models.py:186: error: Explicit \"Any\" is not allowed  [explicit-any]\nx_legatus_senatus_machina_x\\models.py:211: error: Expression type contains \"Any\" (has type \"tuple[str, list[dict[str, Any]]]\")  [misc]\nx_legatus_senatus_machina_x\\models.py:211: error: Expression type contains \"Any\" (has type \"list[dict[str, Any]]\")  [misc]\n\u2026\nstderr:\n<empty>",
            "repo": "x_legatus_senatus_machina_x",
            "repo_path": "C:\\x_runner_x\\x_legatus_senatus_machina_x",
            "stderr_artifact": null,
            "stderr_preview": null,
            "stdout_artifact": {
                "bytes": 58453,
                "path": "C:\\x_runner_x\\x_make_github_visitor_x\\x_make_github_visitor_x\\reports\\artifacts\\visitor_failures_20251214_195501\\0013_x-legatus-senatus-machina-x_mypy_stdout.log",
                "sha256": "78582e36b9897029864fd7fbaa0ac44a47f4e92549c98fb87f62750d0a47de98"
            },
            "stdout_preview": "x_legatus_senatus_machina_x\\models.py:88: error: Expression type contains \"Any\" (has type \"Mapping[Any, Any] | dict[str | Any, object | Any]\")  [misc]\nx_legatus_senatus_machina_x\\models.py:88: error: Expression type contains \"Any\" (has type \"dict[str | Any, object | Any]\")  [misc]\nx_legatus_senatus_machina_x\\models.py:186: error: Explicit \"Any\" is not allowed  [explicit-any]\nx_legatus_senatus_machina_x\\models.py:211: error: Expression type contains \"Any\" (has type \"tuple[str, list[dict[str, Any]]]\")  [misc]\nx_legatus_senatus_machina_x\\models.py:211: error: Expression type contains \"Any\" (has type \"list[dict[str, Any]]\")  [misc]\n\u2026",
            "suggested_action": "Investigate",
            "summary": "mypy failed for x_legatus_senatus_machina_x (exit 1) cwd: C:\\x_runner_x\\x_legatus_senatus_machina_x command: C:\\x_runner_x\\.venv\\Scripts\\python.exe -m mypy --package x_legatus_senatus_machina_x --strict --no-warn-unused-configs --show-erro\u2026",
            "tool": "mypy",
            "tool_version": "mypy 1.19.0 (compiled: yes)"
        },
        {
            "captured_at": "2025-12-14T19:47:58.769911+00:00",
            "command": "C:\\x_runner_x\\.venv\\Scripts\\python.exe -m ruff check . --select ALL --ignore D,COM812,ISC001,T20 --line-length 88 --target-version py311",
            "detail": {
                "cached": false,
                "cmd": [
                    "C:\\x_runner_x\\.venv\\Scripts\\python.exe",
                    "-m",
                    "ruff",
                    "check",
                    ".",
                    "--select",
                    "ALL",
                    "--ignore",
                    "D,COM812,ISC001,T20",
                    "--line-length",
                    "88",
                    "--target-version",
                    "py311"
                ],
                "cmd_display": "C:\\x_runner_x\\.venv\\Scripts\\python.exe -m ruff check . --select ALL --ignore D,COM812,ISC001,T20 --line-length 88 --target-version py311",
                "cwd": "C:\\x_runner_x\\x_legatus_senatus_machina_x",
                "duration_seconds": 0.20351379999920027,
                "ended_at": "2025-12-14T19:47:58.769911+00:00",
                "exit": 1,
                "failed_files": [],
                "files_checked": [
                    "__init__.py",
                    "_fallback_models.py",
                    "models.py",
                    "tests/test_persona_vetting.py",
                    "tools/__init__.py",
                    "tools/bootstrap_virtual_senate_env.py",
                    "tools/generate_layout_preview.py",
                    "tools/graphviz_layout_service.py",
                    "tools/hello_senate.py",
                    "tools/hello_world_path_runner.py",
                    "tools/run_unity_release.py",
                    "x_legatus_senatus_machina_x/__init__.py",
                    "x_legatus_senatus_machina_x/copilot_support.py",
                    "x_legatus_senatus_machina_x/models.py",
                    "x_legatus_senatus_machina_x/persona_vetting.py",
                    "x_legatus_senatus_machina_x/plan_runner.py",
                    "x_legatus_senatus_machina_x/reporting.py",
                    "x_legatus_senatus_machina_x/robot_senate.py",
                    "x_legatus_senatus_machina_x/robot_senate_core.py",
                    "x_legatus_senatus_machina_x/session_plan.py",
                    "x_legatus_senatus_machina_x/session_runner.py",
                    "x_legatus_senatus_machina_x/x_cls_make_robot_senate_x.py"
                ],
                "repo": "x_legatus_senatus_machina_x",
                "repo_hash": "51beb50a3dee9640d7ca4e037bf7fee7aa4e7b8a0459a5d4dd1ccf858a59e212",
                "repo_path": "C:\\x_runner_x\\x_legatus_senatus_machina_x",
                "started_at": "2025-12-14T19:47:58.566443+00:00",
                "tool": "ruff_check",
                "tool_module": "ruff",
                "tool_version": "ruff 0.14.9"
            },
            "exit": "exit 1",
            "message": "ruff_check failed for x_legatus_senatus_machina_x (exit 1)\ncwd: C:\\x_runner_x\\x_legatus_senatus_machina_x\ncommand: C:\\x_runner_x\\.venv\\Scripts\\python.exe -m ruff check . --select ALL --ignore D,COM812,ISC001,T20 --line-length 88 --target-version py311\nstarted_at: 2025-12-14T19:47:58.566443+00:00\nduration: 0.204s\ntool_version: ruff 0.14.9\nstdout:\nE501 Line too long (100 > 88)\n   --> _fallback_models.py:110:89\n    |\n108 |         identifier=\"melchior\",\n109 |         display_name=\"MELCHIOR\",\n\u2026\nstderr:\n<empty>",
            "repo": "x_legatus_senatus_machina_x",
            "repo_path": "C:\\x_runner_x\\x_legatus_senatus_machina_x",
            "stderr_artifact": null,
            "stderr_preview": null,
            "stdout_artifact": {
                "bytes": 53523,
                "path": "C:\\x_runner_x\\x_make_github_visitor_x\\x_make_github_visitor_x\\reports\\artifacts\\visitor_failures_20251214_195501\\0012_x-legatus-senatus-machina-x_ruff-check_stdout.log",
                "sha256": "63aaa501e98e01584abd73ff42ee42a1707393e31b62fe4cf67a9a8a5833339b"
            },
            "stdout_preview": "E501 Line too long (100 > 88)\n   --> _fallback_models.py:110:89\n    |\n108 |         identifier=\"melchior\",\n109 |         display_name=\"MELCHIOR\",\n\u2026",
            "suggested_action": "Investigate",
            "summary": "ruff_check failed for x_legatus_senatus_machina_x (exit 1) cwd: C:\\x_runner_x\\x_legatus_senatus_machina_x command: C:\\x_runner_x\\.venv\\Scripts\\python.exe -m ruff check . --select ALL --ignore D,COM812,ISC001,T20 --line-length 88 --target-v\u2026",
            "tool": "ruff_check",
            "tool_version": "ruff 0.14.9"
        },
        {
            "captured_at": "2025-12-14T19:47:56.428627+00:00",
            "command": "C:\\x_runner_x\\.venv\\Scripts\\python.exe -m ruff check . --fix --select ALL --ignore D,COM812,ISC001,T20 --line-length 88 --target-version py311",
            "detail": {
                "cached": false,
                "cmd": [
                    "C:\\x_runner_x\\.venv\\Scripts\\python.exe",
                    "-m",
                    "ruff",
                    "check",
                    ".",
                    "--fix",
                    "--select",
                    "ALL",
                    "--ignore",
                    "D,COM812,ISC001,T20",
                    "--line-length",
                    "88",
                    "--target-version",
                    "py311"
                ],
                "cmd_display": "C:\\x_runner_x\\.venv\\Scripts\\python.exe -m ruff check . --fix --select ALL --ignore D,COM812,ISC001,T20 --line-length 88 --target-version py311",
                "cwd": "C:\\x_runner_x\\x_legatus_senatus_machina_x",
                "duration_seconds": 0.29083779999928083,
                "ended_at": "2025-12-14T19:47:56.428627+00:00",
                "exit": 1,
                "failed_files": [],
                "files_checked": [
                    "__init__.py",
                    "_fallback_models.py",
                    "models.py",
                    "tests/test_persona_vetting.py",
                    "tools/__init__.py",
                    "tools/bootstrap_virtual_senate_env.py",
                    "tools/generate_layout_preview.py",
                    "tools/graphviz_layout_service.py",
                    "tools/hello_senate.py",
                    "tools/hello_world_path_runner.py",
                    "tools/run_unity_release.py",
                    "x_legatus_senatus_machina_x/__init__.py",
                    "x_legatus_senatus_machina_x/copilot_support.py",
                    "x_legatus_senatus_machina_x/models.py",
                    "x_legatus_senatus_machina_x/persona_vetting.py",
                    "x_legatus_senatus_machina_x/plan_runner.py",
                    "x_legatus_senatus_machina_x/reporting.py",
                    "x_legatus_senatus_machina_x/robot_senate.py",
                    "x_legatus_senatus_machina_x/robot_senate_core.py",
                    "x_legatus_senatus_machina_x/session_plan.py",
                    "x_legatus_senatus_machina_x/session_runner.py",
                    "x_legatus_senatus_machina_x/x_cls_make_robot_senate_x.py"
                ],
                "repo": "x_legatus_senatus_machina_x",
                "repo_hash": "51beb50a3dee9640d7ca4e037bf7fee7aa4e7b8a0459a5d4dd1ccf858a59e212",
                "repo_path": "C:\\x_runner_x\\x_legatus_senatus_machina_x",
                "started_at": "2025-12-14T19:47:56.146404+00:00",
                "tool": "ruff_fix",
                "tool_module": "ruff",
                "tool_version": "ruff 0.14.9"
            },
            "exit": "exit 1",
            "message": "ruff_fix failed for x_legatus_senatus_machina_x (exit 1)\ncwd: C:\\x_runner_x\\x_legatus_senatus_machina_x\ncommand: C:\\x_runner_x\\.venv\\Scripts\\python.exe -m ruff check . --fix --select ALL --ignore D,COM812,ISC001,T20 --line-length 88 --target-version py311\nstarted_at: 2025-12-14T19:47:56.146404+00:00\nduration: 0.291s\ntool_version: ruff 0.14.9\nstdout:\nE501 Line too long (100 > 88)\n   --> _fallback_models.py:110:89\n    |\n108 |         identifier=\"melchior\",\n109 |         display_name=\"MELCHIOR\",\n\u2026\nstderr:\n<empty>",
            "repo": "x_legatus_senatus_machina_x",
            "repo_path": "C:\\x_runner_x\\x_legatus_senatus_machina_x",
            "stderr_artifact": null,
            "stderr_preview": null,
            "stdout_artifact": {
                "bytes": 53523,
                "path": "C:\\x_runner_x\\x_make_github_visitor_x\\x_make_github_visitor_x\\reports\\artifacts\\visitor_failures_20251214_195501\\0011_x-legatus-senatus-machina-x_ruff-fix_stdout.log",
                "sha256": "63aaa501e98e01584abd73ff42ee42a1707393e31b62fe4cf67a9a8a5833339b"
            },
            "stdout_preview": "E501 Line too long (100 > 88)\n   --> _fallback_models.py:110:89\n    |\n108 |         identifier=\"melchior\",\n109 |         display_name=\"MELCHIOR\",\n\u2026",
            "suggested_action": "Investigate",
            "summary": "ruff_fix failed for x_legatus_senatus_machina_x (exit 1) cwd: C:\\x_runner_x\\x_legatus_senatus_machina_x command: C:\\x_runner_x\\.venv\\Scripts\\python.exe -m ruff check . --fix --select ALL --ignore D,COM812,ISC001,T20 --line-length 88 --targ\u2026",
            "tool": "ruff_fix",
            "tool_version": "ruff 0.14.9"
        },
        {
            "captured_at": "2025-12-14T19:48:58.265309+00:00",
            "command": "C:\\x_runner_x\\.venv\\Scripts\\python.exe -m black . --line-length 88 --target-version py311 --check --diff",
            "detail": {
                "cached": false,
                "cmd": [
                    "C:\\x_runner_x\\.venv\\Scripts\\python.exe",
                    "-m",
                    "black",
                    ".",
                    "--line-length",
                    "88",
                    "--target-version",
                    "py311",
                    "--check",
                    "--diff"
                ],
                "cmd_display": "C:\\x_runner_x\\.venv\\Scripts\\python.exe -m black . --line-length 88 --target-version py311 --check --diff",
                "cwd": "C:\\x_runner_x\\x_legatus_vigil_nexus_x",
                "duration_seconds": 2.004753500004881,
                "ended_at": "2025-12-14T19:48:58.265309+00:00",
                "exit": 1,
                "failed_files": [],
                "files_checked": [
                    "__init__.py",
                    "clients/__init__.py",
                    "clients/session_client.py",
                    "clients/windows/__init__.py",
                    "clients/windows/main.py",
                    "control_plane/__init__.py",
                    "control_plane/config.py",
                    "control_plane/models.py",
                    "control_plane/security.py",
                    "control_plane/session_manager.py",
                    "control_plane/video_router.py",
                    "firmware/__init__.py",
                    "firmware/boot.py",
                    "firmware/config_store.py",
                    "firmware/hid_relay.py",
                    "firmware/main.py",
                    "firmware/video_pipeline.py",
                    "firmware/websocket_router.py",
                    "firmware/wifi_manager.py",
                    "typings/httpx/__init__.pyi",
                    "typings/pydantic/__init__.pyi",
                    "typings/websockets/__init__.pyi"
                ],
                "repo": "x_legatus_vigil_nexus_x",
                "repo_hash": "e686eaa7a52b407fb644af4b6ddb6e7a78410b6c43057fc55d13f2ed4b52d96b",
                "repo_path": "C:\\x_runner_x\\x_legatus_vigil_nexus_x",
                "started_at": "2025-12-14T19:48:56.260441+00:00",
                "tool": "black",
                "tool_module": "black",
                "tool_version": "python -m black, 25.12.0 (compiled: yes)\nPython (CPython) 3.12.6"
            },
            "exit": "exit 1",
            "message": "black failed for x_legatus_vigil_nexus_x (exit 1)\ncwd: C:\\x_runner_x\\x_legatus_vigil_nexus_x\ncommand: C:\\x_runner_x\\.venv\\Scripts\\python.exe -m black . --line-length 88 --target-version py311 --check --diff\nstarted_at: 2025-12-14T19:48:56.260441+00:00\nduration: 2.005s\ntool_version: python -m black, 25.12.0 (compiled: yes)\nPython (CPython) 3.12.6\nstdout:\n--- C:\\x_runner_x\\x_legatus_vigil_nexus_x\\typings\\httpx\\__init__.pyi\t2025-12-12 22:39:40.080806+00:00\n+++ C:\\x_runner_x\\x_legatus_vigil_nexus_x\\typings\\httpx\\__init__.pyi\t2025-12-14 19:48:57.998739+00:00\n@@ -1,14 +1,15 @@\n-\n from collections.abc import Mapping\n\u2026\nstderr:\nwould reformat C:\\x_runner_x\\x_legatus_vigil_nexus_x\\typings\\httpx\\__init__.pyi\nwould reformat C:\\x_runner_x\\x_legatus_vigil_nexus_x\\typings\\websockets\\__init__.pyi\nwould reformat C:\\x_runner_x\\x_legatus_vigil_nexus_x\\control_plane\\models.py\nwould reformat C:\\x_runner_x\\x_legatus_vigil_nexus_x\\clients\\session_client.py\n\n\u2026",
            "repo": "x_legatus_vigil_nexus_x",
            "repo_path": "C:\\x_runner_x\\x_legatus_vigil_nexus_x",
            "stderr_artifact": {
                "bytes": 426,
                "path": "C:\\x_runner_x\\x_make_github_visitor_x\\x_make_github_visitor_x\\reports\\artifacts\\visitor_failures_20251214_195501\\0015_x-legatus-vigil-nexus-x_black_stderr.log",
                "sha256": "ca9b5d3bc8029c9e194f23211aedd94d7900f4add9be12fed64145dcc4d28826"
            },
            "stderr_preview": "would reformat C:\\x_runner_x\\x_legatus_vigil_nexus_x\\typings\\httpx\\__init__.pyi\nwould reformat C:\\x_runner_x\\x_legatus_vigil_nexus_x\\typings\\websockets\\__init__.pyi\nwould reformat C:\\x_runner_x\\x_legatus_vigil_nexus_x\\control_plane\\models.py\nwould reformat C:\\x_runner_x\\x_legatus_vigil_nexus_x\\clients\\session_client.py\n\n\u2026",
            "stdout_artifact": {
                "bytes": 3629,
                "path": "C:\\x_runner_x\\x_make_github_visitor_x\\x_make_github_visitor_x\\reports\\artifacts\\visitor_failures_20251214_195501\\0015_x-legatus-vigil-nexus-x_black_stdout.log",
                "sha256": "dd191b081420568342c5a0046d865ee38551598b77f8d2c52acac92b2df5db69"
            },
            "stdout_preview": "--- C:\\x_runner_x\\x_legatus_vigil_nexus_x\\typings\\httpx\\__init__.pyi\t2025-12-12 22:39:40.080806+00:00\n+++ C:\\x_runner_x\\x_legatus_vigil_nexus_x\\typings\\httpx\\__init__.pyi\t2025-12-14 19:48:57.998739+00:00\n@@ -1,14 +1,15 @@\n-\n from collections.abc import Mapping\n\u2026",
            "suggested_action": "Investigate",
            "summary": "black failed for x_legatus_vigil_nexus_x (exit 1) cwd: C:\\x_runner_x\\x_legatus_vigil_nexus_x command: C:\\x_runner_x\\.venv\\Scripts\\python.exe -m black . --line-length 88 --target-version py311 --check --diff started_at: 2025-12-14T19:48:56.\u2026",
            "tool": "black",
            "tool_version": "python -m black, 25.12.0 (compiled: yes)\nPython (CPython) 3.12.6"
        },
        {
            "captured_at": "2025-12-14T19:48:58.467623+00:00",
            "command": "C:\\x_runner_x\\.venv\\Scripts\\python.exe -m ruff check . --select ALL --ignore D,COM812,ISC001,T20 --line-length 88 --target-version py311",
            "detail": {
                "cached": false,
                "cmd": [
                    "C:\\x_runner_x\\.venv\\Scripts\\python.exe",
                    "-m",
                    "ruff",
                    "check",
                    ".",
                    "--select",
                    "ALL",
                    "--ignore",
                    "D,COM812,ISC001,T20",
                    "--line-length",
                    "88",
                    "--target-version",
                    "py311"
                ],
                "cmd_display": "C:\\x_runner_x\\.venv\\Scripts\\python.exe -m ruff check . --select ALL --ignore D,COM812,ISC001,T20 --line-length 88 --target-version py311",
                "cwd": "C:\\x_runner_x\\x_legatus_vigil_nexus_x",
                "duration_seconds": 0.1984359999987646,
                "ended_at": "2025-12-14T19:48:58.467623+00:00",
                "exit": 1,
                "failed_files": [],
                "files_checked": [
                    "__init__.py",
                    "clients/__init__.py",
                    "clients/session_client.py",
                    "clients/windows/__init__.py",
                    "clients/windows/main.py",
                    "control_plane/__init__.py",
                    "control_plane/config.py",
                    "control_plane/models.py",
                    "control_plane/security.py",
                    "control_plane/session_manager.py",
                    "control_plane/video_router.py",
                    "firmware/__init__.py",
                    "firmware/boot.py",
                    "firmware/config_store.py",
                    "firmware/hid_relay.py",
                    "firmware/main.py",
                    "firmware/video_pipeline.py",
                    "firmware/websocket_router.py",
                    "firmware/wifi_manager.py",
                    "typings/httpx/__init__.pyi",
                    "typings/pydantic/__init__.pyi",
                    "typings/websockets/__init__.pyi"
                ],
                "repo": "x_legatus_vigil_nexus_x",
                "repo_hash": "e686eaa7a52b407fb644af4b6ddb6e7a78410b6c43057fc55d13f2ed4b52d96b",
                "repo_path": "C:\\x_runner_x\\x_legatus_vigil_nexus_x",
                "started_at": "2025-12-14T19:48:58.269403+00:00",
                "tool": "ruff_check",
                "tool_module": "ruff",
                "tool_version": "ruff 0.14.9"
            },
            "exit": "exit 1",
            "message": "ruff_check failed for x_legatus_vigil_nexus_x (exit 1)\ncwd: C:\\x_runner_x\\x_legatus_vigil_nexus_x\ncommand: C:\\x_runner_x\\.venv\\Scripts\\python.exe -m ruff check . --select ALL --ignore D,COM812,ISC001,T20 --line-length 88 --target-version py311\nstarted_at: 2025-12-14T19:48:58.269403+00:00\nduration: 0.198s\ntool_version: ruff 0.14.9\nstdout:\nTC003 Move standard library import `collections.abc.AsyncIterator` into a type-checking block\n --> clients\\session_client.py:7:29\n  |\n5 | import asyncio\n6 | import json\n\u2026\nstderr:\n<empty>",
            "repo": "x_legatus_vigil_nexus_x",
            "repo_path": "C:\\x_runner_x\\x_legatus_vigil_nexus_x",
            "stderr_artifact": null,
            "stderr_preview": null,
            "stdout_artifact": {
                "bytes": 4395,
                "path": "C:\\x_runner_x\\x_make_github_visitor_x\\x_make_github_visitor_x\\reports\\artifacts\\visitor_failures_20251214_195501\\0016_x-legatus-vigil-nexus-x_ruff-check_stdout.log",
                "sha256": "cf9cba624eaa38514282f7eea71698a4f39868f3f093a6cdc6d1ce693c0a97f5"
            },
            "stdout_preview": "TC003 Move standard library import `collections.abc.AsyncIterator` into a type-checking block\n --> clients\\session_client.py:7:29\n  |\n5 | import asyncio\n6 | import json\n\u2026",
            "suggested_action": "Investigate",
            "summary": "ruff_check failed for x_legatus_vigil_nexus_x (exit 1) cwd: C:\\x_runner_x\\x_legatus_vigil_nexus_x command: C:\\x_runner_x\\.venv\\Scripts\\python.exe -m ruff check . --select ALL --ignore D,COM812,ISC001,T20 --line-length 88 --target-version p\u2026",
            "tool": "ruff_check",
            "tool_version": "ruff 0.14.9"
        },
        {
            "captured_at": "2025-12-14T19:48:56.252205+00:00",
            "command": "C:\\x_runner_x\\.venv\\Scripts\\python.exe -m ruff check . --fix --select ALL --ignore D,COM812,ISC001,T20 --line-length 88 --target-version py311",
            "detail": {
                "cached": false,
                "cmd": [
                    "C:\\x_runner_x\\.venv\\Scripts\\python.exe",
                    "-m",
                    "ruff",
                    "check",
                    ".",
                    "--fix",
                    "--select",
                    "ALL",
                    "--ignore",
                    "D,COM812,ISC001,T20",
                    "--line-length",
                    "88",
                    "--target-version",
                    "py311"
                ],
                "cmd_display": "C:\\x_runner_x\\.venv\\Scripts\\python.exe -m ruff check . --fix --select ALL --ignore D,COM812,ISC001,T20 --line-length 88 --target-version py311",
                "cwd": "C:\\x_runner_x\\x_legatus_vigil_nexus_x",
                "duration_seconds": 0.336922800001048,
                "ended_at": "2025-12-14T19:48:56.252205+00:00",
                "exit": 1,
                "failed_files": [],
                "files_checked": [
                    "__init__.py",
                    "clients/__init__.py",
                    "clients/session_client.py",
                    "clients/windows/__init__.py",
                    "clients/windows/main.py",
                    "control_plane/__init__.py",
                    "control_plane/config.py",
                    "control_plane/models.py",
                    "control_plane/security.py",
                    "control_plane/session_manager.py",
                    "control_plane/video_router.py",
                    "firmware/__init__.py",
                    "firmware/boot.py",
                    "firmware/config_store.py",
                    "firmware/hid_relay.py",
                    "firmware/main.py",
                    "firmware/video_pipeline.py",
                    "firmware/websocket_router.py",
                    "firmware/wifi_manager.py",
                    "typings/httpx/__init__.pyi",
                    "typings/pydantic/__init__.pyi",
                    "typings/websockets/__init__.pyi"
                ],
                "repo": "x_legatus_vigil_nexus_x",
                "repo_hash": "e686eaa7a52b407fb644af4b6ddb6e7a78410b6c43057fc55d13f2ed4b52d96b",
                "repo_path": "C:\\x_runner_x\\x_legatus_vigil_nexus_x",
                "started_at": "2025-12-14T19:48:55.917092+00:00",
                "tool": "ruff_fix",
                "tool_module": "ruff",
                "tool_version": "ruff 0.14.9"
            },
            "exit": "exit 1",
            "message": "ruff_fix failed for x_legatus_vigil_nexus_x (exit 1)\ncwd: C:\\x_runner_x\\x_legatus_vigil_nexus_x\ncommand: C:\\x_runner_x\\.venv\\Scripts\\python.exe -m ruff check . --fix --select ALL --ignore D,COM812,ISC001,T20 --line-length 88 --target-version py311\nstarted_at: 2025-12-14T19:48:55.917092+00:00\nduration: 0.337s\ntool_version: ruff 0.14.9\nstdout:\nTC003 Move standard library import `collections.abc.AsyncIterator` into a type-checking block\n --> clients\\session_client.py:7:29\n  |\n5 | import asyncio\n6 | import json\n\u2026\nstderr:\n<empty>",
            "repo": "x_legatus_vigil_nexus_x",
            "repo_path": "C:\\x_runner_x\\x_legatus_vigil_nexus_x",
            "stderr_artifact": null,
            "stderr_preview": null,
            "stdout_artifact": {
                "bytes": 4395,
                "path": "C:\\x_runner_x\\x_make_github_visitor_x\\x_make_github_visitor_x\\reports\\artifacts\\visitor_failures_20251214_195501\\0014_x-legatus-vigil-nexus-x_ruff-fix_stdout.log",
                "sha256": "cf9cba624eaa38514282f7eea71698a4f39868f3f093a6cdc6d1ce693c0a97f5"
            },
            "stdout_preview": "TC003 Move standard library import `collections.abc.AsyncIterator` into a type-checking block\n --> clients\\session_client.py:7:29\n  |\n5 | import asyncio\n6 | import json\n\u2026",
            "suggested_action": "Investigate",
            "summary": "ruff_fix failed for x_legatus_vigil_nexus_x (exit 1) cwd: C:\\x_runner_x\\x_legatus_vigil_nexus_x command: C:\\x_runner_x\\.venv\\Scripts\\python.exe -m ruff check . --fix --select ALL --ignore D,COM812,ISC001,T20 --line-length 88 --target-versi\u2026",
            "tool": "ruff_fix",
            "tool_version": "ruff 0.14.9"
        },
        {
            "captured_at": "2025-12-14T19:49:29.659594+00:00",
            "command": "C:\\x_runner_x\\.venv\\Scripts\\python.exe -m black . --line-length 88 --target-version py311 --check --diff",
            "detail": {
                "cached": false,
                "cmd": [
                    "C:\\x_runner_x\\.venv\\Scripts\\python.exe",
                    "-m",
                    "black",
                    ".",
                    "--line-length",
                    "88",
                    "--target-version",
                    "py311",
                    "--check",
                    "--diff"
                ],
                "cmd_display": "C:\\x_runner_x\\.venv\\Scripts\\python.exe -m black . --line-length 88 --target-version py311 --check --diff",
                "cwd": "C:\\x_runner_x\\x_make_common_x",
                "duration_seconds": 2.090300500000012,
                "ended_at": "2025-12-14T19:49:29.659594+00:00",
                "exit": 1,
                "failed_files": [],
                "files_checked": [
                    "__init__.py",
                    "copilot_normalizer.py",
                    "detect/__init__.py",
                    "detect/entrypoints.py",
                    "exporters.py",
                    "json_board.py",
                    "json_contracts.py",
                    "ledger.py",
                    "neon_palette.py",
                    "neon_qt_theme.py",
                    "persona_vetting.py",
                    "progress_snapshot.py",
                    "run_reports.py",
                    "shared_typings/PySide6/QtCore.py",
                    "shared_typings/PySide6/QtCore.pyi",
                    "shared_typings/PySide6/QtGui.py",
                    "shared_typings/PySide6/QtGui.pyi",
                    "shared_typings/PySide6/QtSvgWidgets.pyi",
                    "shared_typings/PySide6/QtWidgets.py",
                    "shared_typings/PySide6/QtWidgets.pyi",
                    "shared_typings/PySide6/__init__.py",
                    "shared_typings/PySide6/__init__.pyi",
                    "shared_typings/_pytest/__init__.py",
                    "shared_typings/_pytest/__init__.pyi",
                    "shared_typings/_pytest/capture.py",
                    "shared_typings/_pytest/capture.pyi",
                    "shared_typings/_pytest/monkeypatch.py",
                    "shared_typings/_pytest/monkeypatch.pyi",
                    "shared_typings/cv2.pyi",
                    "shared_typings/fastapi/__init__.pyi",
                    "shared_typings/fastapi/cli.pyi",
                    "shared_typings/fastapi/params/__init__.pyi",
                    "shared_typings/fastapi/testclient/__init__.pyi",
                    "shared_typings/fastapi_cli/__init__.pyi",
                    "shared_typings/fastapi_cli/cli.pyi",
                    "shared_typings/framebuf/__init__.pyi",
                    "shared_typings/httpx/__init__.pyi",
                    "shared_typings/jsonschema/__init__.py",
                    "shared_typings/jsonschema/__init__.pyi",
                    "shared_typings/jsonschema/exceptions.pyi",
                    "shared_typings/jsonschema/validators.py",
                    "shared_typings/jsonschema/validators.pyi",
                    "shared_typings/jwt/__init__.pyi",
                    "shared_typings/machine/__init__.pyi",
                    "shared_typings/micropython/__init__.pyi",
                    "shared_typings/network/__init__.pyi",
                    "shared_typings/nicegui/__init__.pyi",
                    "shared_typings/numpy/__init__.pyi",
                    "shared_typings/pydantic/__init__.pyi",
                    "shared_typings/pytest/__init__.pyi",
                    "shared_typings/reportlab/graphics/__init__.pyi",
                    "shared_typings/reportlab/graphics/renderPM.pyi",
                    "shared_typings/requests/__init__.pyi",
                    "shared_typings/st7789/__init__.pyi",
                    "shared_typings/textual/__init__.pyi",
                    "shared_typings/textual/app.pyi",
                    "shared_typings/textual/widgets.pyi",
                    "shared_typings/typer/__init__.py",
                    "shared_typings/typer/__init__.pyi",
                    "shared_typings/typer/main.py",
                    "shared_typings/typer/main.pyi",
                    "shared_typings/typer/testing.pyi",
                    "shared_typings/uhashlib/__init__.pyi",
                    "shared_typings/ujson/__init__.pyi",
                    "shared_typings/uos/__init__.pyi",
                    "shared_typings/urandom/__init__.pyi",
                    "shared_typings/utime.pyi",
                    "shared_typings/uvicorn/__init__.pyi",
                    "shared_typings/uwebsockets/__init__.pyi",
                    "shared_typings/uwebsockets/client.pyi",
                    "shared_typings/vga1_8x8/__init__.pyi",
                    "shared_typings/vga2_16x32/__init__.pyi",
                    "shared_typings/websockets/__init__.pyi",
                    "shared_typings/x_cls_make_github_clones_x.pyi",
                    "shared_typings/x_make_common_x/__init__.pyi",
                    "shared_typings/x_make_common_x/copilot_normalizer.pyi",
                    "shared_typings/x_make_common_x/exporters.pyi",
                    "shared_typings/x_make_common_x/persona_vetting.pyi",
                    "shared_typings/x_make_common_x/run_reports.pyi",
                    "shared_typings/x_make_common_x/x_env_x.pyi",
                    "shared_typings/x_make_common_x/x_http_client_x.pyi",
                    "shared_typings/x_make_common_x/x_logging_utils_x.pyi",
                    "shared_typings/x_make_common_x/x_subprocess_utils_x.pyi",
                    "shared_typings/x_make_github_clones_x/__init__.pyi",
                    "shared_typings/x_make_github_clones_x/x_cls_make_github_clones_x.pyi",
                    "stage_progress.py",
                    "tests/__init__.py",
                    "tests/test_exporters.py",
                    "tests/test_json_board.py",
                    "tests/test_json_contracts.py",
                    "tests/test_subprocess_utils.py",
                    "x_cls_make_common_x.py",
                    "x_env_x.py",
                    "x_http_client_x.py",
                    "x_logging_utils_x.py",
                    "x_subprocess_utils_x.py"
                ],
                "repo": "x_make_common_x",
                "repo_hash": "1f1b3cee61fcb0dc2ac3eba8c3290e91a343e19c17f8501dd0c6bb1f6f46152e",
                "repo_path": "C:\\x_runner_x\\x_make_common_x",
                "started_at": "2025-12-14T19:49:27.571275+00:00",
                "tool": "black",
                "tool_module": "black",
                "tool_version": "python -m black, 25.12.0 (compiled: yes)\nPython (CPython) 3.12.6"
            },
            "exit": "exit 1",
            "message": "black failed for x_make_common_x (exit 1)\ncwd: C:\\x_runner_x\\x_make_common_x\ncommand: C:\\x_runner_x\\.venv\\Scripts\\python.exe -m black . --line-length 88 --target-version py311 --check --diff\nstarted_at: 2025-12-14T19:49:27.571275+00:00\nduration: 2.090s\ntool_version: python -m black, 25.12.0 (compiled: yes)\nPython (CPython) 3.12.6\nstdout:\n--- C:\\x_runner_x\\x_make_common_x\\neon_palette.py\t2025-12-14 15:38:11.843682+00:00\n+++ C:\\x_runner_x\\x_make_common_x\\neon_palette.py\t2025-12-14 19:49:29.275522+00:00\n@@ -63,11 +63,17 @@\n     x_make_common_x lives at `<repo_root>/x_make_common_x`, so stepping one level up\n     lands at the workspace root even when the repo is cloned elsewhere.\n\u2026\nstderr:\nwould reformat C:\\x_runner_x\\x_make_common_x\\neon_palette.py\nwould reformat C:\\x_runner_x\\x_make_common_x\\neon_qt_theme.py\n\nOh no! \\U0001f4a5 \\U0001f494 \\U0001f4a5\n2 files would be reformatted, 94 files would be left unchanged.",
            "repo": "x_make_common_x",
            "repo_path": "C:\\x_runner_x\\x_make_common_x",
            "stderr_artifact": {
                "bytes": 228,
                "path": "C:\\x_runner_x\\x_make_github_visitor_x\\x_make_github_visitor_x\\reports\\artifacts\\visitor_failures_20251214_195501\\0018_x-make-common-x_black_stderr.log",
                "sha256": "5d91f044d31fc594fe58022095ed40c5650bbdeae0a6c47a0bb3eec83137daa4"
            },
            "stderr_preview": "would reformat C:\\x_runner_x\\x_make_common_x\\neon_palette.py\nwould reformat C:\\x_runner_x\\x_make_common_x\\neon_qt_theme.py\n\nOh no! \\U0001f4a5 \\U0001f494 \\U0001f4a5\n2 files would be reformatted, 94 files would be left unchanged.",
            "stdout_artifact": {
                "bytes": 7461,
                "path": "C:\\x_runner_x\\x_make_github_visitor_x\\x_make_github_visitor_x\\reports\\artifacts\\visitor_failures_20251214_195501\\0018_x-make-common-x_black_stdout.log",
                "sha256": "6793123098b126c556b2189ca6dbd0103b3c89d45f57bc9f38106de731d98222"
            },
            "stdout_preview": "--- C:\\x_runner_x\\x_make_common_x\\neon_palette.py\t2025-12-14 15:38:11.843682+00:00\n+++ C:\\x_runner_x\\x_make_common_x\\neon_palette.py\t2025-12-14 19:49:29.275522+00:00\n@@ -63,11 +63,17 @@\n     x_make_common_x lives at `<repo_root>/x_make_common_x`, so stepping one level up\n     lands at the workspace root even when the repo is cloned elsewhere.\n\u2026",
            "suggested_action": "Investigate",
            "summary": "black failed for x_make_common_x (exit 1) cwd: C:\\x_runner_x\\x_make_common_x command: C:\\x_runner_x\\.venv\\Scripts\\python.exe -m black . --line-length 88 --target-version py311 --check --diff started_at: 2025-12-14T19:49:27.571275+00:00 dur\u2026",
            "tool": "black",
            "tool_version": "python -m black, 25.12.0 (compiled: yes)\nPython (CPython) 3.12.6"
        },
        {
            "captured_at": "2025-12-14T19:49:35.218620+00:00",
            "command": "C:\\x_runner_x\\.venv\\Scripts\\python.exe -m pyright . --level error",
            "detail": {
                "cached": false,
                "cmd": [
                    "C:\\x_runner_x\\.venv\\Scripts\\python.exe",
                    "-m",
                    "pyright",
                    ".",
                    "--level",
                    "error"
                ],
                "cmd_display": "C:\\x_runner_x\\.venv\\Scripts\\python.exe -m pyright . --level error",
                "cwd": "C:\\x_runner_x\\x_make_common_x",
                "duration_seconds": 4.1081712000013795,
                "ended_at": "2025-12-14T19:49:35.218620+00:00",
                "exit": 1,
                "failed_files": [],
                "files_checked": [
                    "__init__.py",
                    "copilot_normalizer.py",
                    "detect/__init__.py",
                    "detect/entrypoints.py",
                    "exporters.py",
                    "json_board.py",
                    "json_contracts.py",
                    "ledger.py",
                    "neon_palette.py",
                    "neon_qt_theme.py",
                    "persona_vetting.py",
                    "progress_snapshot.py",
                    "run_reports.py",
                    "shared_typings/PySide6/QtCore.py",
                    "shared_typings/PySide6/QtCore.pyi",
                    "shared_typings/PySide6/QtGui.py",
                    "shared_typings/PySide6/QtGui.pyi",
                    "shared_typings/PySide6/QtSvgWidgets.pyi",
                    "shared_typings/PySide6/QtWidgets.py",
                    "shared_typings/PySide6/QtWidgets.pyi",
                    "shared_typings/PySide6/__init__.py",
                    "shared_typings/PySide6/__init__.pyi",
                    "shared_typings/_pytest/__init__.py",
                    "shared_typings/_pytest/__init__.pyi",
                    "shared_typings/_pytest/capture.py",
                    "shared_typings/_pytest/capture.pyi",
                    "shared_typings/_pytest/monkeypatch.py",
                    "shared_typings/_pytest/monkeypatch.pyi",
                    "shared_typings/cv2.pyi",
                    "shared_typings/fastapi/__init__.pyi",
                    "shared_typings/fastapi/cli.pyi",
                    "shared_typings/fastapi/params/__init__.pyi",
                    "shared_typings/fastapi/testclient/__init__.pyi",
                    "shared_typings/fastapi_cli/__init__.pyi",
                    "shared_typings/fastapi_cli/cli.pyi",
                    "shared_typings/framebuf/__init__.pyi",
                    "shared_typings/httpx/__init__.pyi",
                    "shared_typings/jsonschema/__init__.py",
                    "shared_typings/jsonschema/__init__.pyi",
                    "shared_typings/jsonschema/exceptions.pyi",
                    "shared_typings/jsonschema/validators.py",
                    "shared_typings/jsonschema/validators.pyi",
                    "shared_typings/jwt/__init__.pyi",
                    "shared_typings/machine/__init__.pyi",
                    "shared_typings/micropython/__init__.pyi",
                    "shared_typings/network/__init__.pyi",
                    "shared_typings/nicegui/__init__.pyi",
                    "shared_typings/numpy/__init__.pyi",
                    "shared_typings/pydantic/__init__.pyi",
                    "shared_typings/pytest/__init__.pyi",
                    "shared_typings/reportlab/graphics/__init__.pyi",
                    "shared_typings/reportlab/graphics/renderPM.pyi",
                    "shared_typings/requests/__init__.pyi",
                    "shared_typings/st7789/__init__.pyi",
                    "shared_typings/textual/__init__.pyi",
                    "shared_typings/textual/app.pyi",
                    "shared_typings/textual/widgets.pyi",
                    "shared_typings/typer/__init__.py",
                    "shared_typings/typer/__init__.pyi",
                    "shared_typings/typer/main.py",
                    "shared_typings/typer/main.pyi",
                    "shared_typings/typer/testing.pyi",
                    "shared_typings/uhashlib/__init__.pyi",
                    "shared_typings/ujson/__init__.pyi",
                    "shared_typings/uos/__init__.pyi",
                    "shared_typings/urandom/__init__.pyi",
                    "shared_typings/utime.pyi",
                    "shared_typings/uvicorn/__init__.pyi",
                    "shared_typings/uwebsockets/__init__.pyi",
                    "shared_typings/uwebsockets/client.pyi",
                    "shared_typings/vga1_8x8/__init__.pyi",
                    "shared_typings/vga2_16x32/__init__.pyi",
                    "shared_typings/websockets/__init__.pyi",
                    "shared_typings/x_cls_make_github_clones_x.pyi",
                    "shared_typings/x_make_common_x/__init__.pyi",
                    "shared_typings/x_make_common_x/copilot_normalizer.pyi",
                    "shared_typings/x_make_common_x/exporters.pyi",
                    "shared_typings/x_make_common_x/persona_vetting.pyi",
                    "shared_typings/x_make_common_x/run_reports.pyi",
                    "shared_typings/x_make_common_x/x_env_x.pyi",
                    "shared_typings/x_make_common_x/x_http_client_x.pyi",
                    "shared_typings/x_make_common_x/x_logging_utils_x.pyi",
                    "shared_typings/x_make_common_x/x_subprocess_utils_x.pyi",
                    "shared_typings/x_make_github_clones_x/__init__.pyi",
                    "shared_typings/x_make_github_clones_x/x_cls_make_github_clones_x.pyi",
                    "stage_progress.py",
                    "tests/__init__.py",
                    "tests/test_exporters.py",
                    "tests/test_json_board.py",
                    "tests/test_json_contracts.py",
                    "tests/test_subprocess_utils.py",
                    "x_cls_make_common_x.py",
                    "x_env_x.py",
                    "x_http_client_x.py",
                    "x_logging_utils_x.py",
                    "x_subprocess_utils_x.py"
                ],
                "repo": "x_make_common_x",
                "repo_hash": "1f1b3cee61fcb0dc2ac3eba8c3290e91a343e19c17f8501dd0c6bb1f6f46152e",
                "repo_path": "C:\\x_runner_x\\x_make_common_x",
                "started_at": "2025-12-14T19:49:31.120203+00:00",
                "tool": "pyright",
                "tool_module": "pyright",
                "tool_version": "pyright 1.1.407"
            },
            "exit": "exit 1",
            "message": "pyright failed for x_make_common_x (exit 1)\ncwd: C:\\x_runner_x\\x_make_common_x\ncommand: C:\\x_runner_x\\.venv\\Scripts\\python.exe -m pyright . --level error\nstarted_at: 2025-12-14T19:49:31.120203+00:00\nduration: 4.108s\ntool_version: pyright 1.1.407\nstdout:\nc:\\x_runner_x\\x_make_common_x\\neon_qt_theme.py\n  c:\\x_runner_x\\x_make_common_x\\neon_qt_theme.py:58:44 - error: Variable not allowed in type expression (reportInvalidTypeForm)\n  c:\\x_runner_x\\x_make_common_x\\neon_qt_theme.py:59:37 - error: Variable not allowed in type expression (reportInvalidTypeForm)\n  c:\\x_runner_x\\x_make_common_x\\neon_qt_theme.py:72:23 - error: Variable not allowed in type expression (reportInvalidTypeForm)\n  c:\\x_runner_x\\x_make_common_x\\neon_qt_theme.py:72:46 - error: Variable not allowed in type expression (reportInvalidTypeForm)\n\u2026\nstderr:\n<empty>",
            "repo": "x_make_common_x",
            "repo_path": "C:\\x_runner_x\\x_make_common_x",
            "stderr_artifact": null,
            "stderr_preview": null,
            "stdout_artifact": {
                "bytes": 1239,
                "path": "C:\\x_runner_x\\x_make_github_visitor_x\\x_make_github_visitor_x\\reports\\artifacts\\visitor_failures_20251214_195501\\0020_x-make-common-x_pyright_stdout.log",
                "sha256": "1cf3bd43a95a613f6d322390849f4f15c9155aaf2a5d7c89cf12a24778ccac24"
            },
            "stdout_preview": "c:\\x_runner_x\\x_make_common_x\\neon_qt_theme.py\n  c:\\x_runner_x\\x_make_common_x\\neon_qt_theme.py:58:44 - error: Variable not allowed in type expression (reportInvalidTypeForm)\n  c:\\x_runner_x\\x_make_common_x\\neon_qt_theme.py:59:37 - error: Variable not allowed in type expression (reportInvalidTypeForm)\n  c:\\x_runner_x\\x_make_common_x\\neon_qt_theme.py:72:23 - error: Variable not allowed in type expression (reportInvalidTypeForm)\n  c:\\x_runner_x\\x_make_common_x\\neon_qt_theme.py:72:46 - error: Variable not allowed in type expression (reportInvalidTypeForm)\n\u2026",
            "suggested_action": "Investigate",
            "summary": "pyright failed for x_make_common_x (exit 1) cwd: C:\\x_runner_x\\x_make_common_x command: C:\\x_runner_x\\.venv\\Scripts\\python.exe -m pyright . --level error started_at: 2025-12-14T19:49:31.120203+00:00 duration: 4.108s tool_version: pyright 1\u2026",
            "tool": "pyright",
            "tool_version": "pyright 1.1.407"
        },
        {
            "captured_at": "2025-12-14T19:49:29.921535+00:00",
            "command": "C:\\x_runner_x\\.venv\\Scripts\\python.exe -m ruff check . --select ALL --ignore D,COM812,ISC001,T20 --line-length 88 --target-version py311",
            "detail": {
                "cached": false,
                "cmd": [
                    "C:\\x_runner_x\\.venv\\Scripts\\python.exe",
                    "-m",
                    "ruff",
                    "check",
                    ".",
                    "--select",
                    "ALL",
                    "--ignore",
                    "D,COM812,ISC001,T20",
                    "--line-length",
                    "88",
                    "--target-version",
                    "py311"
                ],
                "cmd_display": "C:\\x_runner_x\\.venv\\Scripts\\python.exe -m ruff check . --select ALL --ignore D,COM812,ISC001,T20 --line-length 88 --target-version py311",
                "cwd": "C:\\x_runner_x\\x_make_common_x",
                "duration_seconds": 0.2507518999991589,
                "ended_at": "2025-12-14T19:49:29.921535+00:00",
                "exit": 1,
                "failed_files": [],
                "files_checked": [
                    "__init__.py",
                    "copilot_normalizer.py",
                    "detect/__init__.py",
                    "detect/entrypoints.py",
                    "exporters.py",
                    "json_board.py",
                    "json_contracts.py",
                    "ledger.py",
                    "neon_palette.py",
                    "neon_qt_theme.py",
                    "persona_vetting.py",
                    "progress_snapshot.py",
                    "run_reports.py",
                    "shared_typings/PySide6/QtCore.py",
                    "shared_typings/PySide6/QtCore.pyi",
                    "shared_typings/PySide6/QtGui.py",
                    "shared_typings/PySide6/QtGui.pyi",
                    "shared_typings/PySide6/QtSvgWidgets.pyi",
                    "shared_typings/PySide6/QtWidgets.py",
                    "shared_typings/PySide6/QtWidgets.pyi",
                    "shared_typings/PySide6/__init__.py",
                    "shared_typings/PySide6/__init__.pyi",
                    "shared_typings/_pytest/__init__.py",
                    "shared_typings/_pytest/__init__.pyi",
                    "shared_typings/_pytest/capture.py",
                    "shared_typings/_pytest/capture.pyi",
                    "shared_typings/_pytest/monkeypatch.py",
                    "shared_typings/_pytest/monkeypatch.pyi",
                    "shared_typings/cv2.pyi",
                    "shared_typings/fastapi/__init__.pyi",
                    "shared_typings/fastapi/cli.pyi",
                    "shared_typings/fastapi/params/__init__.pyi",
                    "shared_typings/fastapi/testclient/__init__.pyi",
                    "shared_typings/fastapi_cli/__init__.pyi",
                    "shared_typings/fastapi_cli/cli.pyi",
                    "shared_typings/framebuf/__init__.pyi",
                    "shared_typings/httpx/__init__.pyi",
                    "shared_typings/jsonschema/__init__.py",
                    "shared_typings/jsonschema/__init__.pyi",
                    "shared_typings/jsonschema/exceptions.pyi",
                    "shared_typings/jsonschema/validators.py",
                    "shared_typings/jsonschema/validators.pyi",
                    "shared_typings/jwt/__init__.pyi",
                    "shared_typings/machine/__init__.pyi",
                    "shared_typings/micropython/__init__.pyi",
                    "shared_typings/network/__init__.pyi",
                    "shared_typings/nicegui/__init__.pyi",
                    "shared_typings/numpy/__init__.pyi",
                    "shared_typings/pydantic/__init__.pyi",
                    "shared_typings/pytest/__init__.pyi",
                    "shared_typings/reportlab/graphics/__init__.pyi",
                    "shared_typings/reportlab/graphics/renderPM.pyi",
                    "shared_typings/requests/__init__.pyi",
                    "shared_typings/st7789/__init__.pyi",
                    "shared_typings/textual/__init__.pyi",
                    "shared_typings/textual/app.pyi",
                    "shared_typings/textual/widgets.pyi",
                    "shared_typings/typer/__init__.py",
                    "shared_typings/typer/__init__.pyi",
                    "shared_typings/typer/main.py",
                    "shared_typings/typer/main.pyi",
                    "shared_typings/typer/testing.pyi",
                    "shared_typings/uhashlib/__init__.pyi",
                    "shared_typings/ujson/__init__.pyi",
                    "shared_typings/uos/__init__.pyi",
                    "shared_typings/urandom/__init__.pyi",
                    "shared_typings/utime.pyi",
                    "shared_typings/uvicorn/__init__.pyi",
                    "shared_typings/uwebsockets/__init__.pyi",
                    "shared_typings/uwebsockets/client.pyi",
                    "shared_typings/vga1_8x8/__init__.pyi",
                    "shared_typings/vga2_16x32/__init__.pyi",
                    "shared_typings/websockets/__init__.pyi",
                    "shared_typings/x_cls_make_github_clones_x.pyi",
                    "shared_typings/x_make_common_x/__init__.pyi",
                    "shared_typings/x_make_common_x/copilot_normalizer.pyi",
                    "shared_typings/x_make_common_x/exporters.pyi",
                    "shared_typings/x_make_common_x/persona_vetting.pyi",
                    "shared_typings/x_make_common_x/run_reports.pyi",
                    "shared_typings/x_make_common_x/x_env_x.pyi",
                    "shared_typings/x_make_common_x/x_http_client_x.pyi",
                    "shared_typings/x_make_common_x/x_logging_utils_x.pyi",
                    "shared_typings/x_make_common_x/x_subprocess_utils_x.pyi",
                    "shared_typings/x_make_github_clones_x/__init__.pyi",
                    "shared_typings/x_make_github_clones_x/x_cls_make_github_clones_x.pyi",
                    "stage_progress.py",
                    "tests/__init__.py",
                    "tests/test_exporters.py",
                    "tests/test_json_board.py",
                    "tests/test_json_contracts.py",
                    "tests/test_subprocess_utils.py",
                    "x_cls_make_common_x.py",
                    "x_env_x.py",
                    "x_http_client_x.py",
                    "x_logging_utils_x.py",
                    "x_subprocess_utils_x.py"
                ],
                "repo": "x_make_common_x",
                "repo_hash": "1f1b3cee61fcb0dc2ac3eba8c3290e91a343e19c17f8501dd0c6bb1f6f46152e",
                "repo_path": "C:\\x_runner_x\\x_make_common_x",
                "started_at": "2025-12-14T19:49:29.670734+00:00",
                "tool": "ruff_check",
                "tool_module": "ruff",
                "tool_version": "ruff 0.14.9"
            },
            "exit": "exit 1",
            "message": "ruff_check failed for x_make_common_x (exit 1)\ncwd: C:\\x_runner_x\\x_make_common_x\ncommand: C:\\x_runner_x\\.venv\\Scripts\\python.exe -m ruff check . --select ALL --ignore D,COM812,ISC001,T20 --line-length 88 --target-version py311\nstarted_at: 2025-12-14T19:49:29.670734+00:00\nduration: 0.251s\ntool_version: ruff 0.14.9\nstdout:\nTRY003 Avoid specifying long messages outside the exception class\n  --> neon_palette.py:56:19\n   |\n54 |         value = self.role_value(\"primary_accent\")\n55 |         if not value:\n\u2026\nstderr:\n<empty>",
            "repo": "x_make_common_x",
            "repo_path": "C:\\x_runner_x\\x_make_common_x",
            "stderr_artifact": null,
            "stderr_preview": null,
            "stdout_artifact": {
                "bytes": 16426,
                "path": "C:\\x_runner_x\\x_make_github_visitor_x\\x_make_github_visitor_x\\reports\\artifacts\\visitor_failures_20251214_195501\\0019_x-make-common-x_ruff-check_stdout.log",
                "sha256": "a4aa1188bc155157bead2ad8f0736a9badbc10d4ff5a152c15fe00dabba4e436"
            },
            "stdout_preview": "TRY003 Avoid specifying long messages outside the exception class\n  --> neon_palette.py:56:19\n   |\n54 |         value = self.role_value(\"primary_accent\")\n55 |         if not value:\n\u2026",
            "suggested_action": "Investigate",
            "summary": "ruff_check failed for x_make_common_x (exit 1) cwd: C:\\x_runner_x\\x_make_common_x command: C:\\x_runner_x\\.venv\\Scripts\\python.exe -m ruff check . --select ALL --ignore D,COM812,ISC001,T20 --line-length 88 --target-version py311 started_at:\u2026",
            "tool": "ruff_check",
            "tool_version": "ruff 0.14.9"
        },
        {
            "captured_at": "2025-12-14T19:49:27.553311+00:00",
            "command": "C:\\x_runner_x\\.venv\\Scripts\\python.exe -m ruff check . --fix --select ALL --ignore D,COM812,ISC001,T20 --line-length 88 --target-version py311",
            "detail": {
                "cached": false,
                "cmd": [
                    "C:\\x_runner_x\\.venv\\Scripts\\python.exe",
                    "-m",
                    "ruff",
                    "check",
                    ".",
                    "--fix",
                    "--select",
                    "ALL",
                    "--ignore",
                    "D,COM812,ISC001,T20",
                    "--line-length",
                    "88",
                    "--target-version",
                    "py311"
                ],
                "cmd_display": "C:\\x_runner_x\\.venv\\Scripts\\python.exe -m ruff check . --fix --select ALL --ignore D,COM812,ISC001,T20 --line-length 88 --target-version py311",
                "cwd": "C:\\x_runner_x\\x_make_common_x",
                "duration_seconds": 0.22084140000515617,
                "ended_at": "2025-12-14T19:49:27.553311+00:00",
                "exit": 1,
                "failed_files": [],
                "files_checked": [
                    "__init__.py",
                    "copilot_normalizer.py",
                    "detect/__init__.py",
                    "detect/entrypoints.py",
                    "exporters.py",
                    "json_board.py",
                    "json_contracts.py",
                    "ledger.py",
                    "neon_palette.py",
                    "neon_qt_theme.py",
                    "persona_vetting.py",
                    "progress_snapshot.py",
                    "run_reports.py",
                    "shared_typings/PySide6/QtCore.py",
                    "shared_typings/PySide6/QtCore.pyi",
                    "shared_typings/PySide6/QtGui.py",
                    "shared_typings/PySide6/QtGui.pyi",
                    "shared_typings/PySide6/QtSvgWidgets.pyi",
                    "shared_typings/PySide6/QtWidgets.py",
                    "shared_typings/PySide6/QtWidgets.pyi",
                    "shared_typings/PySide6/__init__.py",
                    "shared_typings/PySide6/__init__.pyi",
                    "shared_typings/_pytest/__init__.py",
                    "shared_typings/_pytest/__init__.pyi",
                    "shared_typings/_pytest/capture.py",
                    "shared_typings/_pytest/capture.pyi",
                    "shared_typings/_pytest/monkeypatch.py",
                    "shared_typings/_pytest/monkeypatch.pyi",
                    "shared_typings/cv2.pyi",
                    "shared_typings/fastapi/__init__.pyi",
                    "shared_typings/fastapi/cli.pyi",
                    "shared_typings/fastapi/params/__init__.pyi",
                    "shared_typings/fastapi/testclient/__init__.pyi",
                    "shared_typings/fastapi_cli/__init__.pyi",
                    "shared_typings/fastapi_cli/cli.pyi",
                    "shared_typings/framebuf/__init__.pyi",
                    "shared_typings/httpx/__init__.pyi",
                    "shared_typings/jsonschema/__init__.py",
                    "shared_typings/jsonschema/__init__.pyi",
                    "shared_typings/jsonschema/exceptions.pyi",
                    "shared_typings/jsonschema/validators.py",
                    "shared_typings/jsonschema/validators.pyi",
                    "shared_typings/jwt/__init__.pyi",
                    "shared_typings/machine/__init__.pyi",
                    "shared_typings/micropython/__init__.pyi",
                    "shared_typings/network/__init__.pyi",
                    "shared_typings/nicegui/__init__.pyi",
                    "shared_typings/numpy/__init__.pyi",
                    "shared_typings/pydantic/__init__.pyi",
                    "shared_typings/pytest/__init__.pyi",
                    "shared_typings/reportlab/graphics/__init__.pyi",
                    "shared_typings/reportlab/graphics/renderPM.pyi",
                    "shared_typings/requests/__init__.pyi",
                    "shared_typings/st7789/__init__.pyi",
                    "shared_typings/textual/__init__.pyi",
                    "shared_typings/textual/app.pyi",
                    "shared_typings/textual/widgets.pyi",
                    "shared_typings/typer/__init__.py",
                    "shared_typings/typer/__init__.pyi",
                    "shared_typings/typer/main.py",
                    "shared_typings/typer/main.pyi",
                    "shared_typings/typer/testing.pyi",
                    "shared_typings/uhashlib/__init__.pyi",
                    "shared_typings/ujson/__init__.pyi",
                    "shared_typings/uos/__init__.pyi",
                    "shared_typings/urandom/__init__.pyi",
                    "shared_typings/utime.pyi",
                    "shared_typings/uvicorn/__init__.pyi",
                    "shared_typings/uwebsockets/__init__.pyi",
                    "shared_typings/uwebsockets/client.pyi",
                    "shared_typings/vga1_8x8/__init__.pyi",
                    "shared_typings/vga2_16x32/__init__.pyi",
                    "shared_typings/websockets/__init__.pyi",
                    "shared_typings/x_cls_make_github_clones_x.pyi",
                    "shared_typings/x_make_common_x/__init__.pyi",
                    "shared_typings/x_make_common_x/copilot_normalizer.pyi",
                    "shared_typings/x_make_common_x/exporters.pyi",
                    "shared_typings/x_make_common_x/persona_vetting.pyi",
                    "shared_typings/x_make_common_x/run_reports.pyi",
                    "shared_typings/x_make_common_x/x_env_x.pyi",
                    "shared_typings/x_make_common_x/x_http_client_x.pyi",
                    "shared_typings/x_make_common_x/x_logging_utils_x.pyi",
                    "shared_typings/x_make_common_x/x_subprocess_utils_x.pyi",
                    "shared_typings/x_make_github_clones_x/__init__.pyi",
                    "shared_typings/x_make_github_clones_x/x_cls_make_github_clones_x.pyi",
                    "stage_progress.py",
                    "tests/__init__.py",
                    "tests/test_exporters.py",
                    "tests/test_json_board.py",
                    "tests/test_json_contracts.py",
                    "tests/test_subprocess_utils.py",
                    "x_cls_make_common_x.py",
                    "x_env_x.py",
                    "x_http_client_x.py",
                    "x_logging_utils_x.py",
                    "x_subprocess_utils_x.py"
                ],
                "repo": "x_make_common_x",
                "repo_hash": "1f1b3cee61fcb0dc2ac3eba8c3290e91a343e19c17f8501dd0c6bb1f6f46152e",
                "repo_path": "C:\\x_runner_x\\x_make_common_x",
                "started_at": "2025-12-14T19:49:27.334154+00:00",
                "tool": "ruff_fix",
                "tool_module": "ruff",
                "tool_version": "ruff 0.14.9"
            },
            "exit": "exit 1",
            "message": "ruff_fix failed for x_make_common_x (exit 1)\ncwd: C:\\x_runner_x\\x_make_common_x\ncommand: C:\\x_runner_x\\.venv\\Scripts\\python.exe -m ruff check . --fix --select ALL --ignore D,COM812,ISC001,T20 --line-length 88 --target-version py311\nstarted_at: 2025-12-14T19:49:27.334154+00:00\nduration: 0.221s\ntool_version: ruff 0.14.9\nstdout:\nTRY003 Avoid specifying long messages outside the exception class\n  --> neon_palette.py:56:19\n   |\n54 |         value = self.role_value(\"primary_accent\")\n55 |         if not value:\n\u2026\nstderr:\n<empty>",
            "repo": "x_make_common_x",
            "repo_path": "C:\\x_runner_x\\x_make_common_x",
            "stderr_artifact": null,
            "stderr_preview": null,
            "stdout_artifact": {
                "bytes": 16426,
                "path": "C:\\x_runner_x\\x_make_github_visitor_x\\x_make_github_visitor_x\\reports\\artifacts\\visitor_failures_20251214_195501\\0017_x-make-common-x_ruff-fix_stdout.log",
                "sha256": "a4aa1188bc155157bead2ad8f0736a9badbc10d4ff5a152c15fe00dabba4e436"
            },
            "stdout_preview": "TRY003 Avoid specifying long messages outside the exception class\n  --> neon_palette.py:56:19\n   |\n54 |         value = self.role_value(\"primary_accent\")\n55 |         if not value:\n\u2026",
            "suggested_action": "Investigate",
            "summary": "ruff_fix failed for x_make_common_x (exit 1) cwd: C:\\x_runner_x\\x_make_common_x command: C:\\x_runner_x\\.venv\\Scripts\\python.exe -m ruff check . --fix --select ALL --ignore D,COM812,ISC001,T20 --line-length 88 --target-version py311 started\u2026",
            "tool": "ruff_fix",
            "tool_version": "ruff 0.14.9"
        },
        {
            "captured_at": "2025-12-14T19:51:12.408593+00:00",
            "command": "C:\\x_runner_x\\.venv\\Scripts\\python.exe -m ruff check . --select ALL --ignore D,COM812,ISC001,T20 --line-length 88 --target-version py311",
            "detail": {
                "cached": false,
                "cmd": [
                    "C:\\x_runner_x\\.venv\\Scripts\\python.exe",
                    "-m",
                    "ruff",
                    "check",
                    ".",
                    "--select",
                    "ALL",
                    "--ignore",
                    "D,COM812,ISC001,T20",
                    "--line-length",
                    "88",
                    "--target-version",
                    "py311"
                ],
                "cmd_display": "C:\\x_runner_x\\.venv\\Scripts\\python.exe -m ruff check . --select ALL --ignore D,COM812,ISC001,T20 --line-length 88 --target-version py311",
                "cwd": "C:\\x_runner_x\\x_make_github_visitor_x",
                "duration_seconds": 0.19322210000245832,
                "ended_at": "2025-12-14T19:51:12.408593+00:00",
                "exit": 1,
                "failed_files": [],
                "files_checked": [
                    "run_external.py",
                    "run_visitor_no_cache.py",
                    "tests/__init__.py",
                    "tests/test_acceleration_flags.py",
                    "tests/test_github_visitor.py",
                    "tests/test_json_contracts.py",
                    "tests/test_markdown_backfill.py",
                    "tests/test_report_validator.py",
                    "tools/__init__.py",
                    "tools/analyze_visitor_failures.py",
                    "tools/list_visitor_failures.py",
                    "x_cls_make_github_visitor_x.py",
                    "x_make_github_visitor_x/__init__.py",
                    "x_make_github_visitor_x/backfill_markdown_reports.py",
                    "x_make_github_visitor_x/inspection_flow.py",
                    "x_make_github_visitor_x/json_contracts.py",
                    "x_make_github_visitor_x/report_validator.py",
                    "x_make_github_visitor_x/runner.py",
                    "x_make_github_visitor_x/x_cls_make_github_visitor_x.py"
                ],
                "repo": "x_make_github_visitor_x",
                "repo_hash": "7b08509c0cb79ce668e84266bbfd4061e16bf6f64e2fca98a4abbb87c8b1d4ee",
                "repo_path": "C:\\x_runner_x\\x_make_github_visitor_x",
                "started_at": "2025-12-14T19:51:12.216424+00:00",
                "tool": "ruff_check",
                "tool_module": "ruff",
                "tool_version": "ruff 0.14.9"
            },
            "exit": "exit 1",
            "message": "ruff_check failed for x_make_github_visitor_x (exit 1)\ncwd: C:\\x_runner_x\\x_make_github_visitor_x\ncommand: C:\\x_runner_x\\.venv\\Scripts\\python.exe -m ruff check . --select ALL --ignore D,COM812,ISC001,T20 --line-length 88 --target-version py311\nstarted_at: 2025-12-14T19:51:12.216424+00:00\nduration: 0.193s\ntool_version: ruff 0.14.9\nstdout:\nSIM108 Use ternary operator `limit_value = limit_attr if isinstance(limit_attr, int) else None` instead of `if`-`else`-block\n  --> x_make_github_visitor_x\\backfill_markdown_reports.py:81:5\n   |\n79 |       force_flag = bool(force_attr)\n80 |       limit_value: int | None\n\u2026\nstderr:\n<empty>",
            "repo": "x_make_github_visitor_x",
            "repo_path": "C:\\x_runner_x\\x_make_github_visitor_x",
            "stderr_artifact": null,
            "stderr_preview": null,
            "stdout_artifact": {
                "bytes": 1505,
                "path": "C:\\x_runner_x\\x_make_github_visitor_x\\x_make_github_visitor_x\\reports\\artifacts\\visitor_failures_20251214_195501\\0022_x-make-github-visitor-x_ruff-check_stdout.log",
                "sha256": "550d4b93349b6b60ff269b67391ee9b3b2c2b2bf1d6c86a448e83b66bda08395"
            },
            "stdout_preview": "SIM108 Use ternary operator `limit_value = limit_attr if isinstance(limit_attr, int) else None` instead of `if`-`else`-block\n  --> x_make_github_visitor_x\\backfill_markdown_reports.py:81:5\n   |\n79 |       force_flag = bool(force_attr)\n80 |       limit_value: int | None\n\u2026",
            "suggested_action": "Investigate",
            "summary": "ruff_check failed for x_make_github_visitor_x (exit 1) cwd: C:\\x_runner_x\\x_make_github_visitor_x command: C:\\x_runner_x\\.venv\\Scripts\\python.exe -m ruff check . --select ALL --ignore D,COM812,ISC001,T20 --line-length 88 --target-version p\u2026",
            "tool": "ruff_check",
            "tool_version": "ruff 0.14.9"
        },
        {
            "captured_at": "2025-12-14T19:51:08.318654+00:00",
            "command": "C:\\x_runner_x\\.venv\\Scripts\\python.exe -m ruff check . --fix --select ALL --ignore D,COM812,ISC001,T20 --line-length 88 --target-version py311",
            "detail": {
                "cached": false,
                "cmd": [
                    "C:\\x_runner_x\\.venv\\Scripts\\python.exe",
                    "-m",
                    "ruff",
                    "check",
                    ".",
                    "--fix",
                    "--select",
                    "ALL",
                    "--ignore",
                    "D,COM812,ISC001,T20",
                    "--line-length",
                    "88",
                    "--target-version",
                    "py311"
                ],
                "cmd_display": "C:\\x_runner_x\\.venv\\Scripts\\python.exe -m ruff check . --fix --select ALL --ignore D,COM812,ISC001,T20 --line-length 88 --target-version py311",
                "cwd": "C:\\x_runner_x\\x_make_github_visitor_x",
                "duration_seconds": 1.3905879000012646,
                "ended_at": "2025-12-14T19:51:08.318654+00:00",
                "exit": 1,
                "failed_files": [],
                "files_checked": [
                    "run_external.py",
                    "run_visitor_no_cache.py",
                    "tests/__init__.py",
                    "tests/test_acceleration_flags.py",
                    "tests/test_github_visitor.py",
                    "tests/test_json_contracts.py",
                    "tests/test_markdown_backfill.py",
                    "tests/test_report_validator.py",
                    "tools/__init__.py",
                    "tools/analyze_visitor_failures.py",
                    "tools/list_visitor_failures.py",
                    "x_cls_make_github_visitor_x.py",
                    "x_make_github_visitor_x/__init__.py",
                    "x_make_github_visitor_x/backfill_markdown_reports.py",
                    "x_make_github_visitor_x/inspection_flow.py",
                    "x_make_github_visitor_x/json_contracts.py",
                    "x_make_github_visitor_x/report_validator.py",
                    "x_make_github_visitor_x/runner.py",
                    "x_make_github_visitor_x/x_cls_make_github_visitor_x.py"
                ],
                "repo": "x_make_github_visitor_x",
                "repo_hash": "7b08509c0cb79ce668e84266bbfd4061e16bf6f64e2fca98a4abbb87c8b1d4ee",
                "repo_path": "C:\\x_runner_x\\x_make_github_visitor_x",
                "started_at": "2025-12-14T19:51:06.936066+00:00",
                "tool": "ruff_fix",
                "tool_module": "ruff",
                "tool_version": "ruff 0.14.9"
            },
            "exit": "exit 1",
            "message": "ruff_fix failed for x_make_github_visitor_x (exit 1)\ncwd: C:\\x_runner_x\\x_make_github_visitor_x\ncommand: C:\\x_runner_x\\.venv\\Scripts\\python.exe -m ruff check . --fix --select ALL --ignore D,COM812,ISC001,T20 --line-length 88 --target-version py311\nstarted_at: 2025-12-14T19:51:06.936066+00:00\nduration: 1.391s\ntool_version: ruff 0.14.9\nstdout:\nSIM108 Use ternary operator `limit_value = limit_attr if isinstance(limit_attr, int) else None` instead of `if`-`else`-block\n  --> x_make_github_visitor_x\\backfill_markdown_reports.py:81:5\n   |\n79 |       force_flag = bool(force_attr)\n80 |       limit_value: int | None\n\u2026\nstderr:\n<empty>",
            "repo": "x_make_github_visitor_x",
            "repo_path": "C:\\x_runner_x\\x_make_github_visitor_x",
            "stderr_artifact": null,
            "stderr_preview": null,
            "stdout_artifact": {
                "bytes": 1528,
                "path": "C:\\x_runner_x\\x_make_github_visitor_x\\x_make_github_visitor_x\\reports\\artifacts\\visitor_failures_20251214_195501\\0021_x-make-github-visitor-x_ruff-fix_stdout.log",
                "sha256": "ac268a64a92d01b12622119c4b114148f2a2abfe05d0dec561eb4eb4d7e8fcef"
            },
            "stdout_preview": "SIM108 Use ternary operator `limit_value = limit_attr if isinstance(limit_attr, int) else None` instead of `if`-`else`-block\n  --> x_make_github_visitor_x\\backfill_markdown_reports.py:81:5\n   |\n79 |       force_flag = bool(force_attr)\n80 |       limit_value: int | None\n\u2026",
            "suggested_action": "Investigate",
            "summary": "ruff_fix failed for x_make_github_visitor_x (exit 1) cwd: C:\\x_runner_x\\x_make_github_visitor_x command: C:\\x_runner_x\\.venv\\Scripts\\python.exe -m ruff check . --fix --select ALL --ignore D,COM812,ISC001,T20 --line-length 88 --target-versi\u2026",
            "tool": "ruff_fix",
            "tool_version": "ruff 0.14.9"
        },
        {
            "captured_at": "2025-12-14T19:51:46.396163+00:00",
            "command": "C:\\x_runner_x\\.venv\\Scripts\\python.exe -m mypy --package x_make_graphviz_x --strict --no-warn-unused-configs --show-error-codes --warn-return-any --warn-unreachable --disallow-any-unimported --disallow-any-expr --disallow-any-decorated --disallow-any-explicit",
            "detail": {
                "cached": false,
                "cmd": [
                    "C:\\x_runner_x\\.venv\\Scripts\\python.exe",
                    "-m",
                    "mypy",
                    "--package",
                    "x_make_graphviz_x",
                    "--strict",
                    "--no-warn-unused-configs",
                    "--show-error-codes",
                    "--warn-return-any",
                    "--warn-unreachable",
                    "--disallow-any-unimported",
                    "--disallow-any-expr",
                    "--disallow-any-decorated",
                    "--disallow-any-explicit"
                ],
                "cmd_display": "C:\\x_runner_x\\.venv\\Scripts\\python.exe -m mypy --package x_make_graphviz_x --strict --no-warn-unused-configs --show-error-codes --warn-return-any --warn-unreachable --disallow-any-unimported --disallow-any-expr --disallow-any-decorated --disallow-any-explicit",
                "cwd": "C:\\x_runner_x\\x_make_graphviz_x",
                "duration_seconds": 0.5339476999943145,
                "ended_at": "2025-12-14T19:51:46.396163+00:00",
                "exit": 1,
                "failed_files": [],
                "files_checked": [
                    "__init__.py",
                    "examples/__init__.py",
                    "examples/rca_tool.py",
                    "examples/switcharoo_ishikawa_factory.py",
                    "json_contracts/__init__.py",
                    "tests/__init__.py",
                    "tests/conftest.py",
                    "tests/test_graphviz_builder.py",
                    "tests/test_json_contracts.py",
                    "tests/test_rca_tool.py",
                    "x_cls_make_graphviz_x.py"
                ],
                "repo": "x_make_graphviz_x",
                "repo_hash": "aea40d2e6e043be352ddc48f2c02bd5ab53d8c67b4dcf5df25f040cd87d3a4af",
                "repo_path": "C:\\x_runner_x\\x_make_graphviz_x",
                "started_at": "2025-12-14T19:51:45.863394+00:00",
                "tool": "mypy",
                "tool_module": "mypy",
                "tool_version": "mypy 1.19.0 (compiled: yes)"
            },
            "exit": "exit 1",
            "message": "mypy failed for x_make_graphviz_x (exit 1)\ncwd: C:\\x_runner_x\\x_make_graphviz_x\ncommand: C:\\x_runner_x\\.venv\\Scripts\\python.exe -m mypy --package x_make_graphviz_x --strict --no-warn-unused-configs --show-error-codes --warn-return-any --warn-unreachable --disallow-any-unimported --disallow-any-expr --disallow-any-decorated --disallow-any-explicit\nstarted_at: 2025-12-14T19:51:45.863394+00:00\nduration: 0.534s\ntool_version: mypy 1.19.0 (compiled: yes)\nstdout:\nexamples\\switcharoo_ishikawa_factory.py:257: error: Expression has type \"Any\"  [misc]\nexamples\\switcharoo_ishikawa_factory.py:259: error: Expression has type \"Any\"  [misc]\nexamples\\switcharoo_ishikawa_factory.py:260: error: Expression has type \"Any\"  [misc]\nexamples\\switcharoo_ishikawa_factory.py:261: error: Expression has type \"Any\"  [misc]\nexamples\\switcharoo_ishikawa_factory.py:262: error: Expression has type \"Any\"  [misc]\n\u2026\nstderr:\n<empty>",
            "repo": "x_make_graphviz_x",
            "repo_path": "C:\\x_runner_x\\x_make_graphviz_x",
            "stderr_artifact": null,
            "stderr_preview": null,
            "stdout_artifact": {
                "bytes": 11728,
                "path": "C:\\x_runner_x\\x_make_github_visitor_x\\x_make_github_visitor_x\\reports\\artifacts\\visitor_failures_20251214_195501\\0023_x-make-graphviz-x_mypy_stdout.log",
                "sha256": "05957cd87b4d5d56633a2383dfe6708d5f69d39b23b441bac6842b5d196b7b42"
            },
            "stdout_preview": "examples\\switcharoo_ishikawa_factory.py:257: error: Expression has type \"Any\"  [misc]\nexamples\\switcharoo_ishikawa_factory.py:259: error: Expression has type \"Any\"  [misc]\nexamples\\switcharoo_ishikawa_factory.py:260: error: Expression has type \"Any\"  [misc]\nexamples\\switcharoo_ishikawa_factory.py:261: error: Expression has type \"Any\"  [misc]\nexamples\\switcharoo_ishikawa_factory.py:262: error: Expression has type \"Any\"  [misc]\n\u2026",
            "suggested_action": "Investigate",
            "summary": "mypy failed for x_make_graphviz_x (exit 1) cwd: C:\\x_runner_x\\x_make_graphviz_x command: C:\\x_runner_x\\.venv\\Scripts\\python.exe -m mypy --package x_make_graphviz_x --strict --no-warn-unused-configs --show-error-codes --warn-return-any --wa\u2026",
            "tool": "mypy",
            "tool_version": "mypy 1.19.0 (compiled: yes)"
        }
    ],
    "generated_at": "2025-12-14T19:55:01.756779+00:00",
    "payload_checksum": "16c375325c2cfd906c1e7107c8d98b90edfc4a505fd0edb08ee008a8910ca375",
    "runtime": {
        "environment": {
            "PATH": "C:\\x_runner_x\\.venv\\Lib\\site-packages\\PySide6;C:\\x_runner_x\\.venv\\Lib\\site-packages\\PySide6;c:\\Users\\eye43\\AppData\\Roaming\\Code\\User\\globalStorage\\github.copilot-chat\\debugCommand;c:\\Users\\eye43\\AppData\\Roaming\\Code\\User\\globalStorage\\github.copilot-chat\\copilotCli;C:\\windows\\system32;C:\\windows;C:\\windows\\System32\\Wbem;C:\\windows\\System32\\WindowsPowerShell\\v1.0\\;C:\\windows\\System32\\OpenSSH\\;C:\\Program Files\\HP\\HP One Agent;C:\\Program Files\\Git\\cmd;C:\\Program Files\\GitHub CLI\\;C:\\Users\\eye43\\AppData\\Local\\Programs\\Python\\Launcher\\;C:\\Users\\eye43\\AppData\\Local\\Programs\\Microsoft VS Code\\bin;C:\\x_runner_x\\tools\\node-v20.11.1-win-x64\\node-v20.11.1-win-x64;C:\\x_runner_x\\tools\\node-v20.11.1-win-x64\\node-v20.11.1-win-x64\\node_modules\\npm\\bin;C:\\Users\\eye43\\AppData\\Local\\Programs\\Python\\Python314\\Scripts;C:\\ProgramData\\chocolatey\\bin;C:\\Users\\eye43\\AppData\\Local\\Programs\\Python\\Launcher\\;C:\\Users\\eye43\\AppData\\Local\\Programs\\Microsoft VS Code\\bin;C:\\x_runner_x\\tools\\node-v20.11.1-win-x64\\node-v20.11.1-win-x64;C:\\x_runner_x\\tools\\node-v20.11.1-win-x64\\node-v20.11.1-win-x64\\node_modules\\npm\\bin;C:\\Users\\eye43\\AppData\\Local\\Programs\\Python\\Python314\\Scripts;c:\\Users\\eye43\\.vscode\\extensions\\ms-python.debugpy-2025.16.0-win32-x64\\bundled\\scripts\\noConfigScripts",
            "PYTHONPATH": "C:\\x_runner_x;C:\\x_runner_x\\x_0_make_all_x;C:\\x_runner_x\\x_0_make_ppnw_dot_ai_change_control_x;C:\\x_runner_x\\x_0_make_ppnw_dot_ai_hr_x;C:\\x_runner_x\\x_0_make_ppnw_dot_ai_website_x;C:\\x_runner_x\\x_0_make_ppnw_dot_ai_x;C:\\x_runner_x\\x_0_video_x;C:\\x_runner_x\\x_legatus_acta_schedae_x;C:\\x_runner_x\\x_legatus_architectura_fabula_x;C:\\x_runner_x\\x_legatus_astra_textor_x;C:\\x_runner_x\\x_legatus_bestia_locus_x;C:\\x_runner_x\\x_legatus_caecus_orator_x;C:\\x_runner_x\\x_legatus_canis_cursor_x;C:\\x_runner_x\\x_legatus_capsula_calculus_x;C:\\x_runner_x\\x_legatus_catena_sensus_x;C:\\x_runner_x\\x_legatus_celer_notitia_x;C:\\x_runner_x\\x_legatus_crustulum_pictor_x;C:\\x_runner_x\\x_legatus_inceptio_praesidium_x;C:\\x_runner_x\\x_legatus_mentis_multiplex_x;C:\\x_runner_x\\x_legatus_multipes_explorator_x;C:\\x_runner_x\\x_legatus_officina_automatarum_x;C:\\x_runner_x\\x_legatus_politia_tabularium_x;C:\\x_runner_x\\x_legatus_pulsus_astra_x;C:\\x_runner_x\\x_legatus_ratio_ordo_x;C:\\x_runner_x\\x_legatus_scriba_machina_x;C:\\x_runner_x\\x_legatus_segmentum_judicium_x;C:\\x_runner_x\\x_legatus_senatus_machina_x;C:\\x_runner_x\\x_legatus_spiritus_valvae_x;C:\\x_runner_x\\x_legatus_tactica_impetus_x;C:\\x_runner_x\\x_legatus_vigil_nexus_x;C:\\x_runner_x\\x_legatus_vox_vicaria_x;C:\\x_runner_x\\x_make_cli_scaffolder_x;C:\\x_runner_x\\x_make_common_x;C:\\x_runner_x\\x_make_contract_validators_x;C:\\x_runner_x\\x_make_copilot_cli_one_time_setup_x;C:\\x_runner_x\\x_make_github_clones_x;C:\\x_runner_x\\x_make_github_visitor_x;C:\\x_runner_x\\x_make_gitignore_sync_x;C:\\x_runner_x\\x_make_graphviz_x;C:\\x_runner_x\\x_make_markdown_x;C:\\x_runner_x\\x_make_mermaid_x;C:\\x_runner_x\\x_make_persistent_env_var_x;C:\\x_runner_x\\x_make_pip_updates_x;C:\\x_runner_x\\x_make_progress_board_x;C:\\x_runner_x\\x_make_pypi_x;C:\\x_runner_x\\x_make_py_mod_sideload_x;C:\\x_runner_x\\x_make_py_venv_x;C:\\x_runner_x\\x_make_slack_dump_and_reset_x;C:\\x_runner_x\\x_make_telemetry_vector_x;C:\\x_runner_x\\x_make_who_is_John_Connor_x;C:\\x_runner_x\\x_make_yahw_x;C:\\x_runner_x\\x_product_000_balance_punching_x;C:\\x_runner_x\\x_vault_x"
        },
        "fast_paths": {
            "quick_mode": false,
            "skip_content_hash": false,
            "skip_tools": false
        },
        "platform": "Windows-11-10.0.26100-SP0",
        "python_executable": "C:\\x_runner_x\\.venv\\Scripts\\python.exe",
        "python_version": "3.12.6 (main, Sep  9 2024, 20:50:27) [MSC v.1929 64 bit (AMD64)]",
        "run_completed_at": "2025-12-14T19:55:01.756779+00:00",
        "run_started_at": "2025-12-14T19:41:08.585186+00:00",
        "selected_tools": [
            "ruff_fix",
            "black",
            "ruff_check",
            "mypy",
            "pyright"
        ],
        "workspace_root": "C:\\x_runner_x"
    },
    "schema_version": "x_make_github_visitor_x.report/1.0",
    "summary": {
        "fast_paths": {
            "quick_mode": false,
            "skip_content_hash": false,
            "skip_tools": false
        },
        "fast_paths_active": [],
        "overall_stats": {
            "cache_hits": 143,
            "cache_misses": 87,
            "failed_tools": 23,
            "had_failures": true,
            "total_tools_run": 230
        },
        "repos": {
            "x_0_make_all_x": {
                "cached": 0,
                "failed": 3,
                "repo_hash": "d6615898e7fdaa92961b7dd2e21b89e81152ec229beeda7dc254aec2bc46fd90",
                "tools": {
                    "black": {
                        "cached": false,
                        "exit": 1,
                        "timed_out": false
                    },
                    "mypy": {
                        "cached": false,
                        "exit": 0,
                        "timed_out": false
                    },
                    "pyright": {
                        "cached": false,
                        "exit": 0,
                        "timed_out": false
                    },
                    "ruff_check": {
                        "cached": false,
                        "exit": 1,
                        "timed_out": false
                    },
                    "ruff_fix": {
                        "cached": false,
                        "exit": 1,
                        "timed_out": false
                    }
                }
            },
            "x_0_make_ppnw_dot_ai_change_control_x": {
                "cached": 5,
                "failed": 0,
                "repo_hash": "8a459ddc504a4d47a7606a7aafd384742252822c689d74001bcf670e5a1c68fc",
                "tools": {
                    "black": {
                        "cached": true,
                        "exit": 0,
                        "timed_out": false
                    },
                    "mypy": {
                        "cached": true,
                        "exit": 0,
                        "timed_out": false
                    },
                    "pyright": {
                        "cached": true,
                        "exit": 0,
                        "timed_out": false
                    },
                    "ruff_check": {
                        "cached": true,
                        "exit": 0,
                        "timed_out": false
                    },
                    "ruff_fix": {
                        "cached": true,
                        "exit": 0,
                        "timed_out": false
                    }
                }
            },
            "x_0_make_ppnw_dot_ai_hr_x": {
                "cached": 0,
                "failed": 1,
                "repo_hash": "44e68bb61b929df938401077d04920a9b87d06121d1d5416cbdc3196b9b4768b",
                "tools": {
                    "black": {
                        "cached": false,
                        "exit": 0,
                        "timed_out": false
                    },
                    "mypy": {
                        "cached": false,
                        "exit": 0,
                        "timed_out": false
                    },
                    "pyright": {
                        "cached": false,
                        "exit": 3221225786,
                        "timed_out": false
                    },
                    "ruff_check": {
                        "cached": false,
                        "exit": 0,
                        "timed_out": false
                    },
                    "ruff_fix": {
                        "cached": false,
                        "exit": 0,
                        "timed_out": false
                    }
                }
            },
            "x_0_make_ppnw_dot_ai_website_x": {
                "cached": 5,
                "failed": 0,
                "repo_hash": "8e07f260ccafc40113ea85219583da1e204b3ef9a5f64ad82dbe2817c044ff79",
                "tools": {
                    "black": {
                        "cached": true,
                        "exit": 0,
                        "timed_out": false
                    },
                    "mypy": {
                        "cached": true,
                        "exit": 0,
                        "timed_out": false
                    },
                    "pyright": {
                        "cached": true,
                        "exit": 0,
                        "timed_out": false
                    },
                    "ruff_check": {
                        "cached": true,
                        "exit": 0,
                        "timed_out": false
                    },
                    "ruff_fix": {
                        "cached": true,
                        "exit": 0,
                        "timed_out": false
                    }
                }
            },
            "x_legatus_acta_schedae_x": {
                "cached": 0,
                "failed": 0,
                "repo_hash": "f6866621e7d283b5821a43622897fdc6936c76b89491d74e80f795466e719199",
                "tools": {
                    "black": {
                        "cached": false,
                        "exit": 0,
                        "timed_out": false
                    },
                    "mypy": {
                        "cached": false,
                        "exit": 0,
                        "timed_out": false
                    },
                    "pyright": {
                        "cached": false,
                        "exit": 0,
                        "timed_out": false
                    },
                    "ruff_check": {
                        "cached": false,
                        "exit": 0,
                        "timed_out": false
                    },
                    "ruff_fix": {
                        "cached": false,
                        "exit": 0,
                        "timed_out": false
                    }
                }
            },
            "x_legatus_architectura_fabula_x": {
                "cached": 5,
                "failed": 0,
                "repo_hash": "82efe8b8db0dcf21e99985ee5f742258e0d0d6165c6aea91d2ae4b4b1af1ec09",
                "tools": {
                    "black": {
                        "cached": true,
                        "exit": 0,
                        "timed_out": false
                    },
                    "mypy": {
                        "cached": true,
                        "exit": 0,
                        "timed_out": false
                    },
                    "pyright": {
                        "cached": true,
                        "exit": 0,
                        "timed_out": false
                    },
                    "ruff_check": {
                        "cached": true,
                        "exit": 0,
                        "timed_out": false
                    },
                    "ruff_fix": {
                        "cached": true,
                        "exit": 0,
                        "timed_out": false
                    }
                }
            },
            "x_legatus_astra_textor_x": {
                "cached": 5,
                "failed": 0,
                "repo_hash": "18a5eecfe4a8674681c8fc904a368f1a3fe8195694f387ef8d24ec4099ef82c3",
                "tools": {
                    "black": {
                        "cached": true,
                        "exit": 0,
                        "timed_out": false
                    },
                    "mypy": {
                        "cached": true,
                        "exit": 0,
                        "timed_out": false
                    },
                    "pyright": {
                        "cached": true,
                        "exit": 0,
                        "timed_out": false
                    },
                    "ruff_check": {
                        "cached": true,
                        "exit": 0,
                        "timed_out": false
                    },
                    "ruff_fix": {
                        "cached": true,
                        "exit": 0,
                        "timed_out": false
                    }
                }
            },
            "x_legatus_bestia_locus_x": {
                "cached": 2,
                "failed": 0,
                "repo_hash": "7d09f9e901d4635868529fe69002e0a34b3bfa913845cec1ce39dd59c2201657",
                "tools": {
                    "black": {
                        "cached": false,
                        "exit": 0,
                        "timed_out": false
                    },
                    "mypy": {
                        "cached": false,
                        "exit": 0,
                        "timed_out": false
                    },
                    "pyright": {
                        "cached": false,
                        "exit": 0,
                        "timed_out": false
                    },
                    "ruff_check": {
                        "cached": true,
                        "exit": 0,
                        "timed_out": false
                    },
                    "ruff_fix": {
                        "cached": true,
                        "exit": 0,
                        "timed_out": false
                    }
                }
            },
            "x_legatus_caecus_orator_x": {
                "cached": 2,
                "failed": 0,
                "repo_hash": "a49a69c1206aa93020cd658b0312d98ecc91448a912f91de1b98e053376d9259",
                "tools": {
                    "black": {
                        "cached": false,
                        "exit": 0,
                        "timed_out": false
                    },
                    "mypy": {
                        "cached": false,
                        "exit": 0,
                        "timed_out": false
                    },
                    "pyright": {
                        "cached": false,
                        "exit": 0,
                        "timed_out": false
                    },
                    "ruff_check": {
                        "cached": true,
                        "exit": 0,
                        "timed_out": false
                    },
                    "ruff_fix": {
                        "cached": true,
                        "exit": 0,
                        "timed_out": false
                    }
                }
            },
            "x_legatus_canis_cursor_x": {
                "cached": 2,
                "failed": 0,
                "repo_hash": "f49b3505968637a4e9dd6e577797a543349972b51f31e3c029398b6e7db62a9b",
                "tools": {
                    "black": {
                        "cached": false,
                        "exit": 0,
                        "timed_out": false
                    },
                    "mypy": {
                        "cached": false,
                        "exit": 0,
                        "timed_out": false
                    },
                    "pyright": {
                        "cached": false,
                        "exit": 0,
                        "timed_out": false
                    },
                    "ruff_check": {
                        "cached": true,
                        "exit": 0,
                        "timed_out": false
                    },
                    "ruff_fix": {
                        "cached": true,
                        "exit": 0,
                        "timed_out": false
                    }
                }
            },
            "x_legatus_capsula_calculus_x": {
                "cached": 5,
                "failed": 0,
                "repo_hash": "40c2ec55ee106cb6fa97641d77a2da43c4bccbb4694c04adec283c83136dee8f",
                "tools": {
                    "black": {
                        "cached": true,
                        "exit": 0,
                        "timed_out": false
                    },
                    "mypy": {
                        "cached": true,
                        "exit": 0,
                        "timed_out": false
                    },
                    "pyright": {
                        "cached": true,
                        "exit": 0,
                        "timed_out": false
                    },
                    "ruff_check": {
                        "cached": true,
                        "exit": 0,
                        "timed_out": false
                    },
                    "ruff_fix": {
                        "cached": true,
                        "exit": 0,
                        "timed_out": false
                    }
                }
            },
            "x_legatus_catena_sensus_x": {
                "cached": 2,
                "failed": 0,
                "repo_hash": "ff9deeca587e972d034ce8552a8ea7573ce03989b154d84da4fdd0bb9328c42d",
                "tools": {
                    "black": {
                        "cached": false,
                        "exit": 0,
                        "timed_out": false
                    },
                    "mypy": {
                        "cached": false,
                        "exit": 0,
                        "timed_out": false
                    },
                    "pyright": {
                        "cached": false,
                        "exit": 0,
                        "timed_out": false
                    },
                    "ruff_check": {
                        "cached": true,
                        "exit": 0,
                        "timed_out": false
                    },
                    "ruff_fix": {
                        "cached": true,
                        "exit": 0,
                        "timed_out": false
                    }
                }
            },
            "x_legatus_celer_notitia_x": {
                "cached": 5,
                "failed": 0,
                "repo_hash": "bf1b18d8de62a73ea69e0b8f6fc610b3a1cdcbca95255da298454dbc9ab66a6d",
                "tools": {
                    "black": {
                        "cached": true,
                        "exit": 0,
                        "timed_out": false
                    },
                    "mypy": {
                        "cached": true,
                        "exit": 0,
                        "timed_out": false
                    },
                    "pyright": {
                        "cached": true,
                        "exit": 0,
                        "timed_out": false
                    },
                    "ruff_check": {
                        "cached": true,
                        "exit": 0,
                        "timed_out": false
                    },
                    "ruff_fix": {
                        "cached": true,
                        "exit": 0,
                        "timed_out": false
                    }
                }
            },
            "x_legatus_inceptio_praesidium_x": {
                "cached": 5,
                "failed": 0,
                "repo_hash": "de9aa8c1cc5315ba8cce73779c02603395386f543d5181e4b2e44ab7dec7b5a1",
                "tools": {
                    "black": {
                        "cached": true,
                        "exit": 0,
                        "timed_out": false
                    },
                    "mypy": {
                        "cached": true,
                        "exit": 0,
                        "timed_out": false
                    },
                    "pyright": {
                        "cached": true,
                        "exit": 0,
                        "timed_out": false
                    },
                    "ruff_check": {
                        "cached": true,
                        "exit": 0,
                        "timed_out": false
                    },
                    "ruff_fix": {
                        "cached": true,
                        "exit": 0,
                        "timed_out": false
                    }
                }
            },
            "x_legatus_mentis_multiplex_x": {
                "cached": 5,
                "failed": 0,
                "repo_hash": "a2a00b764c3a19246f047e43c2afbd47ea15d3362d5e728a1a7e65915c7a5cfe",
                "tools": {
                    "black": {
                        "cached": true,
                        "exit": 0,
                        "timed_out": false
                    },
                    "mypy": {
                        "cached": true,
                        "exit": 0,
                        "timed_out": false
                    },
                    "pyright": {
                        "cached": true,
                        "exit": 0,
                        "timed_out": false
                    },
                    "ruff_check": {
                        "cached": true,
                        "exit": 0,
                        "timed_out": false
                    },
                    "ruff_fix": {
                        "cached": true,
                        "exit": 0,
                        "timed_out": false
                    }
                }
            },
            "x_legatus_multipes_explorator_x": {
                "cached": 2,
                "failed": 0,
                "repo_hash": "90a08be2c0681c2aac3c8dd4921bf660500c20d23c4dc6618abe3a99374717be",
                "tools": {
                    "black": {
                        "cached": false,
                        "exit": 0,
                        "timed_out": false
                    },
                    "mypy": {
                        "cached": false,
                        "exit": 0,
                        "timed_out": false
                    },
                    "pyright": {
                        "cached": false,
                        "exit": 0,
                        "timed_out": false
                    },
                    "ruff_check": {
                        "cached": true,
                        "exit": 0,
                        "timed_out": false
                    },
                    "ruff_fix": {
                        "cached": true,
                        "exit": 0,
                        "timed_out": false
                    }
                }
            },
            "x_legatus_officina_automatarum_x": {
                "cached": 2,
                "failed": 0,
                "repo_hash": "eeb46f97ae17b6a9d7db5c015e1f813a2b9760c56496201df260fef127b311a4",
                "tools": {
                    "black": {
                        "cached": false,
                        "exit": 0,
                        "timed_out": false
                    },
                    "mypy": {
                        "cached": false,
                        "exit": 0,
                        "timed_out": false
                    },
                    "pyright": {
                        "cached": false,
                        "exit": 0,
                        "timed_out": false
                    },
                    "ruff_check": {
                        "cached": true,
                        "exit": 0,
                        "timed_out": false
                    },
                    "ruff_fix": {
                        "cached": true,
                        "exit": 0,
                        "timed_out": false
                    }
                }
            },
            "x_legatus_politia_tabularium_x": {
                "cached": 5,
                "failed": 0,
                "repo_hash": "ccb3968855dea6671fb3d71604b8a6ec34323168d5346346ee77c5c1cda88e38",
                "tools": {
                    "black": {
                        "cached": true,
                        "exit": 0,
                        "timed_out": false
                    },
                    "mypy": {
                        "cached": true,
                        "exit": 0,
                        "timed_out": false
                    },
                    "pyright": {
                        "cached": true,
                        "exit": 0,
                        "timed_out": false
                    },
                    "ruff_check": {
                        "cached": true,
                        "exit": 0,
                        "timed_out": false
                    },
                    "ruff_fix": {
                        "cached": true,
                        "exit": 0,
                        "timed_out": false
                    }
                }
            },
            "x_legatus_pulsus_astra_x": {
                "cached": 2,
                "failed": 0,
                "repo_hash": "9c38b9c1c45bcac6c577527485bdbc1cd4200edbc2e7242085502f516adb678b",
                "tools": {
                    "black": {
                        "cached": false,
                        "exit": 0,
                        "timed_out": false
                    },
                    "mypy": {
                        "cached": false,
                        "exit": 0,
                        "timed_out": false
                    },
                    "pyright": {
                        "cached": false,
                        "exit": 0,
                        "timed_out": false
                    },
                    "ruff_check": {
                        "cached": true,
                        "exit": 0,
                        "timed_out": false
                    },
                    "ruff_fix": {
                        "cached": true,
                        "exit": 0,
                        "timed_out": false
                    }
                }
            },
            "x_legatus_scriba_machina_x": {
                "cached": 0,
                "failed": 4,
                "repo_hash": "b9712d41e6da11427c85bb4547d5d1c87192e465d11a8d86f8394818e78f218e",
                "tools": {
                    "black": {
                        "cached": false,
                        "exit": 1,
                        "timed_out": false
                    },
                    "mypy": {
                        "cached": false,
                        "exit": 1,
                        "timed_out": false
                    },
                    "pyright": {
                        "cached": false,
                        "exit": 0,
                        "timed_out": false
                    },
                    "ruff_check": {
                        "cached": false,
                        "exit": 1,
                        "timed_out": false
                    },
                    "ruff_fix": {
                        "cached": false,
                        "exit": 1,
                        "timed_out": false
                    }
                }
            },
            "x_legatus_segmentum_judicium_x": {
                "cached": 0,
                "failed": 2,
                "repo_hash": "534a1c60d8531ec2f16d83d942c4c4f044ce4ee0182d11cfaad6a0f95bd0021d",
                "tools": {
                    "black": {
                        "cached": false,
                        "exit": 0,
                        "timed_out": false
                    },
                    "mypy": {
                        "cached": false,
                        "exit": 1,
                        "timed_out": false
                    },
                    "pyright": {
                        "cached": false,
                        "exit": 1,
                        "timed_out": false
                    },
                    "ruff_check": {
                        "cached": false,
                        "exit": 0,
                        "timed_out": false
                    },
                    "ruff_fix": {
                        "cached": false,
                        "exit": 0,
                        "timed_out": false
                    }
                }
            },
            "x_legatus_senatus_machina_x": {
                "cached": 0,
                "failed": 3,
                "repo_hash": "51beb50a3dee9640d7ca4e037bf7fee7aa4e7b8a0459a5d4dd1ccf858a59e212",
                "tools": {
                    "black": {
                        "cached": false,
                        "exit": 0,
                        "timed_out": false
                    },
                    "mypy": {
                        "cached": false,
                        "exit": 1,
                        "timed_out": false
                    },
                    "pyright": {
                        "cached": false,
                        "exit": 0,
                        "timed_out": false
                    },
                    "ruff_check": {
                        "cached": false,
                        "exit": 1,
                        "timed_out": false
                    },
                    "ruff_fix": {
                        "cached": false,
                        "exit": 1,
                        "timed_out": false
                    }
                }
            },
            "x_legatus_tactica_impetus_x": {
                "cached": 5,
                "failed": 0,
                "repo_hash": "448052eb48d9417a12d269c6f33ffb1ec16c6e77de9049c5ee4a50568f6fcc9b",
                "tools": {
                    "black": {
                        "cached": true,
                        "exit": 0,
                        "timed_out": false
                    },
                    "mypy": {
                        "cached": true,
                        "exit": 0,
                        "timed_out": false
                    },
                    "pyright": {
                        "cached": true,
                        "exit": 0,
                        "timed_out": false
                    },
                    "ruff_check": {
                        "cached": true,
                        "exit": 0,
                        "timed_out": false
                    },
                    "ruff_fix": {
                        "cached": true,
                        "exit": 0,
                        "timed_out": false
                    }
                }
            },
            "x_legatus_vigil_nexus_x": {
                "cached": 0,
                "failed": 3,
                "repo_hash": "e686eaa7a52b407fb644af4b6ddb6e7a78410b6c43057fc55d13f2ed4b52d96b",
                "tools": {
                    "black": {
                        "cached": false,
                        "exit": 1,
                        "timed_out": false
                    },
                    "mypy": {
                        "cached": false,
                        "exit": 0,
                        "timed_out": false
                    },
                    "pyright": {
                        "cached": false,
                        "exit": 0,
                        "timed_out": false
                    },
                    "ruff_check": {
                        "cached": false,
                        "exit": 1,
                        "timed_out": false
                    },
                    "ruff_fix": {
                        "cached": false,
                        "exit": 1,
                        "timed_out": false
                    }
                }
            },
            "x_make_cli_scaffolder_x": {
                "cached": 5,
                "failed": 0,
                "repo_hash": "0ec77d8284e07f23765f6f852b155055e671b41182fe42be2b4e47dff1d9e28b",
                "tools": {
                    "black": {
                        "cached": true,
                        "exit": 0,
                        "timed_out": false
                    },
                    "mypy": {
                        "cached": true,
                        "exit": 0,
                        "timed_out": false
                    },
                    "pyright": {
                        "cached": true,
                        "exit": 0,
                        "timed_out": false
                    },
                    "ruff_check": {
                        "cached": true,
                        "exit": 0,
                        "timed_out": false
                    },
                    "ruff_fix": {
                        "cached": true,
                        "exit": 0,
                        "timed_out": false
                    }
                }
            },
            "x_make_common_x": {
                "cached": 0,
                "failed": 4,
                "repo_hash": "1f1b3cee61fcb0dc2ac3eba8c3290e91a343e19c17f8501dd0c6bb1f6f46152e",
                "tools": {
                    "black": {
                        "cached": false,
                        "exit": 1,
                        "timed_out": false
                    },
                    "mypy": {
                        "cached": false,
                        "exit": 0,
                        "timed_out": false
                    },
                    "pyright": {
                        "cached": false,
                        "exit": 1,
                        "timed_out": false
                    },
                    "ruff_check": {
                        "cached": false,
                        "exit": 1,
                        "timed_out": false
                    },
                    "ruff_fix": {
                        "cached": false,
                        "exit": 1,
                        "timed_out": false
                    }
                }
            },
            "x_make_contract_validators_x": {
                "cached": 5,
                "failed": 0,
                "repo_hash": "a644bef348dac5a2acb42f08f67a2b8c0ec90316b343ae47677be1c903aa24d8",
                "tools": {
                    "black": {
                        "cached": true,
                        "exit": 0,
                        "timed_out": false
                    },
                    "mypy": {
                        "cached": true,
                        "exit": 0,
                        "timed_out": false
                    },
                    "pyright": {
                        "cached": true,
                        "exit": 0,
                        "timed_out": false
                    },
                    "ruff_check": {
                        "cached": true,
                        "exit": 0,
                        "timed_out": false
                    },
                    "ruff_fix": {
                        "cached": true,
                        "exit": 0,
                        "timed_out": false
                    }
                }
            },
            "x_make_copilot_cli_one_time_setup_x": {
                "cached": 5,
                "failed": 0,
                "repo_hash": "009b781c9ddf4e7bd2339c84308cacdcda30d8ab772c7e3406af935b32d8563c",
                "tools": {
                    "black": {
                        "cached": true,
                        "exit": 0,
                        "timed_out": false
                    },
                    "mypy": {
                        "cached": true,
                        "exit": 0,
                        "timed_out": false
                    },
                    "pyright": {
                        "cached": true,
                        "exit": 0,
                        "timed_out": false
                    },
                    "ruff_check": {
                        "cached": true,
                        "exit": 0,
                        "timed_out": false
                    },
                    "ruff_fix": {
                        "cached": true,
                        "exit": 0,
                        "timed_out": false
                    }
                }
            },
            "x_make_github_clones_x": {
                "cached": 5,
                "failed": 0,
                "repo_hash": "ce6745420e226edc40b38f8ca15a12f9013a480bedd4251e8a76e78927b691c8",
                "tools": {
                    "black": {
                        "cached": true,
                        "exit": 0,
                        "timed_out": false
                    },
                    "mypy": {
                        "cached": true,
                        "exit": 0,
                        "timed_out": false
                    },
                    "pyright": {
                        "cached": true,
                        "exit": 0,
                        "timed_out": false
                    },
                    "ruff_check": {
                        "cached": true,
                        "exit": 0,
                        "timed_out": false
                    },
                    "ruff_fix": {
                        "cached": true,
                        "exit": 0,
                        "timed_out": false
                    }
                }
            },
            "x_make_github_visitor_x": {
                "cached": 0,
                "failed": 2,
                "repo_hash": "7b08509c0cb79ce668e84266bbfd4061e16bf6f64e2fca98a4abbb87c8b1d4ee",
                "tools": {
                    "black": {
                        "cached": false,
                        "exit": 0,
                        "timed_out": false
                    },
                    "mypy": {
                        "cached": false,
                        "exit": 0,
                        "timed_out": false
                    },
                    "pyright": {
                        "cached": false,
                        "exit": 0,
                        "timed_out": false
                    },
                    "ruff_check": {
                        "cached": false,
                        "exit": 1,
                        "timed_out": false
                    },
                    "ruff_fix": {
                        "cached": false,
                        "exit": 1,
                        "timed_out": false
                    }
                }
            },
            "x_make_gitignore_sync_x": {
                "cached": 5,
                "failed": 0,
                "repo_hash": "1af3315d783a519c1404fae719f2d4f462e5bcc8892ed9a920e45377f8f920f6",
                "tools": {
                    "black": {
                        "cached": true,
                        "exit": 0,
                        "timed_out": false
                    },
                    "mypy": {
                        "cached": true,
                        "exit": 0,
                        "timed_out": false
                    },
                    "pyright": {
                        "cached": true,
                        "exit": 0,
                        "timed_out": false
                    },
                    "ruff_check": {
                        "cached": true,
                        "exit": 0,
                        "timed_out": false
                    },
                    "ruff_fix": {
                        "cached": true,
                        "exit": 0,
                        "timed_out": false
                    }
                }
            },
            "x_make_graphviz_x": {
                "cached": 0,
                "failed": 1,
                "repo_hash": "aea40d2e6e043be352ddc48f2c02bd5ab53d8c67b4dcf5df25f040cd87d3a4af",
                "tools": {
                    "black": {
                        "cached": false,
                        "exit": 0,
                        "timed_out": false
                    },
                    "mypy": {
                        "cached": false,
                        "exit": 1,
                        "timed_out": false
                    },
                    "pyright": {
                        "cached": false,
                        "exit": 0,
                        "timed_out": false
                    },
                    "ruff_check": {
                        "cached": false,
                        "exit": 0,
                        "timed_out": false
                    },
                    "ruff_fix": {
                        "cached": false,
                        "exit": 0,
                        "timed_out": false
                    }
                }
            },
            "x_make_markdown_x": {
                "cached": 5,
                "failed": 0,
                "repo_hash": "aa51125a74466ce457f5780347243c2d71c21e2acc5a8f6245e5d9219e95d352",
                "tools": {
                    "black": {
                        "cached": true,
                        "exit": 0,
                        "timed_out": false
                    },
                    "mypy": {
                        "cached": true,
                        "exit": 0,
                        "timed_out": false
                    },
                    "pyright": {
                        "cached": true,
                        "exit": 0,
                        "timed_out": false
                    },
                    "ruff_check": {
                        "cached": true,
                        "exit": 0,
                        "timed_out": false
                    },
                    "ruff_fix": {
                        "cached": true,
                        "exit": 0,
                        "timed_out": false
                    }
                }
            },
            "x_make_mermaid_x": {
                "cached": 5,
                "failed": 0,
                "repo_hash": "8ee539110049d079985a2e4ae85f1a98b31350a08c4a692300feb13f15fdaf27",
                "tools": {
                    "black": {
                        "cached": true,
                        "exit": 0,
                        "timed_out": false
                    },
                    "mypy": {
                        "cached": true,
                        "exit": 0,
                        "timed_out": false
                    },
                    "pyright": {
                        "cached": true,
                        "exit": 0,
                        "timed_out": false
                    },
                    "ruff_check": {
                        "cached": true,
                        "exit": 0,
                        "timed_out": false
                    },
                    "ruff_fix": {
                        "cached": true,
                        "exit": 0,
                        "timed_out": false
                    }
                }
            },
            "x_make_persistent_env_var_x": {
                "cached": 5,
                "failed": 0,
                "repo_hash": "33f19ffe48e5e359e09a096df6058b11f753ab71e3ac173331180177f8b05c21",
                "tools": {
                    "black": {
                        "cached": true,
                        "exit": 0,
                        "timed_out": false
                    },
                    "mypy": {
                        "cached": true,
                        "exit": 0,
                        "timed_out": false
                    },
                    "pyright": {
                        "cached": true,
                        "exit": 0,
                        "timed_out": false
                    },
                    "ruff_check": {
                        "cached": true,
                        "exit": 0,
                        "timed_out": false
                    },
                    "ruff_fix": {
                        "cached": true,
                        "exit": 0,
                        "timed_out": false
                    }
                }
            },
            "x_make_pip_updates_x": {
                "cached": 0,
                "failed": 0,
                "repo_hash": "c7e76badb97b6725696a6493241a399be14f1af678c529ab5cf9b5bbcf099abe",
                "tools": {
                    "black": {
                        "cached": false,
                        "exit": 0,
                        "timed_out": false
                    },
                    "mypy": {
                        "cached": false,
                        "exit": 0,
                        "timed_out": false
                    },
                    "pyright": {
                        "cached": false,
                        "exit": 0,
                        "timed_out": false
                    },
                    "ruff_check": {
                        "cached": false,
                        "exit": 0,
                        "timed_out": false
                    },
                    "ruff_fix": {
                        "cached": false,
                        "exit": 0,
                        "timed_out": false
                    }
                }
            },
            "x_make_progress_board_x": {
                "cached": 5,
                "failed": 0,
                "repo_hash": "84fb2055073c54e523434a206201931c4a9648a81378a79c0be1567b54981750",
                "tools": {
                    "black": {
                        "cached": true,
                        "exit": 0,
                        "timed_out": false
                    },
                    "mypy": {
                        "cached": true,
                        "exit": 0,
                        "timed_out": false
                    },
                    "pyright": {
                        "cached": true,
                        "exit": 0,
                        "timed_out": false
                    },
                    "ruff_check": {
                        "cached": true,
                        "exit": 0,
                        "timed_out": false
                    },
                    "ruff_fix": {
                        "cached": true,
                        "exit": 0,
                        "timed_out": false
                    }
                }
            },
            "x_make_py_mod_sideload_x": {
                "cached": 5,
                "failed": 0,
                "repo_hash": "728a51491ca700bcd3ed8fbc3eeac3ab9bfa2b81e9988b708c186bb99dcf13fa",
                "tools": {
                    "black": {
                        "cached": true,
                        "exit": 0,
                        "timed_out": false
                    },
                    "mypy": {
                        "cached": true,
                        "exit": 0,
                        "timed_out": false
                    },
                    "pyright": {
                        "cached": true,
                        "exit": 0,
                        "timed_out": false
                    },
                    "ruff_check": {
                        "cached": true,
                        "exit": 0,
                        "timed_out": false
                    },
                    "ruff_fix": {
                        "cached": true,
                        "exit": 0,
                        "timed_out": false
                    }
                }
            },
            "x_make_py_venv_x": {
                "cached": 5,
                "failed": 0,
                "repo_hash": "2f24def0740aea5b5ae8c4953e1da35ea97abf4e09092dfada6560c69bfbcf30",
                "tools": {
                    "black": {
                        "cached": true,
                        "exit": 0,
                        "timed_out": false
                    },
                    "mypy": {
                        "cached": true,
                        "exit": 0,
                        "timed_out": false
                    },
                    "pyright": {
                        "cached": true,
                        "exit": 0,
                        "timed_out": false
                    },
                    "ruff_check": {
                        "cached": true,
                        "exit": 0,
                        "timed_out": false
                    },
                    "ruff_fix": {
                        "cached": true,
                        "exit": 0,
                        "timed_out": false
                    }
                }
            },
            "x_make_pypi_x": {
                "cached": 0,
                "failed": 0,
                "repo_hash": "9282c85a742fddeb0ad0846b83c1362c2e718645988970ede0e52767e35dc510",
                "tools": {
                    "black": {
                        "cached": false,
                        "exit": 0,
                        "timed_out": false
                    },
                    "mypy": {
                        "cached": false,
                        "exit": 0,
                        "timed_out": false
                    },
                    "pyright": {
                        "cached": false,
                        "exit": 0,
                        "timed_out": false
                    },
                    "ruff_check": {
                        "cached": false,
                        "exit": 0,
                        "timed_out": false
                    },
                    "ruff_fix": {
                        "cached": false,
                        "exit": 0,
                        "timed_out": false
                    }
                }
            },
            "x_make_slack_dump_and_reset_x": {
                "cached": 5,
                "failed": 0,
                "repo_hash": "9621cba91cb42aaf099d170539f94f76ebf8111a492f9d04c3473a8bafe69d3b",
                "tools": {
                    "black": {
                        "cached": true,
                        "exit": 0,
                        "timed_out": false
                    },
                    "mypy": {
                        "cached": true,
                        "exit": 0,
                        "timed_out": false
                    },
                    "pyright": {
                        "cached": true,
                        "exit": 0,
                        "timed_out": false
                    },
                    "ruff_check": {
                        "cached": true,
                        "exit": 0,
                        "timed_out": false
                    },
                    "ruff_fix": {
                        "cached": true,
                        "exit": 0,
                        "timed_out": false
                    }
                }
            },
            "x_make_telemetry_vector_x": {
                "cached": 5,
                "failed": 0,
                "repo_hash": "74e8316c0a6c68b37539693fbea6bffba2f804075154a00b24590357353f968a",
                "tools": {
                    "black": {
                        "cached": true,
                        "exit": 0,
                        "timed_out": false
                    },
                    "mypy": {
                        "cached": true,
                        "exit": 0,
                        "timed_out": false
                    },
                    "pyright": {
                        "cached": true,
                        "exit": 0,
                        "timed_out": false
                    },
                    "ruff_check": {
                        "cached": true,
                        "exit": 0,
                        "timed_out": false
                    },
                    "ruff_fix": {
                        "cached": true,
                        "exit": 0,
                        "timed_out": false
                    }
                }
            },
            "x_make_who_is_John_Connor_x": {
                "cached": 5,
                "failed": 0,
                "repo_hash": "12e7666f660de9e96fff8966f0653a3c2d6a3713fd973a5469140f52883c66e7",
                "tools": {
                    "black": {
                        "cached": true,
                        "exit": 0,
                        "timed_out": false
                    },
                    "mypy": {
                        "cached": true,
                        "exit": 0,
                        "timed_out": false
                    },
                    "pyright": {
                        "cached": true,
                        "exit": 0,
                        "timed_out": false
                    },
                    "ruff_check": {
                        "cached": true,
                        "exit": 0,
                        "timed_out": false
                    },
                    "ruff_fix": {
                        "cached": true,
                        "exit": 0,
                        "timed_out": false
                    }
                }
            },
            "x_make_yahw_x": {
                "cached": 5,
                "failed": 0,
                "repo_hash": "f44f2111fe6d30e0e2fa235c9bd935faad2086a9b210edaff754fb5ff33612d9",
                "tools": {
                    "black": {
                        "cached": true,
                        "exit": 0,
                        "timed_out": false
                    },
                    "mypy": {
                        "cached": true,
                        "exit": 0,
                        "timed_out": false
                    },
                    "pyright": {
                        "cached": true,
                        "exit": 0,
                        "timed_out": false
                    },
                    "ruff_check": {
                        "cached": true,
                        "exit": 0,
                        "timed_out": false
                    },
                    "ruff_fix": {
                        "cached": true,
                        "exit": 0,
                        "timed_out": false
                    }
                }
            },
            "x_product_000_balance_punching_x": {
                "cached": 2,
                "failed": 0,
                "repo_hash": "5470905f034dbf139d0bc131a6966af3c320696ec19e85d206cd9c15c80b9989",
                "tools": {
                    "black": {
                        "cached": false,
                        "exit": 0,
                        "timed_out": false
                    },
                    "mypy": {
                        "cached": false,
                        "exit": 0,
                        "timed_out": false
                    },
                    "pyright": {
                        "cached": false,
                        "exit": 0,
                        "timed_out": false
                    },
                    "ruff_check": {
                        "cached": true,
                        "exit": 0,
                        "timed_out": false
                    },
                    "ruff_fix": {
                        "cached": true,
                        "exit": 0,
                        "timed_out": false
                    }
                }
            },
            "x_vault_x": {
                "cached": 2,
                "failed": 0,
                "repo_hash": "a913e0c885093af3a9ddf55d7134b4918c9653548c17c0087b624ef2a48621d8",
                "tools": {
                    "black": {
                        "cached": false,
                        "exit": 0,
                        "timed_out": false
                    },
                    "mypy": {
                        "cached": false,
                        "exit": 0,
                        "timed_out": false
                    },
                    "pyright": {
                        "cached": false,
                        "exit": 0,
                        "timed_out": false
                    },
                    "ruff_check": {
                        "cached": true,
                        "exit": 0,
                        "timed_out": false
                    },
                    "ruff_fix": {
                        "cached": true,
                        "exit": 0,
                        "timed_out": false
                    }
                }
            }
        },
        "timestamp": "2025-12-14T19:55:01.757332+00:00",
        "total_repos": 46
    },
    "tool_versions": {
        "black": "python -m black, 25.12.0 (compiled: yes)\nPython (CPython) 3.12.6",
        "mypy": "mypy 1.19.0 (compiled: yes)",
        "pyright": "pyright 1.1.407",
        "ruff": "ruff 0.14.9"
    },
    "workspace_root": "C:\\x_runner_x"
}