{
    "artifact_root": "C:\\x_runner_x\\x_make_github_visitor_x\\x_make_github_visitor_x\\reports\\artifacts\\visitor_failures_20251213_145322",
    "failures": [
        {
            "captured_at": "2025-12-13T14:51:10.345550+00:00",
            "command": "C:\\x_runner_x\\.venv\\Scripts\\python.exe -m black . --line-length 88 --target-version py311 --check --diff",
            "detail": {
                "cached": false,
                "cmd": [
                    "C:\\x_runner_x\\.venv\\Scripts\\python.exe",
                    "-m",
                    "black",
                    ".",
                    "--line-length",
                    "88",
                    "--target-version",
                    "py311",
                    "--check",
                    "--diff"
                ],
                "cmd_display": "C:\\x_runner_x\\.venv\\Scripts\\python.exe -m black . --line-length 88 --target-version py311 --check --diff",
                "cwd": "c:\\x_runner_x\\x_legatus_scriba_machina_x",
                "duration_seconds": 5.387631399993552,
                "ended_at": "2025-12-13T14:51:10.345550+00:00",
                "exit": 1,
                "failed_files": [],
                "files_checked": [
                    "__init__.py",
                    "crud/__init__.py",
                    "crud/processor.py",
                    "factory/__init__.py",
                    "factory/catalog_loader.py",
                    "factory/cli.py",
                    "factory/config/__init__.py",
                    "factory/config/scribe_run_loader.py",
                    "factory/core/__init__.py",
                    "factory/core/factory.py",
                    "factory/core/specs.py",
                    "factory/headers.py",
                    "factory/hooks/__init__.py",
                    "factory/hooks/default_hooks.py",
                    "factory/hooks/diagram_renderer.py",
                    "factory/hooks/models.py",
                    "factory/hooks/parser.py",
                    "factory/hooks/registry.py",
                    "factory/markdown_policy.py",
                    "factory/renderers/__init__.py",
                    "factory/renderers/markdown_renderer.py",
                    "factory/renderers/pdf_renderer.py",
                    "factory/scribe_factory.py",
                    "factory/scribe_plan_cli.py",
                    "factory/utils/__init__.py",
                    "factory/utils/backup_paths.py",
                    "factory/utils/checksum.py",
                    "factory/utils/wkhtmltopdf_locator.py",
                    "json_types.py",
                    "scripts/__init__.py",
                    "scripts/bootstrap_change_control_catch_up.py",
                    "scripts/collect_open_issues.py",
                    "scripts/doc_guard.py",
                    "scripts/enforce_markdown_pdf_compliance.py",
                    "scripts/find_wkhtmltopdf.py",
                    "scripts/generate_markdown_inventory.py",
                    "scripts/generate_markdown_manifest.py",
                    "scripts/render_selected_documents.py",
                    "scripts/render_subset.py",
                    "scripts/run_catch_up_batch.py",
                    "scripts/run_instruction_crud.py",
                    "scripts/verify_factory_outputs.py",
                    "tests/__init__.py",
                    "tests/crud/__init__.py",
                    "tests/crud/test_processor.py",
                    "tests/factory/__init__.py",
                    "tests/factory/test_catalog_loader.py",
                    "tests/factory/test_factory.py",
                    "tests/hooks/__init__.py",
                    "tests/hooks/test_graphviz_renderer.py",
                    "tools/__init__.py",
                    "tools/generate_markdown_manifest.py",
                    "typings/pytest/__init__.pyi"
                ],
                "repo": "x_legatus_scriba_machina_x",
                "repo_hash": "6b3b43c5f17aeaa8fd6481c3f903ffc66109ec593bc57b4f7882e6a029fac4e5",
                "repo_path": "c:\\x_runner_x\\x_legatus_scriba_machina_x",
                "started_at": "2025-12-13T14:51:04.959112+00:00",
                "tool": "black",
                "tool_module": "black",
                "tool_version": "python -m black, 25.12.0 (compiled: yes)\nPython (CPython) 3.12.6"
            },
            "exit": "exit 1",
            "message": "black failed for x_legatus_scriba_machina_x (exit 1)\ncwd: c:\\x_runner_x\\x_legatus_scriba_machina_x\ncommand: C:\\x_runner_x\\.venv\\Scripts\\python.exe -m black . --line-length 88 --target-version py311 --check --diff\nstarted_at: 2025-12-13T14:51:04.959112+00:00\nduration: 5.388s\ntool_version: python -m black, 25.12.0 (compiled: yes)\nPython (CPython) 3.12.6\nstdout:\n--- C:\\x_runner_x\\x_legatus_scriba_machina_x\\scripts\\verify_factory_outputs.py\t2025-12-13 05:49:24.797845+00:00\n+++ C:\\x_runner_x\\x_legatus_scriba_machina_x\\scripts\\verify_factory_outputs.py\t2025-12-13 14:51:09.914223+00:00\n@@ -56,13 +56,11 @@\n     if isinstance(value, Mapping):\n         return cast(\"JsonMapping\", value)\n\u2026\nstderr:\nwould reformat C:\\x_runner_x\\x_legatus_scriba_machina_x\\scripts\\verify_factory_outputs.py\n\nOh no! \\U0001f4a5 \\U0001f494 \\U0001f4a5\n1 file would be reformatted, 52 files would be left unchanged.",
            "repo": "x_legatus_scriba_machina_x",
            "repo_path": "c:\\x_runner_x\\x_legatus_scriba_machina_x",
            "stderr_artifact": {
                "bytes": 194,
                "path": "C:\\x_runner_x\\x_make_github_visitor_x\\x_make_github_visitor_x\\reports\\artifacts\\visitor_failures_20251213_145322\\0002_x-legatus-scriba-machina-x_black_stderr.log",
                "sha256": "7614426a5f44e20586fbcfece43ce47eb87c74e14b1cf1356f2629c94d6c47a9"
            },
            "stderr_preview": "would reformat C:\\x_runner_x\\x_legatus_scriba_machina_x\\scripts\\verify_factory_outputs.py\n\nOh no! \\U0001f4a5 \\U0001f494 \\U0001f4a5\n1 file would be reformatted, 52 files would be left unchanged.",
            "stdout_artifact": {
                "bytes": 777,
                "path": "C:\\x_runner_x\\x_make_github_visitor_x\\x_make_github_visitor_x\\reports\\artifacts\\visitor_failures_20251213_145322\\0002_x-legatus-scriba-machina-x_black_stdout.log",
                "sha256": "a31d45c7d06263c736bdce4bbe05bc87721b1d2e1d2f9e79ff69c4c62eeef61f"
            },
            "stdout_preview": "--- C:\\x_runner_x\\x_legatus_scriba_machina_x\\scripts\\verify_factory_outputs.py\t2025-12-13 05:49:24.797845+00:00\n+++ C:\\x_runner_x\\x_legatus_scriba_machina_x\\scripts\\verify_factory_outputs.py\t2025-12-13 14:51:09.914223+00:00\n@@ -56,13 +56,11 @@\n     if isinstance(value, Mapping):\n         return cast(\"JsonMapping\", value)\n\u2026",
            "suggested_action": "Investigate",
            "summary": "black failed for x_legatus_scriba_machina_x (exit 1) cwd: c:\\x_runner_x\\x_legatus_scriba_machina_x command: C:\\x_runner_x\\.venv\\Scripts\\python.exe -m black . --line-length 88 --target-version py311 --check --diff started_at: 2025-12-13T14:\u2026",
            "tool": "black",
            "tool_version": "python -m black, 25.12.0 (compiled: yes)\nPython (CPython) 3.12.6"
        },
        {
            "captured_at": "2025-12-13T14:51:23.729629+00:00",
            "command": "C:\\x_runner_x\\.venv\\Scripts\\python.exe -m mypy --package x_legatus_scriba_machina_x --strict --no-warn-unused-configs --show-error-codes --warn-return-any --warn-unreachable --disallow-any-unimported --disallow-any-expr --disallow-any-decorated --disallow-any-explicit",
            "detail": {
                "cached": false,
                "cmd": [
                    "C:\\x_runner_x\\.venv\\Scripts\\python.exe",
                    "-m",
                    "mypy",
                    "--package",
                    "x_legatus_scriba_machina_x",
                    "--strict",
                    "--no-warn-unused-configs",
                    "--show-error-codes",
                    "--warn-return-any",
                    "--warn-unreachable",
                    "--disallow-any-unimported",
                    "--disallow-any-expr",
                    "--disallow-any-decorated",
                    "--disallow-any-explicit"
                ],
                "cmd_display": "C:\\x_runner_x\\.venv\\Scripts\\python.exe -m mypy --package x_legatus_scriba_machina_x --strict --no-warn-unused-configs --show-error-codes --warn-return-any --warn-unreachable --disallow-any-unimported --disallow-any-expr --disallow-any-decorated --disallow-any-explicit",
                "cwd": "c:\\x_runner_x\\x_legatus_scriba_machina_x",
                "duration_seconds": 12.911853800003882,
                "ended_at": "2025-12-13T14:51:23.729629+00:00",
                "exit": 1,
                "failed_files": [],
                "files_checked": [
                    "__init__.py",
                    "crud/__init__.py",
                    "crud/processor.py",
                    "factory/__init__.py",
                    "factory/catalog_loader.py",
                    "factory/cli.py",
                    "factory/config/__init__.py",
                    "factory/config/scribe_run_loader.py",
                    "factory/core/__init__.py",
                    "factory/core/factory.py",
                    "factory/core/specs.py",
                    "factory/headers.py",
                    "factory/hooks/__init__.py",
                    "factory/hooks/default_hooks.py",
                    "factory/hooks/diagram_renderer.py",
                    "factory/hooks/models.py",
                    "factory/hooks/parser.py",
                    "factory/hooks/registry.py",
                    "factory/markdown_policy.py",
                    "factory/renderers/__init__.py",
                    "factory/renderers/markdown_renderer.py",
                    "factory/renderers/pdf_renderer.py",
                    "factory/scribe_factory.py",
                    "factory/scribe_plan_cli.py",
                    "factory/utils/__init__.py",
                    "factory/utils/backup_paths.py",
                    "factory/utils/checksum.py",
                    "factory/utils/wkhtmltopdf_locator.py",
                    "json_types.py",
                    "scripts/__init__.py",
                    "scripts/bootstrap_change_control_catch_up.py",
                    "scripts/collect_open_issues.py",
                    "scripts/doc_guard.py",
                    "scripts/enforce_markdown_pdf_compliance.py",
                    "scripts/find_wkhtmltopdf.py",
                    "scripts/generate_markdown_inventory.py",
                    "scripts/generate_markdown_manifest.py",
                    "scripts/render_selected_documents.py",
                    "scripts/render_subset.py",
                    "scripts/run_catch_up_batch.py",
                    "scripts/run_instruction_crud.py",
                    "scripts/verify_factory_outputs.py",
                    "tests/__init__.py",
                    "tests/crud/__init__.py",
                    "tests/crud/test_processor.py",
                    "tests/factory/__init__.py",
                    "tests/factory/test_catalog_loader.py",
                    "tests/factory/test_factory.py",
                    "tests/hooks/__init__.py",
                    "tests/hooks/test_graphviz_renderer.py",
                    "tools/__init__.py",
                    "tools/generate_markdown_manifest.py",
                    "typings/pytest/__init__.pyi"
                ],
                "repo": "x_legatus_scriba_machina_x",
                "repo_hash": "6b3b43c5f17aeaa8fd6481c3f903ffc66109ec593bc57b4f7882e6a029fac4e5",
                "repo_path": "c:\\x_runner_x\\x_legatus_scriba_machina_x",
                "started_at": "2025-12-13T14:51:10.822947+00:00",
                "tool": "mypy",
                "tool_module": "mypy",
                "tool_version": "mypy 1.19.0 (compiled: yes)"
            },
            "exit": "exit 1",
            "message": "mypy failed for x_legatus_scriba_machina_x (exit 1)\ncwd: c:\\x_runner_x\\x_legatus_scriba_machina_x\ncommand: C:\\x_runner_x\\.venv\\Scripts\\python.exe -m mypy --package x_legatus_scriba_machina_x --strict --no-warn-unused-configs --show-error-codes --warn-return-any --warn-unreachable --disallow-any-unimported --disallow-any-expr --disallow-any-decorated --disallow-any-explicit\nstarted_at: 2025-12-13T14:51:10.822947+00:00\nduration: 12.912s\ntool_version: mypy 1.19.0 (compiled: yes)\nstdout:\nfactory\\config\\scribe_run_loader.py:133: error: Expression type contains \"Any\" (has type \"type[type]\")  [misc]\nscripts\\run_catch_up_batch.py:141: error: Expression has type \"Any\"  [misc]\nscripts\\run_catch_up_batch.py:144: error: Expression has type \"Any\"  [misc]\nfactory\\scribe_plan_cli.py:67: error: Expression has type \"Any\"  [misc]\nfactory\\scribe_plan_cli.py:68: error: Expression has type \"Any\"  [misc]\n\u2026\nstderr:\n<empty>",
            "repo": "x_legatus_scriba_machina_x",
            "repo_path": "c:\\x_runner_x\\x_legatus_scriba_machina_x",
            "stderr_artifact": null,
            "stderr_preview": null,
            "stdout_artifact": {
                "bytes": 20688,
                "path": "C:\\x_runner_x\\x_make_github_visitor_x\\x_make_github_visitor_x\\reports\\artifacts\\visitor_failures_20251213_145322\\0004_x-legatus-scriba-machina-x_mypy_stdout.log",
                "sha256": "67fe82903908855c6bcd8d26684a8d8f7e1375465d1ccccf78cfac67323eb49a"
            },
            "stdout_preview": "factory\\config\\scribe_run_loader.py:133: error: Expression type contains \"Any\" (has type \"type[type]\")  [misc]\nscripts\\run_catch_up_batch.py:141: error: Expression has type \"Any\"  [misc]\nscripts\\run_catch_up_batch.py:144: error: Expression has type \"Any\"  [misc]\nfactory\\scribe_plan_cli.py:67: error: Expression has type \"Any\"  [misc]\nfactory\\scribe_plan_cli.py:68: error: Expression has type \"Any\"  [misc]\n\u2026",
            "suggested_action": "Investigate",
            "summary": "mypy failed for x_legatus_scriba_machina_x (exit 1) cwd: c:\\x_runner_x\\x_legatus_scriba_machina_x command: C:\\x_runner_x\\.venv\\Scripts\\python.exe -m mypy --package x_legatus_scriba_machina_x --strict --no-warn-unused-configs --show-error-c\u2026",
            "tool": "mypy",
            "tool_version": "mypy 1.19.0 (compiled: yes)"
        },
        {
            "captured_at": "2025-12-13T14:51:10.812321+00:00",
            "command": "C:\\x_runner_x\\.venv\\Scripts\\python.exe -m ruff check . --select ALL --ignore D,COM812,ISC001,T20 --line-length 88 --target-version py311",
            "detail": {
                "cached": false,
                "cmd": [
                    "C:\\x_runner_x\\.venv\\Scripts\\python.exe",
                    "-m",
                    "ruff",
                    "check",
                    ".",
                    "--select",
                    "ALL",
                    "--ignore",
                    "D,COM812,ISC001,T20",
                    "--line-length",
                    "88",
                    "--target-version",
                    "py311"
                ],
                "cmd_display": "C:\\x_runner_x\\.venv\\Scripts\\python.exe -m ruff check . --select ALL --ignore D,COM812,ISC001,T20 --line-length 88 --target-version py311",
                "cwd": "c:\\x_runner_x\\x_legatus_scriba_machina_x",
                "duration_seconds": 0.4617119000176899,
                "ended_at": "2025-12-13T14:51:10.812321+00:00",
                "exit": 1,
                "failed_files": [],
                "files_checked": [
                    "__init__.py",
                    "crud/__init__.py",
                    "crud/processor.py",
                    "factory/__init__.py",
                    "factory/catalog_loader.py",
                    "factory/cli.py",
                    "factory/config/__init__.py",
                    "factory/config/scribe_run_loader.py",
                    "factory/core/__init__.py",
                    "factory/core/factory.py",
                    "factory/core/specs.py",
                    "factory/headers.py",
                    "factory/hooks/__init__.py",
                    "factory/hooks/default_hooks.py",
                    "factory/hooks/diagram_renderer.py",
                    "factory/hooks/models.py",
                    "factory/hooks/parser.py",
                    "factory/hooks/registry.py",
                    "factory/markdown_policy.py",
                    "factory/renderers/__init__.py",
                    "factory/renderers/markdown_renderer.py",
                    "factory/renderers/pdf_renderer.py",
                    "factory/scribe_factory.py",
                    "factory/scribe_plan_cli.py",
                    "factory/utils/__init__.py",
                    "factory/utils/backup_paths.py",
                    "factory/utils/checksum.py",
                    "factory/utils/wkhtmltopdf_locator.py",
                    "json_types.py",
                    "scripts/__init__.py",
                    "scripts/bootstrap_change_control_catch_up.py",
                    "scripts/collect_open_issues.py",
                    "scripts/doc_guard.py",
                    "scripts/enforce_markdown_pdf_compliance.py",
                    "scripts/find_wkhtmltopdf.py",
                    "scripts/generate_markdown_inventory.py",
                    "scripts/generate_markdown_manifest.py",
                    "scripts/render_selected_documents.py",
                    "scripts/render_subset.py",
                    "scripts/run_catch_up_batch.py",
                    "scripts/run_instruction_crud.py",
                    "scripts/verify_factory_outputs.py",
                    "tests/__init__.py",
                    "tests/crud/__init__.py",
                    "tests/crud/test_processor.py",
                    "tests/factory/__init__.py",
                    "tests/factory/test_catalog_loader.py",
                    "tests/factory/test_factory.py",
                    "tests/hooks/__init__.py",
                    "tests/hooks/test_graphviz_renderer.py",
                    "tools/__init__.py",
                    "tools/generate_markdown_manifest.py",
                    "typings/pytest/__init__.pyi"
                ],
                "repo": "x_legatus_scriba_machina_x",
                "repo_hash": "6b3b43c5f17aeaa8fd6481c3f903ffc66109ec593bc57b4f7882e6a029fac4e5",
                "repo_path": "c:\\x_runner_x\\x_legatus_scriba_machina_x",
                "started_at": "2025-12-13T14:51:10.350850+00:00",
                "tool": "ruff_check",
                "tool_module": "ruff",
                "tool_version": "ruff 0.14.9"
            },
            "exit": "exit 1",
            "message": "ruff_check failed for x_legatus_scriba_machina_x (exit 1)\ncwd: c:\\x_runner_x\\x_legatus_scriba_machina_x\ncommand: C:\\x_runner_x\\.venv\\Scripts\\python.exe -m ruff check . --select ALL --ignore D,COM812,ISC001,T20 --line-length 88 --target-version py311\nstarted_at: 2025-12-13T14:51:10.350850+00:00\nduration: 0.462s\ntool_version: ruff 0.14.9\nstdout:\nTRY300 Consider moving this statement to an `else` block\n   --> factory\\config\\scribe_run_loader.py:109:9\n    |\n107 |     try:\n108 |         data_obj: object = json.loads(path.read_text(encoding=\"utf-8\"))\n\u2026\nstderr:\n<empty>",
            "repo": "x_legatus_scriba_machina_x",
            "repo_path": "c:\\x_runner_x\\x_legatus_scriba_machina_x",
            "stderr_artifact": null,
            "stderr_preview": null,
            "stdout_artifact": {
                "bytes": 6287,
                "path": "C:\\x_runner_x\\x_make_github_visitor_x\\x_make_github_visitor_x\\reports\\artifacts\\visitor_failures_20251213_145322\\0003_x-legatus-scriba-machina-x_ruff-check_stdout.log",
                "sha256": "45d98d84332acf3ed0fa274ab7ab013a0df244ef6d2ed30e360ddcbdf22f467b"
            },
            "stdout_preview": "TRY300 Consider moving this statement to an `else` block\n   --> factory\\config\\scribe_run_loader.py:109:9\n    |\n107 |     try:\n108 |         data_obj: object = json.loads(path.read_text(encoding=\"utf-8\"))\n\u2026",
            "suggested_action": "Investigate",
            "summary": "ruff_check failed for x_legatus_scriba_machina_x (exit 1) cwd: c:\\x_runner_x\\x_legatus_scriba_machina_x command: C:\\x_runner_x\\.venv\\Scripts\\python.exe -m ruff check . --select ALL --ignore D,COM812,ISC001,T20 --line-length 88 --target-ver\u2026",
            "tool": "ruff_check",
            "tool_version": "ruff 0.14.9"
        },
        {
            "captured_at": "2025-12-13T14:51:04.936218+00:00",
            "command": "C:\\x_runner_x\\.venv\\Scripts\\python.exe -m ruff check . --fix --select ALL --ignore D,COM812,ISC001,T20 --line-length 88 --target-version py311",
            "detail": {
                "cached": false,
                "cmd": [
                    "C:\\x_runner_x\\.venv\\Scripts\\python.exe",
                    "-m",
                    "ruff",
                    "check",
                    ".",
                    "--fix",
                    "--select",
                    "ALL",
                    "--ignore",
                    "D,COM812,ISC001,T20",
                    "--line-length",
                    "88",
                    "--target-version",
                    "py311"
                ],
                "cmd_display": "C:\\x_runner_x\\.venv\\Scripts\\python.exe -m ruff check . --fix --select ALL --ignore D,COM812,ISC001,T20 --line-length 88 --target-version py311",
                "cwd": "c:\\x_runner_x\\x_legatus_scriba_machina_x",
                "duration_seconds": 0.2582286999968346,
                "ended_at": "2025-12-13T14:51:04.936218+00:00",
                "exit": 1,
                "failed_files": [],
                "files_checked": [
                    "__init__.py",
                    "crud/__init__.py",
                    "crud/processor.py",
                    "factory/__init__.py",
                    "factory/catalog_loader.py",
                    "factory/cli.py",
                    "factory/config/__init__.py",
                    "factory/config/scribe_run_loader.py",
                    "factory/core/__init__.py",
                    "factory/core/factory.py",
                    "factory/core/specs.py",
                    "factory/headers.py",
                    "factory/hooks/__init__.py",
                    "factory/hooks/default_hooks.py",
                    "factory/hooks/diagram_renderer.py",
                    "factory/hooks/models.py",
                    "factory/hooks/parser.py",
                    "factory/hooks/registry.py",
                    "factory/markdown_policy.py",
                    "factory/renderers/__init__.py",
                    "factory/renderers/markdown_renderer.py",
                    "factory/renderers/pdf_renderer.py",
                    "factory/scribe_factory.py",
                    "factory/scribe_plan_cli.py",
                    "factory/utils/__init__.py",
                    "factory/utils/backup_paths.py",
                    "factory/utils/checksum.py",
                    "factory/utils/wkhtmltopdf_locator.py",
                    "json_types.py",
                    "scripts/__init__.py",
                    "scripts/bootstrap_change_control_catch_up.py",
                    "scripts/collect_open_issues.py",
                    "scripts/doc_guard.py",
                    "scripts/enforce_markdown_pdf_compliance.py",
                    "scripts/find_wkhtmltopdf.py",
                    "scripts/generate_markdown_inventory.py",
                    "scripts/generate_markdown_manifest.py",
                    "scripts/render_selected_documents.py",
                    "scripts/render_subset.py",
                    "scripts/run_catch_up_batch.py",
                    "scripts/run_instruction_crud.py",
                    "scripts/verify_factory_outputs.py",
                    "tests/__init__.py",
                    "tests/crud/__init__.py",
                    "tests/crud/test_processor.py",
                    "tests/factory/__init__.py",
                    "tests/factory/test_catalog_loader.py",
                    "tests/factory/test_factory.py",
                    "tests/hooks/__init__.py",
                    "tests/hooks/test_graphviz_renderer.py",
                    "tools/__init__.py",
                    "tools/generate_markdown_manifest.py",
                    "typings/pytest/__init__.pyi"
                ],
                "repo": "x_legatus_scriba_machina_x",
                "repo_hash": "6b3b43c5f17aeaa8fd6481c3f903ffc66109ec593bc57b4f7882e6a029fac4e5",
                "repo_path": "c:\\x_runner_x\\x_legatus_scriba_machina_x",
                "started_at": "2025-12-13T14:51:04.677796+00:00",
                "tool": "ruff_fix",
                "tool_module": "ruff",
                "tool_version": "ruff 0.14.9"
            },
            "exit": "exit 1",
            "message": "ruff_fix failed for x_legatus_scriba_machina_x (exit 1)\ncwd: c:\\x_runner_x\\x_legatus_scriba_machina_x\ncommand: C:\\x_runner_x\\.venv\\Scripts\\python.exe -m ruff check . --fix --select ALL --ignore D,COM812,ISC001,T20 --line-length 88 --target-version py311\nstarted_at: 2025-12-13T14:51:04.677796+00:00\nduration: 0.258s\ntool_version: ruff 0.14.9\nstdout:\nTRY300 Consider moving this statement to an `else` block\n   --> factory\\config\\scribe_run_loader.py:109:9\n    |\n107 |     try:\n108 |         data_obj: object = json.loads(path.read_text(encoding=\"utf-8\"))\n\u2026\nstderr:\n<empty>",
            "repo": "x_legatus_scriba_machina_x",
            "repo_path": "c:\\x_runner_x\\x_legatus_scriba_machina_x",
            "stderr_artifact": null,
            "stderr_preview": null,
            "stdout_artifact": {
                "bytes": 6287,
                "path": "C:\\x_runner_x\\x_make_github_visitor_x\\x_make_github_visitor_x\\reports\\artifacts\\visitor_failures_20251213_145322\\0001_x-legatus-scriba-machina-x_ruff-fix_stdout.log",
                "sha256": "45d98d84332acf3ed0fa274ab7ab013a0df244ef6d2ed30e360ddcbdf22f467b"
            },
            "stdout_preview": "TRY300 Consider moving this statement to an `else` block\n   --> factory\\config\\scribe_run_loader.py:109:9\n    |\n107 |     try:\n108 |         data_obj: object = json.loads(path.read_text(encoding=\"utf-8\"))\n\u2026",
            "suggested_action": "Investigate",
            "summary": "ruff_fix failed for x_legatus_scriba_machina_x (exit 1) cwd: c:\\x_runner_x\\x_legatus_scriba_machina_x command: C:\\x_runner_x\\.venv\\Scripts\\python.exe -m ruff check . --fix --select ALL --ignore D,COM812,ISC001,T20 --line-length 88 --target\u2026",
            "tool": "ruff_fix",
            "tool_version": "ruff 0.14.9"
        },
        {
            "captured_at": "2025-12-13T14:51:57.967537+00:00",
            "command": "C:\\x_runner_x\\.venv\\Scripts\\python.exe -m mypy --package x_legatus_segmentum_judicium_x --strict --no-warn-unused-configs --show-error-codes --warn-return-any --warn-unreachable --disallow-any-unimported --disallow-any-expr --disallow-any-decorated --disallow-any-explicit",
            "detail": {
                "cached": false,
                "cmd": [
                    "C:\\x_runner_x\\.venv\\Scripts\\python.exe",
                    "-m",
                    "mypy",
                    "--package",
                    "x_legatus_segmentum_judicium_x",
                    "--strict",
                    "--no-warn-unused-configs",
                    "--show-error-codes",
                    "--warn-return-any",
                    "--warn-unreachable",
                    "--disallow-any-unimported",
                    "--disallow-any-expr",
                    "--disallow-any-decorated",
                    "--disallow-any-explicit"
                ],
                "cmd_display": "C:\\x_runner_x\\.venv\\Scripts\\python.exe -m mypy --package x_legatus_segmentum_judicium_x --strict --no-warn-unused-configs --show-error-codes --warn-return-any --warn-unreachable --disallow-any-unimported --disallow-any-expr --disallow-any-decorated --disallow-any-explicit",
                "cwd": "c:\\x_runner_x\\x_legatus_segmentum_judicium_x",
                "duration_seconds": 3.547022000013385,
                "ended_at": "2025-12-13T14:51:57.967537+00:00",
                "exit": 1,
                "failed_files": [],
                "files_checked": [
                    "__init__.py",
                    "paging_the_judge.py",
                    "run_segmentum_review.py",
                    "src/__init__.py",
                    "src/segmentum_judicium/__init__.py",
                    "src/segmentum_judicium/cli.py",
                    "src/segmentum_judicium/launch_config.py",
                    "src/segmentum_judicium/metadata.py",
                    "src/segmentum_judicium/project.py",
                    "src/segmentum_judicium/segmenter.py",
                    "src/segmentum_judicium/session.py",
                    "src/segmentum_judicium/ui/__init__.py",
                    "src/segmentum_judicium/ui/app.py",
                    "src/segmentum_judicium/ui/launchpad.py",
                    "src/segmentum_judicium/ui/vlc_player.py",
                    "tests/__init__.py",
                    "tests/test_cli.py",
                    "tests/test_project.py",
                    "tests/test_session.py",
                    "tools/bootstrap_chocolatey.py",
                    "tools/install_ffmpeg_prebuilt.py",
                    "tools/install_vlc_backend.py",
                    "tools/install_vlc_desktop.py",
                    "tools/midnight_firefight.py",
                    "typings/PySide6/QtCore.pyi",
                    "typings/PySide6/QtGui.pyi",
                    "typings/PySide6/QtWidgets.pyi",
                    "typings/PySide6/__init__.pyi"
                ],
                "repo": "x_legatus_segmentum_judicium_x",
                "repo_hash": "441cf90c7b6481f3fe7a18a3d779dc33d2cda2d4dac8659e3c1f82e566e049ba",
                "repo_path": "c:\\x_runner_x\\x_legatus_segmentum_judicium_x",
                "started_at": "2025-12-13T14:51:54.424371+00:00",
                "tool": "mypy",
                "tool_module": "mypy",
                "tool_version": "mypy 1.19.0 (compiled: yes)"
            },
            "exit": "exit 1",
            "message": "mypy failed for x_legatus_segmentum_judicium_x (exit 1)\ncwd: c:\\x_runner_x\\x_legatus_segmentum_judicium_x\ncommand: C:\\x_runner_x\\.venv\\Scripts\\python.exe -m mypy --package x_legatus_segmentum_judicium_x --strict --no-warn-unused-configs --show-error-codes --warn-return-any --warn-unreachable --disallow-any-unimported --disallow-any-expr --disallow-any-decorated --disallow-any-explicit\nstarted_at: 2025-12-13T14:51:54.424371+00:00\nduration: 3.547s\ntool_version: mypy 1.19.0 (compiled: yes)\nstdout:\nsrc\\segmentum_judicium\\ui\\launchpad.py:147: error: Statement is unreachable  [unreachable]\nsrc\\segmentum_judicium\\ui\\launchpad.py:149: error: Statement is unreachable  [unreachable]\nsrc\\segmentum_judicium\\cli.py:102: error: Expression has type \"Any\"  [misc]\nsrc\\segmentum_judicium\\cli.py:108: error: Expression has type \"Any\"  [misc]\nsrc\\segmentum_judicium\\cli.py:179: error: Expression type contains \"Any\" (has type \"Any | int\")  [misc]\n\u2026\nstderr:\n<empty>",
            "repo": "x_legatus_segmentum_judicium_x",
            "repo_path": "c:\\x_runner_x\\x_legatus_segmentum_judicium_x",
            "stderr_artifact": null,
            "stderr_preview": null,
            "stdout_artifact": {
                "bytes": 1603,
                "path": "C:\\x_runner_x\\x_make_github_visitor_x\\x_make_github_visitor_x\\reports\\artifacts\\visitor_failures_20251213_145322\\0005_x-legatus-segmentum-judicium-x_mypy_stdout.log",
                "sha256": "3c218a6de2e7d31022000ed9b1e011011bdab3ea846cba5db8f55a8c9b33fad0"
            },
            "stdout_preview": "src\\segmentum_judicium\\ui\\launchpad.py:147: error: Statement is unreachable  [unreachable]\nsrc\\segmentum_judicium\\ui\\launchpad.py:149: error: Statement is unreachable  [unreachable]\nsrc\\segmentum_judicium\\cli.py:102: error: Expression has type \"Any\"  [misc]\nsrc\\segmentum_judicium\\cli.py:108: error: Expression has type \"Any\"  [misc]\nsrc\\segmentum_judicium\\cli.py:179: error: Expression type contains \"Any\" (has type \"Any | int\")  [misc]\n\u2026",
            "suggested_action": "Investigate",
            "summary": "mypy failed for x_legatus_segmentum_judicium_x (exit 1) cwd: c:\\x_runner_x\\x_legatus_segmentum_judicium_x command: C:\\x_runner_x\\.venv\\Scripts\\python.exe -m mypy --package x_legatus_segmentum_judicium_x --strict --no-warn-unused-configs --\u2026",
            "tool": "mypy",
            "tool_version": "mypy 1.19.0 (compiled: yes)"
        },
        {
            "captured_at": "2025-12-13T14:52:05.078417+00:00",
            "command": "C:\\x_runner_x\\.venv\\Scripts\\python.exe -m pyright . --level error",
            "detail": {
                "cached": false,
                "cmd": [
                    "C:\\x_runner_x\\.venv\\Scripts\\python.exe",
                    "-m",
                    "pyright",
                    ".",
                    "--level",
                    "error"
                ],
                "cmd_display": "C:\\x_runner_x\\.venv\\Scripts\\python.exe -m pyright . --level error",
                "cwd": "c:\\x_runner_x\\x_legatus_segmentum_judicium_x",
                "duration_seconds": 7.104040200007148,
                "ended_at": "2025-12-13T14:52:05.078417+00:00",
                "exit": 1,
                "failed_files": [],
                "files_checked": [
                    "__init__.py",
                    "paging_the_judge.py",
                    "run_segmentum_review.py",
                    "src/__init__.py",
                    "src/segmentum_judicium/__init__.py",
                    "src/segmentum_judicium/cli.py",
                    "src/segmentum_judicium/launch_config.py",
                    "src/segmentum_judicium/metadata.py",
                    "src/segmentum_judicium/project.py",
                    "src/segmentum_judicium/segmenter.py",
                    "src/segmentum_judicium/session.py",
                    "src/segmentum_judicium/ui/__init__.py",
                    "src/segmentum_judicium/ui/app.py",
                    "src/segmentum_judicium/ui/launchpad.py",
                    "src/segmentum_judicium/ui/vlc_player.py",
                    "tests/__init__.py",
                    "tests/test_cli.py",
                    "tests/test_project.py",
                    "tests/test_session.py",
                    "tools/bootstrap_chocolatey.py",
                    "tools/install_ffmpeg_prebuilt.py",
                    "tools/install_vlc_backend.py",
                    "tools/install_vlc_desktop.py",
                    "tools/midnight_firefight.py",
                    "typings/PySide6/QtCore.pyi",
                    "typings/PySide6/QtGui.pyi",
                    "typings/PySide6/QtWidgets.pyi",
                    "typings/PySide6/__init__.pyi"
                ],
                "repo": "x_legatus_segmentum_judicium_x",
                "repo_hash": "441cf90c7b6481f3fe7a18a3d779dc33d2cda2d4dac8659e3c1f82e566e049ba",
                "repo_path": "c:\\x_runner_x\\x_legatus_segmentum_judicium_x",
                "started_at": "2025-12-13T14:51:57.975157+00:00",
                "tool": "pyright",
                "tool_module": "pyright",
                "tool_version": "pyright 1.1.407"
            },
            "exit": "exit 1",
            "message": "pyright failed for x_legatus_segmentum_judicium_x (exit 1)\ncwd: c:\\x_runner_x\\x_legatus_segmentum_judicium_x\ncommand: C:\\x_runner_x\\.venv\\Scripts\\python.exe -m pyright . --level error\nstarted_at: 2025-12-13T14:51:57.975157+00:00\nduration: 7.104s\ntool_version: pyright 1.1.407\nstdout:\nc:\\x_runner_x\\x_legatus_segmentum_judicium_x\\src\\segmentum_judicium\\ui\\app.py\n  c:\\x_runner_x\\x_legatus_segmentum_judicium_x\\src\\segmentum_judicium\\ui\\app.py:39:31 - error: \"QCloseEvent\" is unknown import symbol (reportAttributeAccessIssue)\n  c:\\x_runner_x\\x_legatus_segmentum_judicium_x\\src\\segmentum_judicium\\ui\\app.py:39:44 - error: \"QResizeEvent\" is unknown import symbol (reportAttributeAccessIssue)\n2 errors, 0 warnings, 0 informations\nstderr:\n<empty>",
            "repo": "x_legatus_segmentum_judicium_x",
            "repo_path": "c:\\x_runner_x\\x_legatus_segmentum_judicium_x",
            "stderr_artifact": null,
            "stderr_preview": null,
            "stdout_artifact": {
                "bytes": 442,
                "path": "C:\\x_runner_x\\x_make_github_visitor_x\\x_make_github_visitor_x\\reports\\artifacts\\visitor_failures_20251213_145322\\0006_x-legatus-segmentum-judicium-x_pyright_stdout.log",
                "sha256": "b4a837da860ed6cf126b65519a3256b923517c6042e672b24b69150a0095ff05"
            },
            "stdout_preview": "c:\\x_runner_x\\x_legatus_segmentum_judicium_x\\src\\segmentum_judicium\\ui\\app.py\n  c:\\x_runner_x\\x_legatus_segmentum_judicium_x\\src\\segmentum_judicium\\ui\\app.py:39:31 - error: \"QCloseEvent\" is unknown import symbol (reportAttributeAccessIssue)\n  c:\\x_runner_x\\x_legatus_segmentum_judicium_x\\src\\segmentum_judicium\\ui\\app.py:39:44 - error: \"QResizeEvent\" is unknown import symbol (reportAttributeAccessIssue)\n2 errors, 0 warnings, 0 informations",
            "suggested_action": "Investigate",
            "summary": "pyright failed for x_legatus_segmentum_judicium_x (exit 1) cwd: c:\\x_runner_x\\x_legatus_segmentum_judicium_x command: C:\\x_runner_x\\.venv\\Scripts\\python.exe -m pyright . --level error started_at: 2025-12-13T14:51:57.975157+00:00 duration: \u2026",
            "tool": "pyright",
            "tool_version": "pyright 1.1.407"
        },
        {
            "captured_at": "2025-12-13T14:52:17.984509+00:00",
            "command": "C:\\x_runner_x\\.venv\\Scripts\\python.exe -m mypy --package x_legatus_senatus_machina_x --strict --no-warn-unused-configs --show-error-codes --warn-return-any --warn-unreachable --disallow-any-unimported --disallow-any-expr --disallow-any-decorated --disallow-any-explicit",
            "detail": {
                "cached": false,
                "cmd": [
                    "C:\\x_runner_x\\.venv\\Scripts\\python.exe",
                    "-m",
                    "mypy",
                    "--package",
                    "x_legatus_senatus_machina_x",
                    "--strict",
                    "--no-warn-unused-configs",
                    "--show-error-codes",
                    "--warn-return-any",
                    "--warn-unreachable",
                    "--disallow-any-unimported",
                    "--disallow-any-expr",
                    "--disallow-any-decorated",
                    "--disallow-any-explicit"
                ],
                "cmd_display": "C:\\x_runner_x\\.venv\\Scripts\\python.exe -m mypy --package x_legatus_senatus_machina_x --strict --no-warn-unused-configs --show-error-codes --warn-return-any --warn-unreachable --disallow-any-unimported --disallow-any-expr --disallow-any-decorated --disallow-any-explicit",
                "cwd": "c:\\x_runner_x\\x_legatus_senatus_machina_x",
                "duration_seconds": 1.5842616999871098,
                "ended_at": "2025-12-13T14:52:17.984509+00:00",
                "exit": 1,
                "failed_files": [],
                "files_checked": [
                    "__init__.py",
                    "_fallback_models.py",
                    "models.py",
                    "tests/test_persona_vetting.py",
                    "tools/__init__.py",
                    "tools/bootstrap_virtual_senate_env.py",
                    "tools/generate_layout_preview.py",
                    "tools/graphviz_layout_service.py",
                    "tools/hello_senate.py",
                    "tools/hello_world_path_runner.py",
                    "tools/run_unity_release.py",
                    "x_legatus_senatus_machina_x/__init__.py",
                    "x_legatus_senatus_machina_x/copilot_support.py",
                    "x_legatus_senatus_machina_x/models.py",
                    "x_legatus_senatus_machina_x/persona_vetting.py",
                    "x_legatus_senatus_machina_x/plan_runner.py",
                    "x_legatus_senatus_machina_x/reporting.py",
                    "x_legatus_senatus_machina_x/robot_senate.py",
                    "x_legatus_senatus_machina_x/robot_senate_core.py",
                    "x_legatus_senatus_machina_x/session_plan.py",
                    "x_legatus_senatus_machina_x/session_runner.py",
                    "x_legatus_senatus_machina_x/x_cls_make_robot_senate_x.py"
                ],
                "repo": "x_legatus_senatus_machina_x",
                "repo_hash": "7e945f231e7c8286036ec83110bfb6d3e8bc5c1ceff950d866ca3fa1cac5e771",
                "repo_path": "c:\\x_runner_x\\x_legatus_senatus_machina_x",
                "started_at": "2025-12-13T14:52:16.401027+00:00",
                "tool": "mypy",
                "tool_module": "mypy",
                "tool_version": "mypy 1.19.0 (compiled: yes)"
            },
            "exit": "exit 1",
            "message": "mypy failed for x_legatus_senatus_machina_x (exit 1)\ncwd: c:\\x_runner_x\\x_legatus_senatus_machina_x\ncommand: C:\\x_runner_x\\.venv\\Scripts\\python.exe -m mypy --package x_legatus_senatus_machina_x --strict --no-warn-unused-configs --show-error-codes --warn-return-any --warn-unreachable --disallow-any-unimported --disallow-any-expr --disallow-any-decorated --disallow-any-explicit\nstarted_at: 2025-12-13T14:52:16.401027+00:00\nduration: 1.584s\ntool_version: mypy 1.19.0 (compiled: yes)\nstdout:\nx_legatus_senatus_machina_x\\models.py:88: error: Expression type contains \"Any\" (has type \"Mapping[Any, Any] | dict[str | Any, object | Any]\")  [misc]\nx_legatus_senatus_machina_x\\models.py:88: error: Expression type contains \"Any\" (has type \"dict[str | Any, object | Any]\")  [misc]\nx_legatus_senatus_machina_x\\models.py:186: error: Explicit \"Any\" is not allowed  [explicit-any]\nx_legatus_senatus_machina_x\\models.py:211: error: Expression type contains \"Any\" (has type \"tuple[str, list[dict[str, Any]]]\")  [misc]\nx_legatus_senatus_machina_x\\models.py:211: error: Expression type contains \"Any\" (has type \"list[dict[str, Any]]\")  [misc]\n\u2026\nstderr:\n<empty>",
            "repo": "x_legatus_senatus_machina_x",
            "repo_path": "c:\\x_runner_x\\x_legatus_senatus_machina_x",
            "stderr_artifact": null,
            "stderr_preview": null,
            "stdout_artifact": {
                "bytes": 58453,
                "path": "C:\\x_runner_x\\x_make_github_visitor_x\\x_make_github_visitor_x\\reports\\artifacts\\visitor_failures_20251213_145322\\0009_x-legatus-senatus-machina-x_mypy_stdout.log",
                "sha256": "78582e36b9897029864fd7fbaa0ac44a47f4e92549c98fb87f62750d0a47de98"
            },
            "stdout_preview": "x_legatus_senatus_machina_x\\models.py:88: error: Expression type contains \"Any\" (has type \"Mapping[Any, Any] | dict[str | Any, object | Any]\")  [misc]\nx_legatus_senatus_machina_x\\models.py:88: error: Expression type contains \"Any\" (has type \"dict[str | Any, object | Any]\")  [misc]\nx_legatus_senatus_machina_x\\models.py:186: error: Explicit \"Any\" is not allowed  [explicit-any]\nx_legatus_senatus_machina_x\\models.py:211: error: Expression type contains \"Any\" (has type \"tuple[str, list[dict[str, Any]]]\")  [misc]\nx_legatus_senatus_machina_x\\models.py:211: error: Expression type contains \"Any\" (has type \"list[dict[str, Any]]\")  [misc]\n\u2026",
            "suggested_action": "Investigate",
            "summary": "mypy failed for x_legatus_senatus_machina_x (exit 1) cwd: c:\\x_runner_x\\x_legatus_senatus_machina_x command: C:\\x_runner_x\\.venv\\Scripts\\python.exe -m mypy --package x_legatus_senatus_machina_x --strict --no-warn-unused-configs --show-erro\u2026",
            "tool": "mypy",
            "tool_version": "mypy 1.19.0 (compiled: yes)"
        },
        {
            "captured_at": "2025-12-13T14:52:16.373684+00:00",
            "command": "C:\\x_runner_x\\.venv\\Scripts\\python.exe -m ruff check . --select ALL --ignore D,COM812,ISC001,T20 --line-length 88 --target-version py311",
            "detail": {
                "cached": false,
                "cmd": [
                    "C:\\x_runner_x\\.venv\\Scripts\\python.exe",
                    "-m",
                    "ruff",
                    "check",
                    ".",
                    "--select",
                    "ALL",
                    "--ignore",
                    "D,COM812,ISC001,T20",
                    "--line-length",
                    "88",
                    "--target-version",
                    "py311"
                ],
                "cmd_display": "C:\\x_runner_x\\.venv\\Scripts\\python.exe -m ruff check . --select ALL --ignore D,COM812,ISC001,T20 --line-length 88 --target-version py311",
                "cwd": "c:\\x_runner_x\\x_legatus_senatus_machina_x",
                "duration_seconds": 0.5790900000138208,
                "ended_at": "2025-12-13T14:52:16.373684+00:00",
                "exit": 1,
                "failed_files": [],
                "files_checked": [
                    "__init__.py",
                    "_fallback_models.py",
                    "models.py",
                    "tests/test_persona_vetting.py",
                    "tools/__init__.py",
                    "tools/bootstrap_virtual_senate_env.py",
                    "tools/generate_layout_preview.py",
                    "tools/graphviz_layout_service.py",
                    "tools/hello_senate.py",
                    "tools/hello_world_path_runner.py",
                    "tools/run_unity_release.py",
                    "x_legatus_senatus_machina_x/__init__.py",
                    "x_legatus_senatus_machina_x/copilot_support.py",
                    "x_legatus_senatus_machina_x/models.py",
                    "x_legatus_senatus_machina_x/persona_vetting.py",
                    "x_legatus_senatus_machina_x/plan_runner.py",
                    "x_legatus_senatus_machina_x/reporting.py",
                    "x_legatus_senatus_machina_x/robot_senate.py",
                    "x_legatus_senatus_machina_x/robot_senate_core.py",
                    "x_legatus_senatus_machina_x/session_plan.py",
                    "x_legatus_senatus_machina_x/session_runner.py",
                    "x_legatus_senatus_machina_x/x_cls_make_robot_senate_x.py"
                ],
                "repo": "x_legatus_senatus_machina_x",
                "repo_hash": "7e945f231e7c8286036ec83110bfb6d3e8bc5c1ceff950d866ca3fa1cac5e771",
                "repo_path": "c:\\x_runner_x\\x_legatus_senatus_machina_x",
                "started_at": "2025-12-13T14:52:15.794049+00:00",
                "tool": "ruff_check",
                "tool_module": "ruff",
                "tool_version": "ruff 0.14.9"
            },
            "exit": "exit 1",
            "message": "ruff_check failed for x_legatus_senatus_machina_x (exit 1)\ncwd: c:\\x_runner_x\\x_legatus_senatus_machina_x\ncommand: C:\\x_runner_x\\.venv\\Scripts\\python.exe -m ruff check . --select ALL --ignore D,COM812,ISC001,T20 --line-length 88 --target-version py311\nstarted_at: 2025-12-13T14:52:15.794049+00:00\nduration: 0.579s\ntool_version: ruff 0.14.9\nstdout:\nE501 Line too long (100 > 88)\n   --> _fallback_models.py:110:89\n    |\n108 |         identifier=\"melchior\",\n109 |         display_name=\"MELCHIOR\",\n\u2026\nstderr:\n<empty>",
            "repo": "x_legatus_senatus_machina_x",
            "repo_path": "c:\\x_runner_x\\x_legatus_senatus_machina_x",
            "stderr_artifact": null,
            "stderr_preview": null,
            "stdout_artifact": {
                "bytes": 53523,
                "path": "C:\\x_runner_x\\x_make_github_visitor_x\\x_make_github_visitor_x\\reports\\artifacts\\visitor_failures_20251213_145322\\0008_x-legatus-senatus-machina-x_ruff-check_stdout.log",
                "sha256": "63aaa501e98e01584abd73ff42ee42a1707393e31b62fe4cf67a9a8a5833339b"
            },
            "stdout_preview": "E501 Line too long (100 > 88)\n   --> _fallback_models.py:110:89\n    |\n108 |         identifier=\"melchior\",\n109 |         display_name=\"MELCHIOR\",\n\u2026",
            "suggested_action": "Investigate",
            "summary": "ruff_check failed for x_legatus_senatus_machina_x (exit 1) cwd: c:\\x_runner_x\\x_legatus_senatus_machina_x command: C:\\x_runner_x\\.venv\\Scripts\\python.exe -m ruff check . --select ALL --ignore D,COM812,ISC001,T20 --line-length 88 --target-v\u2026",
            "tool": "ruff_check",
            "tool_version": "ruff 0.14.9"
        },
        {
            "captured_at": "2025-12-13T14:52:11.270660+00:00",
            "command": "C:\\x_runner_x\\.venv\\Scripts\\python.exe -m ruff check . --fix --select ALL --ignore D,COM812,ISC001,T20 --line-length 88 --target-version py311",
            "detail": {
                "cached": false,
                "cmd": [
                    "C:\\x_runner_x\\.venv\\Scripts\\python.exe",
                    "-m",
                    "ruff",
                    "check",
                    ".",
                    "--fix",
                    "--select",
                    "ALL",
                    "--ignore",
                    "D,COM812,ISC001,T20",
                    "--line-length",
                    "88",
                    "--target-version",
                    "py311"
                ],
                "cmd_display": "C:\\x_runner_x\\.venv\\Scripts\\python.exe -m ruff check . --fix --select ALL --ignore D,COM812,ISC001,T20 --line-length 88 --target-version py311",
                "cwd": "c:\\x_runner_x\\x_legatus_senatus_machina_x",
                "duration_seconds": 0.84157619997859,
                "ended_at": "2025-12-13T14:52:11.270660+00:00",
                "exit": 1,
                "failed_files": [],
                "files_checked": [
                    "__init__.py",
                    "_fallback_models.py",
                    "models.py",
                    "tests/test_persona_vetting.py",
                    "tools/__init__.py",
                    "tools/bootstrap_virtual_senate_env.py",
                    "tools/generate_layout_preview.py",
                    "tools/graphviz_layout_service.py",
                    "tools/hello_senate.py",
                    "tools/hello_world_path_runner.py",
                    "tools/run_unity_release.py",
                    "x_legatus_senatus_machina_x/__init__.py",
                    "x_legatus_senatus_machina_x/copilot_support.py",
                    "x_legatus_senatus_machina_x/models.py",
                    "x_legatus_senatus_machina_x/persona_vetting.py",
                    "x_legatus_senatus_machina_x/plan_runner.py",
                    "x_legatus_senatus_machina_x/reporting.py",
                    "x_legatus_senatus_machina_x/robot_senate.py",
                    "x_legatus_senatus_machina_x/robot_senate_core.py",
                    "x_legatus_senatus_machina_x/session_plan.py",
                    "x_legatus_senatus_machina_x/session_runner.py",
                    "x_legatus_senatus_machina_x/x_cls_make_robot_senate_x.py"
                ],
                "repo": "x_legatus_senatus_machina_x",
                "repo_hash": "7e945f231e7c8286036ec83110bfb6d3e8bc5c1ceff950d866ca3fa1cac5e771",
                "repo_path": "c:\\x_runner_x\\x_legatus_senatus_machina_x",
                "started_at": "2025-12-13T14:52:10.428267+00:00",
                "tool": "ruff_fix",
                "tool_module": "ruff",
                "tool_version": "ruff 0.14.9"
            },
            "exit": "exit 1",
            "message": "ruff_fix failed for x_legatus_senatus_machina_x (exit 1)\ncwd: c:\\x_runner_x\\x_legatus_senatus_machina_x\ncommand: C:\\x_runner_x\\.venv\\Scripts\\python.exe -m ruff check . --fix --select ALL --ignore D,COM812,ISC001,T20 --line-length 88 --target-version py311\nstarted_at: 2025-12-13T14:52:10.428267+00:00\nduration: 0.842s\ntool_version: ruff 0.14.9\nstdout:\nE501 Line too long (100 > 88)\n   --> _fallback_models.py:110:89\n    |\n108 |         identifier=\"melchior\",\n109 |         display_name=\"MELCHIOR\",\n\u2026\nstderr:\n<empty>",
            "repo": "x_legatus_senatus_machina_x",
            "repo_path": "c:\\x_runner_x\\x_legatus_senatus_machina_x",
            "stderr_artifact": null,
            "stderr_preview": null,
            "stdout_artifact": {
                "bytes": 53523,
                "path": "C:\\x_runner_x\\x_make_github_visitor_x\\x_make_github_visitor_x\\reports\\artifacts\\visitor_failures_20251213_145322\\0007_x-legatus-senatus-machina-x_ruff-fix_stdout.log",
                "sha256": "63aaa501e98e01584abd73ff42ee42a1707393e31b62fe4cf67a9a8a5833339b"
            },
            "stdout_preview": "E501 Line too long (100 > 88)\n   --> _fallback_models.py:110:89\n    |\n108 |         identifier=\"melchior\",\n109 |         display_name=\"MELCHIOR\",\n\u2026",
            "suggested_action": "Investigate",
            "summary": "ruff_fix failed for x_legatus_senatus_machina_x (exit 1) cwd: c:\\x_runner_x\\x_legatus_senatus_machina_x command: C:\\x_runner_x\\.venv\\Scripts\\python.exe -m ruff check . --fix --select ALL --ignore D,COM812,ISC001,T20 --line-length 88 --targ\u2026",
            "tool": "ruff_fix",
            "tool_version": "ruff 0.14.9"
        },
        {
            "captured_at": "2025-12-13T14:52:53.280895+00:00",
            "command": "C:\\x_runner_x\\.venv\\Scripts\\python.exe -m black . --line-length 88 --target-version py311 --check --diff",
            "detail": {
                "cached": false,
                "cmd": [
                    "C:\\x_runner_x\\.venv\\Scripts\\python.exe",
                    "-m",
                    "black",
                    ".",
                    "--line-length",
                    "88",
                    "--target-version",
                    "py311",
                    "--check",
                    "--diff"
                ],
                "cmd_display": "C:\\x_runner_x\\.venv\\Scripts\\python.exe -m black . --line-length 88 --target-version py311 --check --diff",
                "cwd": "c:\\x_runner_x\\x_legatus_vigil_nexus_x",
                "duration_seconds": 5.2939391000254545,
                "ended_at": "2025-12-13T14:52:53.280895+00:00",
                "exit": 1,
                "failed_files": [],
                "files_checked": [
                    "__init__.py",
                    "clients/__init__.py",
                    "clients/session_client.py",
                    "clients/windows/__init__.py",
                    "clients/windows/main.py",
                    "control_plane/__init__.py",
                    "control_plane/config.py",
                    "control_plane/models.py",
                    "control_plane/security.py",
                    "control_plane/session_manager.py",
                    "control_plane/video_router.py",
                    "firmware/__init__.py",
                    "firmware/boot.py",
                    "firmware/config_store.py",
                    "firmware/hid_relay.py",
                    "firmware/main.py",
                    "firmware/video_pipeline.py",
                    "firmware/websocket_router.py",
                    "firmware/wifi_manager.py",
                    "typings/httpx/__init__.pyi",
                    "typings/pydantic/__init__.pyi",
                    "typings/websockets/__init__.pyi"
                ],
                "repo": "x_legatus_vigil_nexus_x",
                "repo_hash": "086a0775ccc94c99f03ca2ccfe6037a5385870bf26a7611cff7fb713f2da8684",
                "repo_path": "c:\\x_runner_x\\x_legatus_vigil_nexus_x",
                "started_at": "2025-12-13T14:52:47.988308+00:00",
                "tool": "black",
                "tool_module": "black",
                "tool_version": "python -m black, 25.12.0 (compiled: yes)\nPython (CPython) 3.12.6"
            },
            "exit": "exit 1",
            "message": "black failed for x_legatus_vigil_nexus_x (exit 1)\ncwd: c:\\x_runner_x\\x_legatus_vigil_nexus_x\ncommand: C:\\x_runner_x\\.venv\\Scripts\\python.exe -m black . --line-length 88 --target-version py311 --check --diff\nstarted_at: 2025-12-13T14:52:47.988308+00:00\nduration: 5.294s\ntool_version: python -m black, 25.12.0 (compiled: yes)\nPython (CPython) 3.12.6\nstdout:\n--- C:\\x_runner_x\\x_legatus_vigil_nexus_x\\clients\\session_client.py\t2025-12-12 22:49:01.615972+00:00\n+++ C:\\x_runner_x\\x_legatus_vigil_nexus_x\\clients\\session_client.py\t2025-12-13 14:52:52.696358+00:00\n@@ -144,14 +144,11 @@\n             message = \"Session token missing; call pair() first\"\n             raise RuntimeError(message)\n\u2026\nstderr:\nwould reformat C:\\x_runner_x\\x_legatus_vigil_nexus_x\\clients\\session_client.py\nwould reformat C:\\x_runner_x\\x_legatus_vigil_nexus_x\\typings\\httpx\\__init__.pyi\nwould reformat C:\\x_runner_x\\x_legatus_vigil_nexus_x\\typings\\websockets\\__init__.pyi\nwould reformat C:\\x_runner_x\\x_legatus_vigil_nexus_x\\control_plane\\models.py\n\n\u2026",
            "repo": "x_legatus_vigil_nexus_x",
            "repo_path": "c:\\x_runner_x\\x_legatus_vigil_nexus_x",
            "stderr_artifact": {
                "bytes": 426,
                "path": "C:\\x_runner_x\\x_make_github_visitor_x\\x_make_github_visitor_x\\reports\\artifacts\\visitor_failures_20251213_145322\\0011_x-legatus-vigil-nexus-x_black_stderr.log",
                "sha256": "5b49912c803894222e31c91dc84a5a48f27c9e2f8bda36c9b8de8bdcc6fcc556"
            },
            "stderr_preview": "would reformat C:\\x_runner_x\\x_legatus_vigil_nexus_x\\clients\\session_client.py\nwould reformat C:\\x_runner_x\\x_legatus_vigil_nexus_x\\typings\\httpx\\__init__.pyi\nwould reformat C:\\x_runner_x\\x_legatus_vigil_nexus_x\\typings\\websockets\\__init__.pyi\nwould reformat C:\\x_runner_x\\x_legatus_vigil_nexus_x\\control_plane\\models.py\n\n\u2026",
            "stdout_artifact": {
                "bytes": 3629,
                "path": "C:\\x_runner_x\\x_make_github_visitor_x\\x_make_github_visitor_x\\reports\\artifacts\\visitor_failures_20251213_145322\\0011_x-legatus-vigil-nexus-x_black_stdout.log",
                "sha256": "7a257632fac0cfa67fb34059fc3b0469a546381e030c3cf0a8bd7f710b6a7cf2"
            },
            "stdout_preview": "--- C:\\x_runner_x\\x_legatus_vigil_nexus_x\\clients\\session_client.py\t2025-12-12 22:49:01.615972+00:00\n+++ C:\\x_runner_x\\x_legatus_vigil_nexus_x\\clients\\session_client.py\t2025-12-13 14:52:52.696358+00:00\n@@ -144,14 +144,11 @@\n             message = \"Session token missing; call pair() first\"\n             raise RuntimeError(message)\n\u2026",
            "suggested_action": "Investigate",
            "summary": "black failed for x_legatus_vigil_nexus_x (exit 1) cwd: c:\\x_runner_x\\x_legatus_vigil_nexus_x command: C:\\x_runner_x\\.venv\\Scripts\\python.exe -m black . --line-length 88 --target-version py311 --check --diff started_at: 2025-12-13T14:52:47.\u2026",
            "tool": "black",
            "tool_version": "python -m black, 25.12.0 (compiled: yes)\nPython (CPython) 3.12.6"
        },
        {
            "captured_at": "2025-12-13T14:52:53.579101+00:00",
            "command": "C:\\x_runner_x\\.venv\\Scripts\\python.exe -m ruff check . --select ALL --ignore D,COM812,ISC001,T20 --line-length 88 --target-version py311",
            "detail": {
                "cached": false,
                "cmd": [
                    "C:\\x_runner_x\\.venv\\Scripts\\python.exe",
                    "-m",
                    "ruff",
                    "check",
                    ".",
                    "--select",
                    "ALL",
                    "--ignore",
                    "D,COM812,ISC001,T20",
                    "--line-length",
                    "88",
                    "--target-version",
                    "py311"
                ],
                "cmd_display": "C:\\x_runner_x\\.venv\\Scripts\\python.exe -m ruff check . --select ALL --ignore D,COM812,ISC001,T20 --line-length 88 --target-version py311",
                "cwd": "c:\\x_runner_x\\x_legatus_vigil_nexus_x",
                "duration_seconds": 0.2945209000026807,
                "ended_at": "2025-12-13T14:52:53.579101+00:00",
                "exit": 1,
                "failed_files": [],
                "files_checked": [
                    "__init__.py",
                    "clients/__init__.py",
                    "clients/session_client.py",
                    "clients/windows/__init__.py",
                    "clients/windows/main.py",
                    "control_plane/__init__.py",
                    "control_plane/config.py",
                    "control_plane/models.py",
                    "control_plane/security.py",
                    "control_plane/session_manager.py",
                    "control_plane/video_router.py",
                    "firmware/__init__.py",
                    "firmware/boot.py",
                    "firmware/config_store.py",
                    "firmware/hid_relay.py",
                    "firmware/main.py",
                    "firmware/video_pipeline.py",
                    "firmware/websocket_router.py",
                    "firmware/wifi_manager.py",
                    "typings/httpx/__init__.pyi",
                    "typings/pydantic/__init__.pyi",
                    "typings/websockets/__init__.pyi"
                ],
                "repo": "x_legatus_vigil_nexus_x",
                "repo_hash": "086a0775ccc94c99f03ca2ccfe6037a5385870bf26a7611cff7fb713f2da8684",
                "repo_path": "c:\\x_runner_x\\x_legatus_vigil_nexus_x",
                "started_at": "2025-12-13T14:52:53.287598+00:00",
                "tool": "ruff_check",
                "tool_module": "ruff",
                "tool_version": "ruff 0.14.9"
            },
            "exit": "exit 1",
            "message": "ruff_check failed for x_legatus_vigil_nexus_x (exit 1)\ncwd: c:\\x_runner_x\\x_legatus_vigil_nexus_x\ncommand: C:\\x_runner_x\\.venv\\Scripts\\python.exe -m ruff check . --select ALL --ignore D,COM812,ISC001,T20 --line-length 88 --target-version py311\nstarted_at: 2025-12-13T14:52:53.287598+00:00\nduration: 0.295s\ntool_version: ruff 0.14.9\nstdout:\nTC003 Move standard library import `collections.abc.AsyncIterator` into a type-checking block\n --> clients\\session_client.py:7:29\n  |\n5 | import asyncio\n6 | import json\n\u2026\nstderr:\n<empty>",
            "repo": "x_legatus_vigil_nexus_x",
            "repo_path": "c:\\x_runner_x\\x_legatus_vigil_nexus_x",
            "stderr_artifact": null,
            "stderr_preview": null,
            "stdout_artifact": {
                "bytes": 4395,
                "path": "C:\\x_runner_x\\x_make_github_visitor_x\\x_make_github_visitor_x\\reports\\artifacts\\visitor_failures_20251213_145322\\0012_x-legatus-vigil-nexus-x_ruff-check_stdout.log",
                "sha256": "cf9cba624eaa38514282f7eea71698a4f39868f3f093a6cdc6d1ce693c0a97f5"
            },
            "stdout_preview": "TC003 Move standard library import `collections.abc.AsyncIterator` into a type-checking block\n --> clients\\session_client.py:7:29\n  |\n5 | import asyncio\n6 | import json\n\u2026",
            "suggested_action": "Investigate",
            "summary": "ruff_check failed for x_legatus_vigil_nexus_x (exit 1) cwd: c:\\x_runner_x\\x_legatus_vigil_nexus_x command: C:\\x_runner_x\\.venv\\Scripts\\python.exe -m ruff check . --select ALL --ignore D,COM812,ISC001,T20 --line-length 88 --target-version p\u2026",
            "tool": "ruff_check",
            "tool_version": "ruff 0.14.9"
        },
        {
            "captured_at": "2025-12-13T14:52:47.983595+00:00",
            "command": "C:\\x_runner_x\\.venv\\Scripts\\python.exe -m ruff check . --fix --select ALL --ignore D,COM812,ISC001,T20 --line-length 88 --target-version py311",
            "detail": {
                "cached": false,
                "cmd": [
                    "C:\\x_runner_x\\.venv\\Scripts\\python.exe",
                    "-m",
                    "ruff",
                    "check",
                    ".",
                    "--fix",
                    "--select",
                    "ALL",
                    "--ignore",
                    "D,COM812,ISC001,T20",
                    "--line-length",
                    "88",
                    "--target-version",
                    "py311"
                ],
                "cmd_display": "C:\\x_runner_x\\.venv\\Scripts\\python.exe -m ruff check . --fix --select ALL --ignore D,COM812,ISC001,T20 --line-length 88 --target-version py311",
                "cwd": "c:\\x_runner_x\\x_legatus_vigil_nexus_x",
                "duration_seconds": 0.22832290001679212,
                "ended_at": "2025-12-13T14:52:47.983595+00:00",
                "exit": 1,
                "failed_files": [],
                "files_checked": [
                    "__init__.py",
                    "clients/__init__.py",
                    "clients/session_client.py",
                    "clients/windows/__init__.py",
                    "clients/windows/main.py",
                    "control_plane/__init__.py",
                    "control_plane/config.py",
                    "control_plane/models.py",
                    "control_plane/security.py",
                    "control_plane/session_manager.py",
                    "control_plane/video_router.py",
                    "firmware/__init__.py",
                    "firmware/boot.py",
                    "firmware/config_store.py",
                    "firmware/hid_relay.py",
                    "firmware/main.py",
                    "firmware/video_pipeline.py",
                    "firmware/websocket_router.py",
                    "firmware/wifi_manager.py",
                    "typings/httpx/__init__.pyi",
                    "typings/pydantic/__init__.pyi",
                    "typings/websockets/__init__.pyi"
                ],
                "repo": "x_legatus_vigil_nexus_x",
                "repo_hash": "086a0775ccc94c99f03ca2ccfe6037a5385870bf26a7611cff7fb713f2da8684",
                "repo_path": "c:\\x_runner_x\\x_legatus_vigil_nexus_x",
                "started_at": "2025-12-13T14:52:47.755545+00:00",
                "tool": "ruff_fix",
                "tool_module": "ruff",
                "tool_version": "ruff 0.14.9"
            },
            "exit": "exit 1",
            "message": "ruff_fix failed for x_legatus_vigil_nexus_x (exit 1)\ncwd: c:\\x_runner_x\\x_legatus_vigil_nexus_x\ncommand: C:\\x_runner_x\\.venv\\Scripts\\python.exe -m ruff check . --fix --select ALL --ignore D,COM812,ISC001,T20 --line-length 88 --target-version py311\nstarted_at: 2025-12-13T14:52:47.755545+00:00\nduration: 0.228s\ntool_version: ruff 0.14.9\nstdout:\nTC003 Move standard library import `collections.abc.AsyncIterator` into a type-checking block\n --> clients\\session_client.py:7:29\n  |\n5 | import asyncio\n6 | import json\n\u2026\nstderr:\n<empty>",
            "repo": "x_legatus_vigil_nexus_x",
            "repo_path": "c:\\x_runner_x\\x_legatus_vigil_nexus_x",
            "stderr_artifact": null,
            "stderr_preview": null,
            "stdout_artifact": {
                "bytes": 4395,
                "path": "C:\\x_runner_x\\x_make_github_visitor_x\\x_make_github_visitor_x\\reports\\artifacts\\visitor_failures_20251213_145322\\0010_x-legatus-vigil-nexus-x_ruff-fix_stdout.log",
                "sha256": "cf9cba624eaa38514282f7eea71698a4f39868f3f093a6cdc6d1ce693c0a97f5"
            },
            "stdout_preview": "TC003 Move standard library import `collections.abc.AsyncIterator` into a type-checking block\n --> clients\\session_client.py:7:29\n  |\n5 | import asyncio\n6 | import json\n\u2026",
            "suggested_action": "Investigate",
            "summary": "ruff_fix failed for x_legatus_vigil_nexus_x (exit 1) cwd: c:\\x_runner_x\\x_legatus_vigil_nexus_x command: C:\\x_runner_x\\.venv\\Scripts\\python.exe -m ruff check . --fix --select ALL --ignore D,COM812,ISC001,T20 --line-length 88 --target-versi\u2026",
            "tool": "ruff_fix",
            "tool_version": "ruff 0.14.9"
        },
        {
            "captured_at": "2025-12-13T14:53:18.774344+00:00",
            "command": "C:\\x_runner_x\\.venv\\Scripts\\python.exe -m mypy --package x_make_graphviz_x --strict --no-warn-unused-configs --show-error-codes --warn-return-any --warn-unreachable --disallow-any-unimported --disallow-any-expr --disallow-any-decorated --disallow-any-explicit",
            "detail": {
                "cached": false,
                "cmd": [
                    "C:\\x_runner_x\\.venv\\Scripts\\python.exe",
                    "-m",
                    "mypy",
                    "--package",
                    "x_make_graphviz_x",
                    "--strict",
                    "--no-warn-unused-configs",
                    "--show-error-codes",
                    "--warn-return-any",
                    "--warn-unreachable",
                    "--disallow-any-unimported",
                    "--disallow-any-expr",
                    "--disallow-any-decorated",
                    "--disallow-any-explicit"
                ],
                "cmd_display": "C:\\x_runner_x\\.venv\\Scripts\\python.exe -m mypy --package x_make_graphviz_x --strict --no-warn-unused-configs --show-error-codes --warn-return-any --warn-unreachable --disallow-any-unimported --disallow-any-expr --disallow-any-decorated --disallow-any-explicit",
                "cwd": "c:\\x_runner_x\\x_make_graphviz_x",
                "duration_seconds": 0.7686663000204135,
                "ended_at": "2025-12-13T14:53:18.774344+00:00",
                "exit": 1,
                "failed_files": [],
                "files_checked": [
                    "__init__.py",
                    "examples/rca_tool.py",
                    "examples/switcharoo_ishikawa_factory.py",
                    "json_contracts/__init__.py",
                    "tests/__init__.py",
                    "tests/conftest.py",
                    "tests/test_graphviz_builder.py",
                    "tests/test_json_contracts.py",
                    "tests/test_rca_tool.py",
                    "x_cls_make_graphviz_x.py"
                ],
                "repo": "x_make_graphviz_x",
                "repo_hash": "18f98d6f5899bda407e0df25cf34551e7633eef520af8f50770b3cd64a847f6a",
                "repo_path": "c:\\x_runner_x\\x_make_graphviz_x",
                "started_at": "2025-12-13T14:53:18.006140+00:00",
                "tool": "mypy",
                "tool_module": "mypy",
                "tool_version": "mypy 1.19.0 (compiled: yes)"
            },
            "exit": "exit 1",
            "message": "mypy failed for x_make_graphviz_x (exit 1)\ncwd: c:\\x_runner_x\\x_make_graphviz_x\ncommand: C:\\x_runner_x\\.venv\\Scripts\\python.exe -m mypy --package x_make_graphviz_x --strict --no-warn-unused-configs --show-error-codes --warn-return-any --warn-unreachable --disallow-any-unimported --disallow-any-expr --disallow-any-decorated --disallow-any-explicit\nstarted_at: 2025-12-13T14:53:18.006140+00:00\nduration: 0.769s\ntool_version: mypy 1.19.0 (compiled: yes)\nstdout:\nexamples\\switcharoo_ishikawa_factory.py:254: error: Expression has type \"Any\"  [misc]\nexamples\\switcharoo_ishikawa_factory.py:256: error: Expression has type \"Any\"  [misc]\nexamples\\switcharoo_ishikawa_factory.py:257: error: Expression has type \"Any\"  [misc]\nexamples\\switcharoo_ishikawa_factory.py:258: error: Expression has type \"Any\"  [misc]\nexamples\\switcharoo_ishikawa_factory.py:259: error: Expression has type \"Any\"  [misc]\n\u2026\nstderr:\n<empty>",
            "repo": "x_make_graphviz_x",
            "repo_path": "c:\\x_runner_x\\x_make_graphviz_x",
            "stderr_artifact": null,
            "stderr_preview": null,
            "stdout_artifact": {
                "bytes": 12391,
                "path": "C:\\x_runner_x\\x_make_github_visitor_x\\x_make_github_visitor_x\\reports\\artifacts\\visitor_failures_20251213_145322\\0015_x-make-graphviz-x_mypy_stdout.log",
                "sha256": "e0c1395f7c1d9d6237ffdfd18ddd228c1785c1f9c02d25539991c5746366c920"
            },
            "stdout_preview": "examples\\switcharoo_ishikawa_factory.py:254: error: Expression has type \"Any\"  [misc]\nexamples\\switcharoo_ishikawa_factory.py:256: error: Expression has type \"Any\"  [misc]\nexamples\\switcharoo_ishikawa_factory.py:257: error: Expression has type \"Any\"  [misc]\nexamples\\switcharoo_ishikawa_factory.py:258: error: Expression has type \"Any\"  [misc]\nexamples\\switcharoo_ishikawa_factory.py:259: error: Expression has type \"Any\"  [misc]\n\u2026",
            "suggested_action": "Investigate",
            "summary": "mypy failed for x_make_graphviz_x (exit 1) cwd: c:\\x_runner_x\\x_make_graphviz_x command: C:\\x_runner_x\\.venv\\Scripts\\python.exe -m mypy --package x_make_graphviz_x --strict --no-warn-unused-configs --show-error-codes --warn-return-any --wa\u2026",
            "tool": "mypy",
            "tool_version": "mypy 1.19.0 (compiled: yes)"
        },
        {
            "captured_at": "2025-12-13T14:53:17.997237+00:00",
            "command": "C:\\x_runner_x\\.venv\\Scripts\\python.exe -m ruff check . --select ALL --ignore D,COM812,ISC001,T20 --line-length 88 --target-version py311",
            "detail": {
                "cached": false,
                "cmd": [
                    "C:\\x_runner_x\\.venv\\Scripts\\python.exe",
                    "-m",
                    "ruff",
                    "check",
                    ".",
                    "--select",
                    "ALL",
                    "--ignore",
                    "D,COM812,ISC001,T20",
                    "--line-length",
                    "88",
                    "--target-version",
                    "py311"
                ],
                "cmd_display": "C:\\x_runner_x\\.venv\\Scripts\\python.exe -m ruff check . --select ALL --ignore D,COM812,ISC001,T20 --line-length 88 --target-version py311",
                "cwd": "c:\\x_runner_x\\x_make_graphviz_x",
                "duration_seconds": 0.35194559997762553,
                "ended_at": "2025-12-13T14:53:17.997237+00:00",
                "exit": 1,
                "failed_files": [],
                "files_checked": [
                    "__init__.py",
                    "examples/rca_tool.py",
                    "examples/switcharoo_ishikawa_factory.py",
                    "json_contracts/__init__.py",
                    "tests/__init__.py",
                    "tests/conftest.py",
                    "tests/test_graphviz_builder.py",
                    "tests/test_json_contracts.py",
                    "tests/test_rca_tool.py",
                    "x_cls_make_graphviz_x.py"
                ],
                "repo": "x_make_graphviz_x",
                "repo_hash": "18f98d6f5899bda407e0df25cf34551e7633eef520af8f50770b3cd64a847f6a",
                "repo_path": "c:\\x_runner_x\\x_make_graphviz_x",
                "started_at": "2025-12-13T14:53:17.647478+00:00",
                "tool": "ruff_check",
                "tool_module": "ruff",
                "tool_version": "ruff 0.14.9"
            },
            "exit": "exit 1",
            "message": "ruff_check failed for x_make_graphviz_x (exit 1)\ncwd: c:\\x_runner_x\\x_make_graphviz_x\ncommand: C:\\x_runner_x\\.venv\\Scripts\\python.exe -m ruff check . --select ALL --ignore D,COM812,ISC001,T20 --line-length 88 --target-version py311\nstarted_at: 2025-12-13T14:53:17.647478+00:00\nduration: 0.352s\ntool_version: ruff 0.14.9\nstdout:\nINP001 File `examples\\rca_tool.py` is part of an implicit namespace package. Add an `__init__.py`.\n--> examples\\rca_tool.py:1:1\n\nTC003 Move standard library import `collections.abc.Iterable` into a type-checking block\n  --> examples\\rca_tool.py:8:29\n\u2026\nstderr:\n<empty>",
            "repo": "x_make_graphviz_x",
            "repo_path": "c:\\x_runner_x\\x_make_graphviz_x",
            "stderr_artifact": null,
            "stderr_preview": null,
            "stdout_artifact": {
                "bytes": 11078,
                "path": "C:\\x_runner_x\\x_make_github_visitor_x\\x_make_github_visitor_x\\reports\\artifacts\\visitor_failures_20251213_145322\\0014_x-make-graphviz-x_ruff-check_stdout.log",
                "sha256": "be98992f8ff09cff8d14cb84c48a49727bd180cb199853519010226519d1294c"
            },
            "stdout_preview": "INP001 File `examples\\rca_tool.py` is part of an implicit namespace package. Add an `__init__.py`.\n--> examples\\rca_tool.py:1:1\n\nTC003 Move standard library import `collections.abc.Iterable` into a type-checking block\n  --> examples\\rca_tool.py:8:29\n\u2026",
            "suggested_action": "Investigate",
            "summary": "ruff_check failed for x_make_graphviz_x (exit 1) cwd: c:\\x_runner_x\\x_make_graphviz_x command: C:\\x_runner_x\\.venv\\Scripts\\python.exe -m ruff check . --select ALL --ignore D,COM812,ISC001,T20 --line-length 88 --target-version py311 started\u2026",
            "tool": "ruff_check",
            "tool_version": "ruff 0.14.9"
        },
        {
            "captured_at": "2025-12-13T14:53:13.214359+00:00",
            "command": "C:\\x_runner_x\\.venv\\Scripts\\python.exe -m ruff check . --fix --select ALL --ignore D,COM812,ISC001,T20 --line-length 88 --target-version py311",
            "detail": {
                "cached": false,
                "cmd": [
                    "C:\\x_runner_x\\.venv\\Scripts\\python.exe",
                    "-m",
                    "ruff",
                    "check",
                    ".",
                    "--fix",
                    "--select",
                    "ALL",
                    "--ignore",
                    "D,COM812,ISC001,T20",
                    "--line-length",
                    "88",
                    "--target-version",
                    "py311"
                ],
                "cmd_display": "C:\\x_runner_x\\.venv\\Scripts\\python.exe -m ruff check . --fix --select ALL --ignore D,COM812,ISC001,T20 --line-length 88 --target-version py311",
                "cwd": "c:\\x_runner_x\\x_make_graphviz_x",
                "duration_seconds": 0.193134100001771,
                "ended_at": "2025-12-13T14:53:13.214359+00:00",
                "exit": 1,
                "failed_files": [],
                "files_checked": [
                    "__init__.py",
                    "examples/rca_tool.py",
                    "examples/switcharoo_ishikawa_factory.py",
                    "json_contracts/__init__.py",
                    "tests/__init__.py",
                    "tests/conftest.py",
                    "tests/test_graphviz_builder.py",
                    "tests/test_json_contracts.py",
                    "tests/test_rca_tool.py",
                    "x_cls_make_graphviz_x.py"
                ],
                "repo": "x_make_graphviz_x",
                "repo_hash": "18f98d6f5899bda407e0df25cf34551e7633eef520af8f50770b3cd64a847f6a",
                "repo_path": "c:\\x_runner_x\\x_make_graphviz_x",
                "started_at": "2025-12-13T14:53:13.021672+00:00",
                "tool": "ruff_fix",
                "tool_module": "ruff",
                "tool_version": "ruff 0.14.9"
            },
            "exit": "exit 1",
            "message": "ruff_fix failed for x_make_graphviz_x (exit 1)\ncwd: c:\\x_runner_x\\x_make_graphviz_x\ncommand: C:\\x_runner_x\\.venv\\Scripts\\python.exe -m ruff check . --fix --select ALL --ignore D,COM812,ISC001,T20 --line-length 88 --target-version py311\nstarted_at: 2025-12-13T14:53:13.021672+00:00\nduration: 0.193s\ntool_version: ruff 0.14.9\nstdout:\nINP001 File `examples\\rca_tool.py` is part of an implicit namespace package. Add an `__init__.py`.\n--> examples\\rca_tool.py:1:1\n\nTC003 Move standard library import `collections.abc.Iterable` into a type-checking block\n  --> examples\\rca_tool.py:8:29\n\u2026\nstderr:\n<empty>",
            "repo": "x_make_graphviz_x",
            "repo_path": "c:\\x_runner_x\\x_make_graphviz_x",
            "stderr_artifact": null,
            "stderr_preview": null,
            "stdout_artifact": {
                "bytes": 11078,
                "path": "C:\\x_runner_x\\x_make_github_visitor_x\\x_make_github_visitor_x\\reports\\artifacts\\visitor_failures_20251213_145322\\0013_x-make-graphviz-x_ruff-fix_stdout.log",
                "sha256": "be98992f8ff09cff8d14cb84c48a49727bd180cb199853519010226519d1294c"
            },
            "stdout_preview": "INP001 File `examples\\rca_tool.py` is part of an implicit namespace package. Add an `__init__.py`.\n--> examples\\rca_tool.py:1:1\n\nTC003 Move standard library import `collections.abc.Iterable` into a type-checking block\n  --> examples\\rca_tool.py:8:29\n\u2026",
            "suggested_action": "Investigate",
            "summary": "ruff_fix failed for x_make_graphviz_x (exit 1) cwd: c:\\x_runner_x\\x_make_graphviz_x command: C:\\x_runner_x\\.venv\\Scripts\\python.exe -m ruff check . --fix --select ALL --ignore D,COM812,ISC001,T20 --line-length 88 --target-version py311 sta\u2026",
            "tool": "ruff_fix",
            "tool_version": "ruff 0.14.9"
        }
    ],
    "generated_at": "2025-12-13T14:53:22.753934+00:00",
    "payload_checksum": "13bf837b81546ccb3bc84d71378446626c4d8277517895c724061a1c482cf358",
    "runtime": {
        "environment": {
            "PATH": "c:\\Users\\eye43\\AppData\\Roaming\\Code\\User\\globalStorage\\github.copilot-chat\\debugCommand;c:\\Users\\eye43\\AppData\\Roaming\\Code\\User\\globalStorage\\github.copilot-chat\\copilotCli;C:\\windows\\system32;C:\\windows;C:\\windows\\System32\\Wbem;C:\\windows\\System32\\WindowsPowerShell\\v1.0\\;C:\\windows\\System32\\OpenSSH\\;C:\\Program Files\\HP\\HP One Agent;C:\\Program Files\\Git\\cmd;C:\\Program Files\\GitHub CLI\\;C:\\Users\\eye43\\AppData\\Local\\Programs\\Python\\Launcher\\;C:\\Users\\eye43\\AppData\\Local\\Programs\\Microsoft VS Code\\bin;C:\\x_runner_x\\tools\\node-v20.11.1-win-x64\\node-v20.11.1-win-x64;C:\\x_runner_x\\tools\\node-v20.11.1-win-x64\\node-v20.11.1-win-x64\\node_modules\\npm\\bin;C:\\Users\\eye43\\AppData\\Local\\Programs\\Python\\Python314\\Scripts;C:\\ProgramData\\chocolatey\\bin;C:\\Users\\eye43\\AppData\\Local\\Programs\\Python\\Launcher\\;C:\\Users\\eye43\\AppData\\Local\\Programs\\Microsoft VS Code\\bin;C:\\x_runner_x\\tools\\node-v20.11.1-win-x64\\node-v20.11.1-win-x64;C:\\x_runner_x\\tools\\node-v20.11.1-win-x64\\node-v20.11.1-win-x64\\node_modules\\npm\\bin;C:\\Users\\eye43\\AppData\\Local\\Programs\\Python\\Python314\\Scripts;c:\\Users\\eye43\\.vscode\\extensions\\ms-python.debugpy-2025.16.0-win32-x64\\bundled\\scripts\\noConfigScripts"
        },
        "fast_paths": {
            "quick_mode": false,
            "skip_content_hash": false,
            "skip_tools": false
        },
        "platform": "Windows-11-10.0.26100-SP0",
        "python_executable": "C:\\x_runner_x\\.venv\\Scripts\\python.exe",
        "python_version": "3.12.6 (main, Sep  9 2024, 20:50:27) [MSC v.1929 64 bit (AMD64)]",
        "run_completed_at": "2025-12-13T14:53:22.753934+00:00",
        "run_started_at": "2025-12-13T14:51:01.694989+00:00",
        "selected_tools": [
            "ruff_fix",
            "black",
            "ruff_check",
            "mypy",
            "pyright"
        ],
        "workspace_root": "c:\\x_runner_x"
    },
    "schema_version": "x_make_github_visitor_x.report/1.0",
    "summary": {
        "fast_paths": {
            "quick_mode": false,
            "skip_content_hash": false,
            "skip_tools": false
        },
        "fast_paths_active": [],
        "overall_stats": {
            "cache_hits": 0,
            "cache_misses": 30,
            "failed_tools": 15,
            "had_failures": true,
            "total_tools_run": 30
        },
        "repos": {
            "x_legatus_scriba_machina_x": {
                "cached": 0,
                "failed": 4,
                "repo_hash": "6b3b43c5f17aeaa8fd6481c3f903ffc66109ec593bc57b4f7882e6a029fac4e5",
                "tools": {
                    "black": {
                        "cached": false,
                        "exit": 1,
                        "timed_out": false
                    },
                    "mypy": {
                        "cached": false,
                        "exit": 1,
                        "timed_out": false
                    },
                    "pyright": {
                        "cached": false,
                        "exit": 0,
                        "timed_out": false
                    },
                    "ruff_check": {
                        "cached": false,
                        "exit": 1,
                        "timed_out": false
                    },
                    "ruff_fix": {
                        "cached": false,
                        "exit": 1,
                        "timed_out": false
                    }
                }
            },
            "x_legatus_segmentum_judicium_x": {
                "cached": 0,
                "failed": 2,
                "repo_hash": "441cf90c7b6481f3fe7a18a3d779dc33d2cda2d4dac8659e3c1f82e566e049ba",
                "tools": {
                    "black": {
                        "cached": false,
                        "exit": 0,
                        "timed_out": false
                    },
                    "mypy": {
                        "cached": false,
                        "exit": 1,
                        "timed_out": false
                    },
                    "pyright": {
                        "cached": false,
                        "exit": 1,
                        "timed_out": false
                    },
                    "ruff_check": {
                        "cached": false,
                        "exit": 0,
                        "timed_out": false
                    },
                    "ruff_fix": {
                        "cached": false,
                        "exit": 0,
                        "timed_out": false
                    }
                }
            },
            "x_legatus_senatus_machina_x": {
                "cached": 0,
                "failed": 3,
                "repo_hash": "7e945f231e7c8286036ec83110bfb6d3e8bc5c1ceff950d866ca3fa1cac5e771",
                "tools": {
                    "black": {
                        "cached": false,
                        "exit": 0,
                        "timed_out": false
                    },
                    "mypy": {
                        "cached": false,
                        "exit": 1,
                        "timed_out": false
                    },
                    "pyright": {
                        "cached": false,
                        "exit": 0,
                        "timed_out": false
                    },
                    "ruff_check": {
                        "cached": false,
                        "exit": 1,
                        "timed_out": false
                    },
                    "ruff_fix": {
                        "cached": false,
                        "exit": 1,
                        "timed_out": false
                    }
                }
            },
            "x_legatus_tactica_impetus_x": {
                "cached": 0,
                "failed": 0,
                "repo_hash": "7dc01b8b4d0fe98f2a8e9c64641d74dd13b055b69009fc46247c6eb95e05695e",
                "tools": {
                    "black": {
                        "cached": false,
                        "exit": 0,
                        "timed_out": false
                    },
                    "mypy": {
                        "cached": false,
                        "exit": 0,
                        "timed_out": false
                    },
                    "pyright": {
                        "cached": false,
                        "exit": 0,
                        "timed_out": false
                    },
                    "ruff_check": {
                        "cached": false,
                        "exit": 0,
                        "timed_out": false
                    },
                    "ruff_fix": {
                        "cached": false,
                        "exit": 0,
                        "timed_out": false
                    }
                }
            },
            "x_legatus_vigil_nexus_x": {
                "cached": 0,
                "failed": 3,
                "repo_hash": "086a0775ccc94c99f03ca2ccfe6037a5385870bf26a7611cff7fb713f2da8684",
                "tools": {
                    "black": {
                        "cached": false,
                        "exit": 1,
                        "timed_out": false
                    },
                    "mypy": {
                        "cached": false,
                        "exit": 0,
                        "timed_out": false
                    },
                    "pyright": {
                        "cached": false,
                        "exit": 0,
                        "timed_out": false
                    },
                    "ruff_check": {
                        "cached": false,
                        "exit": 1,
                        "timed_out": false
                    },
                    "ruff_fix": {
                        "cached": false,
                        "exit": 1,
                        "timed_out": false
                    }
                }
            },
            "x_make_graphviz_x": {
                "cached": 0,
                "failed": 3,
                "repo_hash": "18f98d6f5899bda407e0df25cf34551e7633eef520af8f50770b3cd64a847f6a",
                "tools": {
                    "black": {
                        "cached": false,
                        "exit": 0,
                        "timed_out": false
                    },
                    "mypy": {
                        "cached": false,
                        "exit": 1,
                        "timed_out": false
                    },
                    "pyright": {
                        "cached": false,
                        "exit": 0,
                        "timed_out": false
                    },
                    "ruff_check": {
                        "cached": false,
                        "exit": 1,
                        "timed_out": false
                    },
                    "ruff_fix": {
                        "cached": false,
                        "exit": 1,
                        "timed_out": false
                    }
                }
            }
        },
        "timestamp": "2025-12-13T14:53:22.753934+00:00",
        "total_repos": 6
    },
    "tool_versions": {
        "black": "python -m black, 25.12.0 (compiled: yes)\nPython (CPython) 3.12.6",
        "mypy": "mypy 1.19.0 (compiled: yes)",
        "pyright": "pyright 1.1.407",
        "ruff": "ruff 0.14.9"
    },
    "workspace_root": "c:\\x_runner_x"
}